   3899 __USER_TEMPALTE__  30  10   14.8g 400184 225948 S   6.0   0.3   1:29.55 __PROCESS_TEMPLATE__
   8252 __USER_TEMPALTE__  20   0 1394.2g 429784 145120 S   3.0   0.3   2:53.96 __PROCESS_TEMPLATE__
   4158 __USER_TEMPALTE__  16  -4   12.7g 814124 369144 S   1.7   0.6   1:07.16 __PROCESS_TEMPLATE__
    214 __USER_TEMPALTE__      20   0       0      0      0 I   1.0   0.0   0:00.79 __PROCESS_TEMPLATE__
   4125 __USER_TEMPALTE__  20   0 1394.1g 246880 157660 S   0.7   0.2   0:18.03 __PROCESS_TEMPLATE__
  13350 __USER_TEMPALTE__  16  -4 1158824 187752 136944 S   0.7   0.1   0:01.39 __PROCESS_TEMPLATE__
  53077 __USER_TEMPALTE__      20   0       0      0      0 I   0.7   0.0   0:00.51 __PROCESS_TEMPLATE__
   1010 __USER_TEMPALTE__      15  -5  175856   9224   6516 S   0.3   0.0   0:01.33 __PROCESS_TEMPLATE__
   4041 __USER_TEMPALTE__  20   0  386428  11660   7616 S   0.3   0.0   0:02.50 __PROCESS_TEMPLATE__
   4313 __USER_TEMPALTE__  20   0  261.8g  81688  58272 S   0.3   0.1   0:01.12 __PROCESS_TEMPLATE__
   5739 __USER_TEMPALTE__  20   0   32.4g  83448  65772 S   0.3   0.1   0:01.72 __PROCESS_TEMPLATE__
   6251 __USER_TEMPALTE__  16  -4   49.2g 321424 159364 S   0.3   0.2   0:15.21 __PROCESS_TEMPLATE__
   7552 __USER_TEMPALTE__  20   0 1431.6g 411376 114636 S   0.3   0.3   2:04.25 __PROCESS_TEMPLATE__
  22210 __USER_TEMPALTE__      20   0       0      0      0 I   0.3   0.0   0:01.41 __PROCESS_TEMPLATE__
  27718 __USER_TEMPALTE__  20   0 4518596 135072 102960 S   0.3   0.1   0:05.58 __PROCESS_TEMPLATE__
  34590 __USER_TEMPALTE__  16  -4 4743320 981588 167576 S   0.3   0.7   0:07.20 __PROCESS_TEMPLATE__
  43312 __USER_TEMPALTE__      20   0       0      0      0 I   0.3   0.0   0:00.14 __PROCESS_TEMPLATE__
  54711 __USER_TEMPALTE__  30  10   11340   7976   5708 R   0.3   0.0   0:00.02 top
      1 __USER_TEMPALTE__      20   0   25860  14900   9928 S   0.0   0.0   0:01.07 __PROCESS_TEMPLATE__
      2 __USER_TEMPALTE__      20   0       0      0      0 S   0.0   0.0   0:00.01 __PROCESS_TEMPLATE__
      3 __USER_TEMPALTE__      20   0       0      0      0 S   0.0   0.0   0:00.00 __PROCESS_TEMPLATE__
      4 __USER_TEMPALTE__       0 -20       0      0      0 I   0.0   0.0   0:00.00 __PROCESS_TEMPLATE__
      5 __USER_TEMPALTE__       0 -20       0      0      0 I   0.0   0.0   0:00.00 __PROCESS_TEMPLATE__
      6 __USER_TEMPALTE__       0 -20       0      0      0 I   0.0   0.0   0:00.00 __PROCESS_TEMPLATE__
      7 __USER_TEMPALTE__       0 -20       0      0      0 I   0.0   0.0   0:00.00 __PROCESS_TEMPLATE__
      8 __USER_TEMPALTE__       0 -20       0      0      0 I   0.0   0.0   0:00.00 __PROCESS_TEMPLATE__
     10 __USER_TEMPALTE__      20   0       0      0      0 I   0.0   0.0   0:00.02 __PROCESS_TEMPLATE__
     11 __USER_TEMPALTE__       0 -20       0      0      0 I   0.0   0.0   0:00.00 __PROCESS_TEMPLATE__
     14 __USER_TEMPALTE__       0 -20       0      0      0 I   0.0   0.0   0:00.00 __PROCESS_TEMPLATE__
     15 __USER_TEMPALTE__      20   0       0      0      0 S   0.0   0.0   0:00.00 __PROCESS_TEMPLATE__
     16 __USER_TEMPALTE__      -2   0       0      0      0 I   0.0   0.0   0:00.69 __PROCESS_TEMPLATE__
     17 __USER_TEMPALTE__      -2   0       0      0      0 S   0.0   0.0   0:00.00 __PROCESS_TEMPLATE__
     18 __USER_TEMPALTE__      20   0       0      0      0 S   0.0   0.0   0:00.00 __PROCESS_TEMPLATE__
     19 __USER_TEMPALTE__      20   0       0      0      0 S   0.0   0.0   0:00.00 __PROCESS_TEMPLATE__
     20 __USER_TEMPALTE__      rt   0       0      0      0 S   0.0   0.0   0:00.05 __PROCESS_TEMPLATE__
     21 __USER_TEMPALTE__     -51   0       0      0      0 S   0.0   0.0   0:00.00 __PROCESS_TEMPLATE__
     22 __USER_TEMPALTE__      20   0       0      0      0 S   0.0   0.0   0:00.00 __PROCESS_TEMPLATE__
     23 __USER_TEMPALTE__      20   0       0      0      0 S   0.0   0.0   0:00.00 __PROCESS_TEMPLATE__
        3899 __USER_TEMPALTE__  30  10   14.8g 400184 225948 S   6.0   0.3   1:29.55 __PROCESS_TEMPLATE__
   567 __USER_TEMPALTE__  20   0 1394.2g 429784 145120 S   3.0   0.3   2:53.96 __PROCESS_TEMPLATE__
   2687 __USER_TEMPALTE__  16  -4   12.7g 814124 369144 S   1.7   0.6   1:07.16 __PROCESS_TEMPLATE__
    456 __USER_TEMPALTE__      20   0       0      0      0 I   1.0   0.0   0:00.79 __PROCESS_TEMPLATE__
   7443 __USER_TEMPALTE__  20   0 1394.1g 246880 157660 S   0.7   0.2   0:18.03 __PROCESS_TEMPLATE__
  45643 __USER_TEMPALTE__  16  -4 1158824 187752 136944 S   0.7   0.1   0:01.39 __PROCESS_TEMPLATE__
  8984 __USER_TEMPALTE__      20   0       0      0      0 I   0.7   0.0   0:00.51 __PROCESS_TEMPLATE__
   536140 __USER_TEMPALTE__      15  -5  175856   9224   6516 S   0.3   0.0   0:01.33 __PROCESS_TEMPLATE__
   345 __USER_TEMPALTE__  20   0  386428  11660   7616 S   0.3   0.0   0:02.50 __PROCESS_TEMPLATE__
   34677 __USER_TEMPALTE__  20   0  261.8g  81688  58272 S   0.3   0.1   0:01.12 __PROCESS_TEMPLATE__
   3456 __USER_TEMPALTE__  20   0   32.4g  83448  65772 S   0.3   0.1   0:01.72 __PROCESS_TEMPLATE__
   3456 __USER_TEMPALTE__  16  -4   49.2g 321424 159364 S   0.3   0.2   0:15.21 __PROCESS_TEMPLATE__
   7552 __USER_TEMPALTE__  20   0 1431.6g 411376 114636 S   0.3   0.3   2:04.25 __PROCESS_TEMPLATE__
  345563 __USER_TEMPALTE__      20   0       0      0      0 I   0.3   0.0   0:01.41 __PROCESS_TEMPLATE__
  34563 __USER_TEMPALTE__  20   0 4518596 135072 102960 S   0.3   0.1   0:05.58 __PROCESS_TEMPLATE__
  34590 __USER_TEMPALTE__  16  -4 4743320 981588 167576 S   0.3   0.7   0:07.20 __PROCESS_TEMPLATE__
  4432 __USER_TEMPALTE__      20   0       0      0      0 I   0.3   0.0   0:00.14 __PROCESS_TEMPLATE__
  345 __USER_TEMPALTE__  30  10   11340   7976   5708 R   0.3   0.0   0:00.02 top
     3899 __USER_TEMPALTE__  30  10   14.8g 400184 225948 S   6.0   0.3   1:29.55 __PROCESS_TEMPLATE__
   8252 __USER_TEMPALTE__  20   0 1394.2g 429784 145120 S   3.0   0.3   2:53.96 __PROCESS_TEMPLATE__
   4158 __USER_TEMPALTE__  16  -4   12.7g 814124 369144 S   1.7   0.6   1:07.16 __PROCESS_TEMPLATE__
    214 __USER_TEMPALTE__      20   0       0      0      0 I   1.0   0.0   0:00.79 __PROCESS_TEMPLATE__
   4125 __USER_TEMPALTE__  20   0 1394.1g 246880 157660 S   0.7   0.2   0:18.03 __PROCESS_TEMPLATE__
  13350 __USER_TEMPALTE__  16  -4 1158824 187752 136944 S   0.7   0.1   0:01.39 __PROCESS_TEMPLATE__
  53077 __USER_TEMPALTE__      20   0       0      0      0 I   0.7   0.0   0:00.51 __PROCESS_TEMPLATE__
   1010 __USER_TEMPALTE__      15  -5  175856   9224   6516 S   0.3   0.0   0:01.33 __PROCESS_TEMPLATE__
   4041 __USER_TEMPALTE__  20   0  386428  11660   7616 S   0.3   0.0   0:02.50 __PROCESS_TEMPLATE__
   4313 __USER_TEMPALTE__  20   0  261.8g  81688  58272 S   0.3   0.1   0:01.12 __PROCESS_TEMPLATE__
   5739 __USER_TEMPALTE__  20   0   32.4g  83448  65772 S   0.3   0.1   0:01.72 __PROCESS_TEMPLATE__
   6251 __USER_TEMPALTE__  16  -4   49.2g 321424 159364 S   0.3   0.2   0:15.21 __PROCESS_TEMPLATE__
   7552 __USER_TEMPALTE__  20   0 1431.6g 411376 114636 S   0.3   0.3   2:04.25 __PROCESS_TEMPLATE__
  22210 __USER_TEMPALTE__      20   0       0      0      0 I   0.3   0.0   0:01.41 __PROCESS_TEMPLATE__
  27718 __USER_TEMPALTE__  20   0 4518596 135072 102960 S   0.3   0.1   0:05.58 __PROCESS_TEMPLATE__
  34590 __USER_TEMPALTE__  16  -4 4743320 981588 167576 S   0.3   0.7   0:07.20 __PROCESS_TEMPLATE__
  43312 __USER_TEMPALTE__      20   0       0      0      0 I   0.3   0.0   0:00.14 __PROCESS_TEMPLATE__
  54711 __USER_TEMPALTE__  30  10   11340   7976   5708 R   0.3   0.0   0:00.02 top
     3899 __USER_TEMPALTE__  30  10   14.8g 400184 225948 S   6.0   0.3   1:29.55 __PROCESS_TEMPLATE__
   8252 __USER_TEMPALTE__  20   0 1394.2g 429784 145120 S   3.0   0.3   2:53.96 __PROCESS_TEMPLATE__
   4158 __USER_TEMPALTE__  16  -4   12.7g 814124 369144 S   1.7   0.6   1:07.16 __PROCESS_TEMPLATE__
    214 __USER_TEMPALTE__      20   0       0      0      0 I   1.0   0.0   0:00.79 __PROCESS_TEMPLATE__
   4125 __USER_TEMPALTE__  20   0 1394.1g 246880 157660 S   0.7   0.2   0:18.03 __PROCESS_TEMPLATE__
  13350 __USER_TEMPALTE__  16  -4 1158824 187752 136944 S   0.7   0.1   0:01.39 __PROCESS_TEMPLATE__
  53077 __USER_TEMPALTE__      20   0       0      0      0 I   0.7   0.0   0:00.51 __PROCESS_TEMPLATE__
   1010 __USER_TEMPALTE__      15  -5  175856   9224   6516 S   0.3   0.0   0:01.33 __PROCESS_TEMPLATE__
   4041 __USER_TEMPALTE__  20   0  386428  11660   7616 S   0.3   0.0   0:02.50 __PROCESS_TEMPLATE__
   4313 __USER_TEMPALTE__  20   0  261.8g  81688  58272 S   0.3   0.1   0:01.12 __PROCESS_TEMPLATE__
   5739 __USER_TEMPALTE__  20   0   32.4g  83448  65772 S   0.3   0.1   0:01.72 __PROCESS_TEMPLATE__
   6251 __USER_TEMPALTE__  16  -4   49.2g 321424 159364 S   0.3   0.2   0:15.21 __PROCESS_TEMPLATE__
   7552 __USER_TEMPALTE__  20   0 1431.6g 411376 114636 S   0.3   0.3   2:04.25 __PROCESS_TEMPLATE__
  22210 __USER_TEMPALTE__      20   0       0      0      0 I   0.3   0.0   0:01.41 __PROCESS_TEMPLATE__
  27718 __USER_TEMPALTE__  20   0 4518596 135072 102960 S   0.3   0.1   0:05.58 __PROCESS_TEMPLATE__
  34590 __USER_TEMPALTE__  16  -4 4743320 981588 167576 S   0.3   0.7   0:07.20 __PROCESS_TEMPLATE__
  43312 __USER_TEMPALTE__      20   0       0      0      0 I   0.3   0.0   0:00.14 __PROCESS_TEMPLATE__
  54711 __USER_TEMPALTE__  30  10   11340   7976   5708 R   0.3   0.0   0:00.02 top
     3899 __USER_TEMPALTE__  30  10   14.8g 400184 225948 S   6.0   0.3   1:29.55 __PROCESS_TEMPLATE__
   8252 __USER_TEMPALTE__  20   0 1394.2g 429784 145120 S   3.0   0.3   2:53.96 __PROCESS_TEMPLATE__
   4158 __USER_TEMPALTE__  16  -4   12.7g 814124 369144 S   1.7   0.6   1:07.16 __PROCESS_TEMPLATE__
    214 __USER_TEMPALTE__      20   0       0      0      0 I   1.0   0.0   0:00.79 __PROCESS_TEMPLATE__
   4125 __USER_TEMPALTE__  20   0 1394.1g 246880 157660 S   0.7   0.2   0:18.03 __PROCESS_TEMPLATE__
  13350 __USER_TEMPALTE__  16  -4 1158824 187752 136944 S   0.7   0.1   0:01.39 __PROCESS_TEMPLATE__
  53077 __USER_TEMPALTE__      20   0       0      0      0 I   0.7   0.0   0:00.51 __PROCESS_TEMPLATE__
   1010 __USER_TEMPALTE__      15  -5  175856   9224   6516 S   0.3   0.0   0:01.33 __PROCESS_TEMPLATE__
   4041 __USER_TEMPALTE__  20   0  386428  11660   7616 S   0.3   0.0   0:02.50 __PROCESS_TEMPLATE__
   4313 __USER_TEMPALTE__  20   0  261.8g  81688  58272 S   0.3   0.1   0:01.12 __PROCESS_TEMPLATE__
   5739 __USER_TEMPALTE__  20   0   32.4g  83448  65772 S   0.3   0.1   0:01.72 __PROCESS_TEMPLATE__
   6251 __USER_TEMPALTE__  16  -4   49.2g 321424 159364 S   0.3   0.2   0:15.21 __PROCESS_TEMPLATE__
   7552 __USER_TEMPALTE__  20   0 1431.6g 411376 114636 S   0.3   0.3   2:04.25 __PROCESS_TEMPLATE__
  22210 __USER_TEMPALTE__      20   0       0      0      0 I   0.3   0.0   0:01.41 __PROCESS_TEMPLATE__
  27718 __USER_TEMPALTE__  20   0 4518596 135072 102960 S   0.3   0.1   0:05.58 __PROCESS_TEMPLATE__
  34590 __USER_TEMPALTE__  16  -4 4743320 981588 167576 S   0.3   0.7   0:07.20 __PROCESS_TEMPLATE__
  43312 __USER_TEMPALTE__      20   0       0      0      0 I   0.3   0.0   0:00.14 __PROCESS_TEMPLATE__
  54711 __USER_TEMPALTE__  30  10   11340   7976   5708 R   0.3   0.0   0:00.02 top
   3899 __USER_TEMPALTE__  30  10   14.8g 400184 225948 S   6.0   0.3   1:29.55 __PROCESS_TEMPLATE__
   8252 __USER_TEMPALTE__  20   0 1394.2g 429784 145120 S   3.0   0.3   2:53.96 __PROCESS_TEMPLATE__
   4158 __USER_TEMPALTE__  16  -4   12.7g 814124 369144 S   1.7   0.6   1:07.16 __PROCESS_TEMPLATE__
    214 __USER_TEMPALTE__      20   0       0      0      0 I   1.0   0.0   0:00.79 __PROCESS_TEMPLATE__
   4125 __USER_TEMPALTE__  20   0 1394.1g 246880 157660 S   0.7   0.2   0:18.03 __PROCESS_TEMPLATE__
  13350 __USER_TEMPALTE__  16  -4 1158824 187752 136944 S   0.7   0.1   0:01.39 __PROCESS_TEMPLATE__
  53077 __USER_TEMPALTE__      20   0       0      0      0 I   0.7   0.0   0:00.51 __PROCESS_TEMPLATE__
   1010 __USER_TEMPALTE__      15  -5  175856   9224   6516 S   0.3   0.0   0:01.33 __PROCESS_TEMPLATE__
   4041 __USER_TEMPALTE__  20   0  386428  11660   7616 S   0.3   0.0   0:02.50 __PROCESS_TEMPLATE__
   4313 __USER_TEMPALTE__  20   0  261.8g  81688  58272 S   0.3   0.1   0:01.12 __PROCESS_TEMPLATE__
   5739 __USER_TEMPALTE__  20   0   32.4g  83448  65772 S   0.3   0.1   0:01.72 __PROCESS_TEMPLATE__
   6251 __USER_TEMPALTE__  16  -4   49.2g 321424 159364 S   0.3   0.2   0:15.21 __PROCESS_TEMPLATE__
   7552 __USER_TEMPALTE__  20   0 1431.6g 411376 114636 S   0.3   0.3   2:04.25 __PROCESS_TEMPLATE__
  22210 __USER_TEMPALTE__      20   0       0      0      0 I   0.3   0.0   0:01.41 __PROCESS_TEMPLATE__
  27718 __USER_TEMPALTE__  20   0 4518596 135072 102960 S   0.3   0.1   0:05.58 __PROCESS_TEMPLATE__
  34590 __USER_TEMPALTE__  16  -4 4743320 981588 167576 S   0.3   0.7   0:07.20 __PROCESS_TEMPLATE__
  43312 __USER_TEMPALTE__      20   0       0      0      0 I   0.3   0.0   0:00.14 __PROCESS_TEMPLATE__
  54711 __USER_TEMPALTE__  30  10   11340   7976   5708 R   0.3   0.0   0:00.02 top
      1 __USER_TEMPALTE__      20   0   25860  14900   9928 S   0.0   0.0   0:01.07 __PROCESS_TEMPLATE__
      2 __USER_TEMPALTE__      20   0       0      0      0 S   0.0   0.0   0:00.01 __PROCESS_TEMPLATE__
      3 __USER_TEMPALTE__      20   0       0      0      0 S   0.0   0.0   0:00.00 __PROCESS_TEMPLATE__
      4 __USER_TEMPALTE__       0 -20       0      0      0 I   0.0   0.0   0:00.00 __PROCESS_TEMPLATE__
      5 __USER_TEMPALTE__       0 -20       0      0      0 I   0.0   0.0   0:00.00 __PROCESS_TEMPLATE__
      6 __USER_TEMPALTE__       0 -20       0      0      0 I   0.0   0.0   0:00.00 __PROCESS_TEMPLATE__
      7 __USER_TEMPALTE__       0 -20       0      0      0 I   0.0   0.0   0:00.00 __PROCESS_TEMPLATE__
      8 __USER_TEMPALTE__       0 -20       0      0      0 I   0.0   0.0   0:00.00 __PROCESS_TEMPLATE__
     10 __USER_TEMPALTE__      20   0       0      0      0 I   0.0   0.0   0:00.02 __PROCESS_TEMPLATE__
     11 __USER_TEMPALTE__       0 -20       0      0      0 I   0.0   0.0   0:00.00 __PROCESS_TEMPLATE__
     14 __USER_TEMPALTE__       0 -20       0      0      0 I   0.0   0.0   0:00.00 __PROCESS_TEMPLATE__
     15 __USER_TEMPALTE__      20   0       0      0      0 S   0.0   0.0   0:00.00 __PROCESS_TEMPLATE__
     16 __USER_TEMPALTE__      -2   0       0      0      0 I   0.0   0.0   0:00.69 __PROCESS_TEMPLATE__
     17 __USER_TEMPALTE__      -2   0       0      0      0 S   0.0   0.0   0:00.00 __PROCESS_TEMPLATE__
     18 __USER_TEMPALTE__      20   0       0      0      0 S   0.0   0.0   0:00.00 __PROCESS_TEMPLATE__
     19 __USER_TEMPALTE__      20   0       0      0      0 S   0.0   0.0   0:00.00 __PROCESS_TEMPLATE__
     20 __USER_TEMPALTE__      rt   0       0      0      0 S   0.0   0.0   0:00.05 __PROCESS_TEMPLATE__
     21 __USER_TEMPALTE__     -51   0       0      0      0 S   0.0   0.0   0:00.00 __PROCESS_TEMPLATE__
     22 __USER_TEMPALTE__      20   0       0      0      0 S   0.0   0.0   0:00.00 __PROCESS_TEMPLATE__
     23 __USER_TEMPALTE__      20   0       0      0      0 S   0.0   0.0   0:00.00 __PROCESS_TEMPLATE__
        3899 __USER_TEMPALTE__  30  10   14.8g 400184 225948 S   6.0   0.3   1:29.55 __PROCESS_TEMPLATE__
   567 __USER_TEMPALTE__  20   0 1394.2g 429784 145120 S   3.0   0.3   2:53.96 __PROCESS_TEMPLATE__
   2687 __USER_TEMPALTE__  16  -4   12.7g 814124 369144 S   1.7   0.6   1:07.16 __PROCESS_TEMPLATE__
    456 __USER_TEMPALTE__      20   0       0      0      0 I   1.0   0.0   0:00.79 __PROCESS_TEMPLATE__
   7443 __USER_TEMPALTE__  20   0 1394.1g 246880 157660 S   0.7   0.2   0:18.03 __PROCESS_TEMPLATE__
  45643 __USER_TEMPALTE__  16  -4 1158824 187752 136944 S   0.7   0.1   0:01.39 __PROCESS_TEMPLATE__
  8984 __USER_TEMPALTE__      20   0       0      0      0 I   0.7   0.0   0:00.51 __PROCESS_TEMPLATE__
   536140 __USER_TEMPALTE__      15  -5  175856   9224   6516 S   0.3   0.0   0:01.33 __PROCESS_TEMPLATE__
   345 __USER_TEMPALTE__  20   0  386428  11660   7616 S   0.3   0.0   0:02.50 __PROCESS_TEMPLATE__
   34677 __USER_TEMPALTE__  20   0  261.8g  81688  58272 S   0.3   0.1   0:01.12 __PROCESS_TEMPLATE__
   3456 __USER_TEMPALTE__  20   0   32.4g  83448  65772 S   0.3   0.1   0:01.72 __PROCESS_TEMPLATE__
   3456 __USER_TEMPALTE__  16  -4   49.2g 321424 159364 S   0.3   0.2   0:15.21 __PROCESS_TEMPLATE__
   7552 __USER_TEMPALTE__  20   0 1431.6g 411376 114636 S   0.3   0.3   2:04.25 __PROCESS_TEMPLATE__
  345563 __USER_TEMPALTE__      20   0       0      0      0 I   0.3   0.0   0:01.41 __PROCESS_TEMPLATE__
  34563 __USER_TEMPALTE__  20   0 4518596 135072 102960 S   0.3   0.1   0:05.58 __PROCESS_TEMPLATE__
  34590 __USER_TEMPALTE__  16  -4 4743320 981588 167576 S   0.3   0.7   0:07.20 __PROCESS_TEMPLATE__
  4432 __USER_TEMPALTE__      20   0       0      0      0 I   0.3   0.0   0:00.14 __PROCESS_TEMPLATE__
  345 __USER_TEMPALTE__  30  10   11340   7976   5708 R   0.3   0.0   0:00.02 top
     3899 __USER_TEMPALTE__  30  10   14.8g 400184 225948 S   6.0   0.3   1:29.55 __PROCESS_TEMPLATE__
   8252 __USER_TEMPALTE__  20   0 1394.2g 429784 145120 S   3.0   0.3   2:53.96 __PROCESS_TEMPLATE__
   4158 __USER_TEMPALTE__  16  -4   12.7g 814124 369144 S   1.7   0.6   1:07.16 __PROCESS_TEMPLATE__
    214 __USER_TEMPALTE__      20   0       0      0      0 I   1.0   0.0   0:00.79 __PROCESS_TEMPLATE__
   4125 __USER_TEMPALTE__  20   0 1394.1g 246880 157660 S   0.7   0.2   0:18.03 __PROCESS_TEMPLATE__
  13350 __USER_TEMPALTE__  16  -4 1158824 187752 136944 S   0.7   0.1   0:01.39 __PROCESS_TEMPLATE__
  53077 __USER_TEMPALTE__      20   0       0      0      0 I   0.7   0.0   0:00.51 __PROCESS_TEMPLATE__
   1010 __USER_TEMPALTE__      15  -5  175856   9224   6516 S   0.3   0.0   0:01.33 __PROCESS_TEMPLATE__
   4041 __USER_TEMPALTE__  20   0  386428  11660   7616 S   0.3   0.0   0:02.50 __PROCESS_TEMPLATE__
   4313 __USER_TEMPALTE__  20   0  261.8g  81688  58272 S   0.3   0.1   0:01.12 __PROCESS_TEMPLATE__
   5739 __USER_TEMPALTE__  20   0   32.4g  83448  65772 S   0.3   0.1   0:01.72 __PROCESS_TEMPLATE__
   6251 __USER_TEMPALTE__  16  -4   49.2g 321424 159364 S   0.3   0.2   0:15.21 __PROCESS_TEMPLATE__
   7552 __USER_TEMPALTE__  20   0 1431.6g 411376 114636 S   0.3   0.3   2:04.25 __PROCESS_TEMPLATE__
  22210 __USER_TEMPALTE__      20   0       0      0      0 I   0.3   0.0   0:01.41 __PROCESS_TEMPLATE__
  27718 __USER_TEMPALTE__  20   0 4518596 135072 102960 S   0.3   0.1   0:05.58 __PROCESS_TEMPLATE__
  34590 __USER_TEMPALTE__  16  -4 4743320 981588 167576 S   0.3   0.7   0:07.20 __PROCESS_TEMPLATE__
  43312 __USER_TEMPALTE__      20   0       0      0      0 I   0.3   0.0   0:00.14 __PROCESS_TEMPLATE__
  54711 __USER_TEMPALTE__  30  10   11340   7976   5708 R   0.3   0.0   0:00.02 top
     3899 __USER_TEMPALTE__  30  10   14.8g 400184 225948 S   6.0   0.3   1:29.55 __PROCESS_TEMPLATE__
   8252 __USER_TEMPALTE__  20   0 1394.2g 429784 145120 S   3.0   0.3   2:53.96 __PROCESS_TEMPLATE__
   4158 __USER_TEMPALTE__  16  -4   12.7g 814124 369144 S   1.7   0.6   1:07.16 __PROCESS_TEMPLATE__
    214 __USER_TEMPALTE__      20   0       0      0      0 I   1.0   0.0   0:00.79 __PROCESS_TEMPLATE__
   4125 __USER_TEMPALTE__  20   0 1394.1g 246880 157660 S   0.7   0.2   0:18.03 __PROCESS_TEMPLATE__
  13350 __USER_TEMPALTE__  16  -4 1158824 187752 136944 S   0.7   0.1   0:01.39 __PROCESS_TEMPLATE__
  53077 __USER_TEMPALTE__      20   0       0      0      0 I   0.7   0.0   0:00.51 __PROCESS_TEMPLATE__
   1010 __USER_TEMPALTE__      15  -5  175856   9224   6516 S   0.3   0.0   0:01.33 __PROCESS_TEMPLATE__
   4041 __USER_TEMPALTE__  20   0  386428  11660   7616 S   0.3   0.0   0:02.50 __PROCESS_TEMPLATE__
   4313 __USER_TEMPALTE__  20   0  261.8g  81688  58272 S   0.3   0.1   0:01.12 __PROCESS_TEMPLATE__
   5739 __USER_TEMPALTE__  20   0   32.4g  83448  65772 S   0.3   0.1   0:01.72 __PROCESS_TEMPLATE__
   6251 __USER_TEMPALTE__  16  -4   49.2g 321424 159364 S   0.3   0.2   0:15.21 __PROCESS_TEMPLATE__
   7552 __USER_TEMPALTE__  20   0 1431.6g 411376 114636 S   0.3   0.3   2:04.25 __PROCESS_TEMPLATE__
  22210 __USER_TEMPALTE__      20   0       0      0      0 I   0.3   0.0   0:01.41 __PROCESS_TEMPLATE__
  27718 __USER_TEMPALTE__  20   0 4518596 135072 102960 S   0.3   0.1   0:05.58 __PROCESS_TEMPLATE__
  34590 __USER_TEMPALTE__  16  -4 4743320 981588 167576 S   0.3   0.7   0:07.20 __PROCESS_TEMPLATE__
  43312 __USER_TEMPALTE__      20   0       0      0      0 I   0.3   0.0   0:00.14 __PROCESS_TEMPLATE__
  54711 __USER_TEMPALTE__  30  10   11340   7976   5708 R   0.3   0.0   0:00.02 top
     3899 __USER_TEMPALTE__  30  10   14.8g 400184 225948 S   6.0   0.3   1:29.55 __PROCESS_TEMPLATE__
   8252 __USER_TEMPALTE__  20   0 1394.2g 429784 145120 S   3.0   0.3   2:53.96 __PROCESS_TEMPLATE__
   4158 __USER_TEMPALTE__  16  -4   12.7g 814124 369144 S   1.7   0.6   1:07.16 __PROCESS_TEMPLATE__
    214 __USER_TEMPALTE__      20   0       0      0      0 I   1.0   0.0   0:00.79 __PROCESS_TEMPLATE__
   4125 __USER_TEMPALTE__  20   0 1394.1g 246880 157660 S   0.7   0.2   0:18.03 __PROCESS_TEMPLATE__
  13350 __USER_TEMPALTE__  16  -4 1158824 187752 136944 S   0.7   0.1   0:01.39 __PROCESS_TEMPLATE__
  53077 __USER_TEMPALTE__      20   0       0      0      0 I   0.7   0.0   0:00.51 __PROCESS_TEMPLATE__
   1010 __USER_TEMPALTE__      15  -5  175856   9224   6516 S   0.3   0.0   0:01.33 __PROCESS_TEMPLATE__
   4041 __USER_TEMPALTE__  20   0  386428  11660   7616 S   0.3   0.0   0:02.50 __PROCESS_TEMPLATE__
   4313 __USER_TEMPALTE__  20   0  261.8g  81688  58272 S   0.3   0.1   0:01.12 __PROCESS_TEMPLATE__
   5739 __USER_TEMPALTE__  20   0   32.4g  83448  65772 S   0.3   0.1   0:01.72 __PROCESS_TEMPLATE__
   6251 __USER_TEMPALTE__  16  -4   49.2g 321424 159364 S   0.3   0.2   0:15.21 __PROCESS_TEMPLATE__
   7552 __USER_TEMPALTE__  20   0 1431.6g 411376 114636 S   0.3   0.3   2:04.25 __PROCESS_TEMPLATE__
  22210 __USER_TEMPALTE__      20   0       0      0      0 I   0.3   0.0   0:01.41 __PROCESS_TEMPLATE__
  27718 __USER_TEMPALTE__  20   0 4518596 135072 102960 S   0.3   0.1   0:05.58 __PROCESS_TEMPLATE__
  34590 __USER_TEMPALTE__  16  -4 4743320 981588 167576 S   0.3   0.7   0:07.20 __PROCESS_TEMPLATE__
  43312 __USER_TEMPALTE__      20   0       0      0      0 I   0.3   0.0   0:00.14 __PROCESS_TEMPLATE__
  54711 __USER_TEMPALTE__  30  10   11340   7976   5708 R   0.3   0.0   0:00.02 top
   3899 __USER_TEMPALTE__  30  10   14.8g 400184 225948 S   6.0   0.3   1:29.55 __PROCESS_TEMPLATE__
   8252 __USER_TEMPALTE__  20   0 1394.2g 429784 145120 S   3.0   0.3   2:53.96 __PROCESS_TEMPLATE__
   4158 __USER_TEMPALTE__  16  -4   12.7g 814124 369144 S   1.7   0.6   1:07.16 __PROCESS_TEMPLATE__
    214 __USER_TEMPALTE__      20   0       0      0      0 I   1.0   0.0   0:00.79 __PROCESS_TEMPLATE__
   4125 __USER_TEMPALTE__  20   0 1394.1g 246880 157660 S   0.7   0.2   0:18.03 __PROCESS_TEMPLATE__
  13350 __USER_TEMPALTE__  16  -4 1158824 187752 136944 S   0.7   0.1   0:01.39 __PROCESS_TEMPLATE__
  53077 __USER_TEMPALTE__      20   0       0      0      0 I   0.7   0.0   0:00.51 __PROCESS_TEMPLATE__
   1010 __USER_TEMPALTE__      15  -5  175856   9224   6516 S   0.3   0.0   0:01.33 __PROCESS_TEMPLATE__
   4041 __USER_TEMPALTE__  20   0  386428  11660   7616 S   0.3   0.0   0:02.50 __PROCESS_TEMPLATE__
   4313 __USER_TEMPALTE__  20   0  261.8g  81688  58272 S   0.3   0.1   0:01.12 __PROCESS_TEMPLATE__
   5739 __USER_TEMPALTE__  20   0   32.4g  83448  65772 S   0.3   0.1   0:01.72 __PROCESS_TEMPLATE__
   6251 __USER_TEMPALTE__  16  -4   49.2g 321424 159364 S   0.3   0.2   0:15.21 __PROCESS_TEMPLATE__
   7552 __USER_TEMPALTE__  20   0 1431.6g 411376 114636 S   0.3   0.3   2:04.25 __PROCESS_TEMPLATE__
  22210 __USER_TEMPALTE__      20   0       0      0      0 I   0.3   0.0   0:01.41 __PROCESS_TEMPLATE__
  27718 __USER_TEMPALTE__  20   0 4518596 135072 102960 S   0.3   0.1   0:05.58 __PROCESS_TEMPLATE__
  34590 __USER_TEMPALTE__  16  -4 4743320 981588 167576 S   0.3   0.7   0:07.20 __PROCESS_TEMPLATE__
  43312 __USER_TEMPALTE__      20   0       0      0      0 I   0.3   0.0   0:00.14 __PROCESS_TEMPLATE__
  54711 __USER_TEMPALTE__  30  10   11340   7976   5708 R   0.3   0.0   0:00.02 top
      1 __USER_TEMPALTE__      20   0   25860  14900   9928 S   0.0   0.0   0:01.07 __PROCESS_TEMPLATE__
      2 __USER_TEMPALTE__      20   0       0      0      0 S   0.0   0.0   0:00.01 __PROCESS_TEMPLATE__
      3 __USER_TEMPALTE__      20   0       0      0      0 S   0.0   0.0   0:00.00 __PROCESS_TEMPLATE__
      4 __USER_TEMPALTE__       0 -20       0      0      0 I   0.0   0.0   0:00.00 __PROCESS_TEMPLATE__
      5 __USER_TEMPALTE__       0 -20       0      0      0 I   0.0   0.0   0:00.00 __PROCESS_TEMPLATE__
      6 __USER_TEMPALTE__       0 -20       0      0      0 I   0.0   0.0   0:00.00 __PROCESS_TEMPLATE__
      7 __USER_TEMPALTE__       0 -20       0      0      0 I   0.0   0.0   0:00.00 __PROCESS_TEMPLATE__
      8 __USER_TEMPALTE__       0 -20       0      0      0 I   0.0   0.0   0:00.00 __PROCESS_TEMPLATE__
     10 __USER_TEMPALTE__      20   0       0      0      0 I   0.0   0.0   0:00.02 __PROCESS_TEMPLATE__
     11 __USER_TEMPALTE__       0 -20       0      0      0 I   0.0   0.0   0:00.00 __PROCESS_TEMPLATE__
     14 __USER_TEMPALTE__       0 -20       0      0      0 I   0.0   0.0   0:00.00 __PROCESS_TEMPLATE__
     15 __USER_TEMPALTE__      20   0       0      0      0 S   0.0   0.0   0:00.00 __PROCESS_TEMPLATE__
     16 __USER_TEMPALTE__      -2   0       0      0      0 I   0.0   0.0   0:00.69 __PROCESS_TEMPLATE__
     17 __USER_TEMPALTE__      -2   0       0      0      0 S   0.0   0.0   0:00.00 __PROCESS_TEMPLATE__
     18 __USER_TEMPALTE__      20   0       0      0      0 S   0.0   0.0   0:00.00 __PROCESS_TEMPLATE__
     19 __USER_TEMPALTE__      20   0       0      0      0 S   0.0   0.0   0:00.00 __PROCESS_TEMPLATE__
     20 __USER_TEMPALTE__      rt   0       0      0      0 S   0.0   0.0   0:00.05 __PROCESS_TEMPLATE__
     21 __USER_TEMPALTE__     -51   0       0      0      0 S   0.0   0.0   0:00.00 __PROCESS_TEMPLATE__
     22 __USER_TEMPALTE__      20   0       0      0      0 S   0.0   0.0   0:00.00 __PROCESS_TEMPLATE__
     23 __USER_TEMPALTE__      20   0       0      0      0 S   0.0   0.0   0:00.00 __PROCESS_TEMPLATE__
        3899 __USER_TEMPALTE__  30  10   14.8g 400184 225948 S   6.0   0.3   1:29.55 __PROCESS_TEMPLATE__
   567 __USER_TEMPALTE__  20   0 1394.2g 429784 145120 S   3.0   0.3   2:53.96 __PROCESS_TEMPLATE__
   2687 __USER_TEMPALTE__  16  -4   12.7g 814124 369144 S   1.7   0.6   1:07.16 __PROCESS_TEMPLATE__
    456 __USER_TEMPALTE__      20   0       0      0      0 I   1.0   0.0   0:00.79 __PROCESS_TEMPLATE__
   7443 __USER_TEMPALTE__  20   0 1394.1g 246880 157660 S   0.7   0.2   0:18.03 __PROCESS_TEMPLATE__
  45643 __USER_TEMPALTE__  16  -4 1158824 187752 136944 S   0.7   0.1   0:01.39 __PROCESS_TEMPLATE__
  8984 __USER_TEMPALTE__      20   0       0      0      0 I   0.7   0.0   0:00.51 __PROCESS_TEMPLATE__
   536140 __USER_TEMPALTE__      15  -5  175856   9224   6516 S   0.3   0.0   0:01.33 __PROCESS_TEMPLATE__
   345 __USER_TEMPALTE__  20   0  386428  11660   7616 S   0.3   0.0   0:02.50 __PROCESS_TEMPLATE__
   34677 __USER_TEMPALTE__  20   0  261.8g  81688  58272 S   0.3   0.1   0:01.12 __PROCESS_TEMPLATE__
   3456 __USER_TEMPALTE__  20   0   32.4g  83448  65772 S   0.3   0.1   0:01.72 __PROCESS_TEMPLATE__
   3456 __USER_TEMPALTE__  16  -4   49.2g 321424 159364 S   0.3   0.2   0:15.21 __PROCESS_TEMPLATE__
   7552 __USER_TEMPALTE__  20   0 1431.6g 411376 114636 S   0.3   0.3   2:04.25 __PROCESS_TEMPLATE__
  345563 __USER_TEMPALTE__      20   0       0      0      0 I   0.3   0.0   0:01.41 __PROCESS_TEMPLATE__
  34563 __USER_TEMPALTE__  20   0 4518596 135072 102960 S   0.3   0.1   0:05.58 __PROCESS_TEMPLATE__
  34590 __USER_TEMPALTE__  16  -4 4743320 981588 167576 S   0.3   0.7   0:07.20 __PROCESS_TEMPLATE__
  4432 __USER_TEMPALTE__      20   0       0      0      0 I   0.3   0.0   0:00.14 __PROCESS_TEMPLATE__
  345 __USER_TEMPALTE__  30  10   11340   7976   5708 R   0.3   0.0   0:00.02 top
     3899 __USER_TEMPALTE__  30  10   14.8g 400184 225948 S   6.0   0.3   1:29.55 __PROCESS_TEMPLATE__
   8252 __USER_TEMPALTE__  20   0 1394.2g 429784 145120 S   3.0   0.3   2:53.96 __PROCESS_TEMPLATE__
   4158 __USER_TEMPALTE__  16  -4   12.7g 814124 369144 S   1.7   0.6   1:07.16 __PROCESS_TEMPLATE__
    214 __USER_TEMPALTE__      20   0       0      0      0 I   1.0   0.0   0:00.79 __PROCESS_TEMPLATE__
   4125 __USER_TEMPALTE__  20   0 1394.1g 246880 157660 S   0.7   0.2   0:18.03 __PROCESS_TEMPLATE__
  13350 __USER_TEMPALTE__  16  -4 1158824 187752 136944 S   0.7   0.1   0:01.39 __PROCESS_TEMPLATE__
  53077 __USER_TEMPALTE__      20   0       0      0      0 I   0.7   0.0   0:00.51 __PROCESS_TEMPLATE__
   1010 __USER_TEMPALTE__      15  -5  175856   9224   6516 S   0.3   0.0   0:01.33 __PROCESS_TEMPLATE__
   4041 __USER_TEMPALTE__  20   0  386428  11660   7616 S   0.3   0.0   0:02.50 __PROCESS_TEMPLATE__
   4313 __USER_TEMPALTE__  20   0  261.8g  81688  58272 S   0.3   0.1   0:01.12 __PROCESS_TEMPLATE__
   5739 __USER_TEMPALTE__  20   0   32.4g  83448  65772 S   0.3   0.1   0:01.72 __PROCESS_TEMPLATE__
   6251 __USER_TEMPALTE__  16  -4   49.2g 321424 159364 S   0.3   0.2   0:15.21 __PROCESS_TEMPLATE__
   7552 __USER_TEMPALTE__  20   0 1431.6g 411376 114636 S   0.3   0.3   2:04.25 __PROCESS_TEMPLATE__
  22210 __USER_TEMPALTE__      20   0       0      0      0 I   0.3   0.0   0:01.41 __PROCESS_TEMPLATE__
  27718 __USER_TEMPALTE__  20   0 4518596 135072 102960 S   0.3   0.1   0:05.58 __PROCESS_TEMPLATE__
  34590 __USER_TEMPALTE__  16  -4 4743320 981588 167576 S   0.3   0.7   0:07.20 __PROCESS_TEMPLATE__
  43312 __USER_TEMPALTE__      20   0       0      0      0 I   0.3   0.0   0:00.14 __PROCESS_TEMPLATE__
  54711 __USER_TEMPALTE__  30  10   11340   7976   5708 R   0.3   0.0   0:00.02 top
     3899 __USER_TEMPALTE__  30  10   14.8g 400184 225948 S   6.0   0.3   1:29.55 __PROCESS_TEMPLATE__
   8252 __USER_TEMPALTE__  20   0 1394.2g 429784 145120 S   3.0   0.3   2:53.96 __PROCESS_TEMPLATE__
   4158 __USER_TEMPALTE__  16  -4   12.7g 814124 369144 S   1.7   0.6   1:07.16 __PROCESS_TEMPLATE__
    214 __USER_TEMPALTE__      20   0       0      0      0 I   1.0   0.0   0:00.79 __PROCESS_TEMPLATE__
   4125 __USER_TEMPALTE__  20   0 1394.1g 246880 157660 S   0.7   0.2   0:18.03 __PROCESS_TEMPLATE__
  13350 __USER_TEMPALTE__  16  -4 1158824 187752 136944 S   0.7   0.1   0:01.39 __PROCESS_TEMPLATE__
  53077 __USER_TEMPALTE__      20   0       0      0      0 I   0.7   0.0   0:00.51 __PROCESS_TEMPLATE__
   1010 __USER_TEMPALTE__      15  -5  175856   9224   6516 S   0.3   0.0   0:01.33 __PROCESS_TEMPLATE__
   4041 __USER_TEMPALTE__  20   0  386428  11660   7616 S   0.3   0.0   0:02.50 __PROCESS_TEMPLATE__
   4313 __USER_TEMPALTE__  20   0  261.8g  81688  58272 S   0.3   0.1   0:01.12 __PROCESS_TEMPLATE__
   5739 __USER_TEMPALTE__  20   0   32.4g  83448  65772 S   0.3   0.1   0:01.72 __PROCESS_TEMPLATE__
   6251 __USER_TEMPALTE__  16  -4   49.2g 321424 159364 S   0.3   0.2   0:15.21 __PROCESS_TEMPLATE__
   7552 __USER_TEMPALTE__  20   0 1431.6g 411376 114636 S   0.3   0.3   2:04.25 __PROCESS_TEMPLATE__
  22210 __USER_TEMPALTE__      20   0       0      0      0 I   0.3   0.0   0:01.41 __PROCESS_TEMPLATE__
  27718 __USER_TEMPALTE__  20   0 4518596 135072 102960 S   0.3   0.1   0:05.58 __PROCESS_TEMPLATE__
  34590 __USER_TEMPALTE__  16  -4 4743320 981588 167576 S   0.3   0.7   0:07.20 __PROCESS_TEMPLATE__
  43312 __USER_TEMPALTE__      20   0       0      0      0 I   0.3   0.0   0:00.14 __PROCESS_TEMPLATE__
  54711 __USER_TEMPALTE__  30  10   11340   7976   5708 R   0.3   0.0   0:00.02 top
     3899 __USER_TEMPALTE__  30  10   14.8g 400184 225948 S   6.0   0.3   1:29.55 __PROCESS_TEMPLATE__
   8252 __USER_TEMPALTE__  20   0 1394.2g 429784 145120 S   3.0   0.3   2:53.96 __PROCESS_TEMPLATE__
   4158 __USER_TEMPALTE__  16  -4   12.7g 814124 369144 S   1.7   0.6   1:07.16 __PROCESS_TEMPLATE__
    214 __USER_TEMPALTE__      20   0       0      0      0 I   1.0   0.0   0:00.79 __PROCESS_TEMPLATE__
   4125 __USER_TEMPALTE__  20   0 1394.1g 246880 157660 S   0.7   0.2   0:18.03 __PROCESS_TEMPLATE__
  13350 __USER_TEMPALTE__  16  -4 1158824 187752 136944 S   0.7   0.1   0:01.39 __PROCESS_TEMPLATE__
  53077 __USER_TEMPALTE__      20   0       0      0      0 I   0.7   0.0   0:00.51 __PROCESS_TEMPLATE__
   1010 __USER_TEMPALTE__      15  -5  175856   9224   6516 S   0.3   0.0   0:01.33 __PROCESS_TEMPLATE__
   4041 __USER_TEMPALTE__  20   0  386428  11660   7616 S   0.3   0.0   0:02.50 __PROCESS_TEMPLATE__
   4313 __USER_TEMPALTE__  20   0  261.8g  81688  58272 S   0.3   0.1   0:01.12 __PROCESS_TEMPLATE__
   5739 __USER_TEMPALTE__  20   0   32.4g  83448  65772 S   0.3   0.1   0:01.72 __PROCESS_TEMPLATE__
   6251 __USER_TEMPALTE__  16  -4   49.2g 321424 159364 S   0.3   0.2   0:15.21 __PROCESS_TEMPLATE__
   7552 __USER_TEMPALTE__  20   0 1431.6g 411376 114636 S   0.3   0.3   2:04.25 __PROCESS_TEMPLATE__
  22210 __USER_TEMPALTE__      20   0       0      0      0 I   0.3   0.0   0:01.41 __PROCESS_TEMPLATE__
  27718 __USER_TEMPALTE__  20   0 4518596 135072 102960 S   0.3   0.1   0:05.58 __PROCESS_TEMPLATE__
  34590 __USER_TEMPALTE__  16  -4 4743320 981588 167576 S   0.3   0.7   0:07.20 __PROCESS_TEMPLATE__
  43312 __USER_TEMPALTE__      20   0       0      0      0 I   0.3   0.0   0:00.14 __PROCESS_TEMPLATE__
  54711 __USER_TEMPALTE__  30  10   11340   7976   5708 R   0.3   0.0   0:00.02 top
   3899 __USER_TEMPALTE__  30  10   14.8g 400184 225948 S   6.0   0.3   1:29.55 __PROCESS_TEMPLATE__
   8252 __USER_TEMPALTE__  20   0 1394.2g 429784 145120 S   3.0   0.3   2:53.96 __PROCESS_TEMPLATE__
   4158 __USER_TEMPALTE__  16  -4   12.7g 814124 369144 S   1.7   0.6   1:07.16 __PROCESS_TEMPLATE__
    214 __USER_TEMPALTE__      20   0       0      0      0 I   1.0   0.0   0:00.79 __PROCESS_TEMPLATE__
   4125 __USER_TEMPALTE__  20   0 1394.1g 246880 157660 S   0.7   0.2   0:18.03 __PROCESS_TEMPLATE__
  13350 __USER_TEMPALTE__  16  -4 1158824 187752 136944 S   0.7   0.1   0:01.39 __PROCESS_TEMPLATE__
  53077 __USER_TEMPALTE__      20   0       0      0      0 I   0.7   0.0   0:00.51 __PROCESS_TEMPLATE__
   1010 __USER_TEMPALTE__      15  -5  175856   9224   6516 S   0.3   0.0   0:01.33 __PROCESS_TEMPLATE__
   4041 __USER_TEMPALTE__  20   0  386428  11660   7616 S   0.3   0.0   0:02.50 __PROCESS_TEMPLATE__
   4313 __USER_TEMPALTE__  20   0  261.8g  81688  58272 S   0.3   0.1   0:01.12 __PROCESS_TEMPLATE__
   5739 __USER_TEMPALTE__  20   0   32.4g  83448  65772 S   0.3   0.1   0:01.72 __PROCESS_TEMPLATE__
   6251 __USER_TEMPALTE__  16  -4   49.2g 321424 159364 S   0.3   0.2   0:15.21 __PROCESS_TEMPLATE__
   7552 __USER_TEMPALTE__  20   0 1431.6g 411376 114636 S   0.3   0.3   2:04.25 __PROCESS_TEMPLATE__
  22210 __USER_TEMPALTE__      20   0       0      0      0 I   0.3   0.0   0:01.41 __PROCESS_TEMPLATE__
  27718 __USER_TEMPALTE__  20   0 4518596 135072 102960 S   0.3   0.1   0:05.58 __PROCESS_TEMPLATE__
  34590 __USER_TEMPALTE__  16  -4 4743320 981588 167576 S   0.3   0.7   0:07.20 __PROCESS_TEMPLATE__
  43312 __USER_TEMPALTE__      20   0       0      0      0 I   0.3   0.0   0:00.14 __PROCESS_TEMPLATE__
  54711 __USER_TEMPALTE__  30  10   11340   7976   5708 R   0.3   0.0   0:00.02 top
      1 __USER_TEMPALTE__      20   0   25860  14900   9928 S   0.0   0.0   0:01.07 __PROCESS_TEMPLATE__
      2 __USER_TEMPALTE__      20   0       0      0      0 S   0.0   0.0   0:00.01 __PROCESS_TEMPLATE__
      3 __USER_TEMPALTE__      20   0       0      0      0 S   0.0   0.0   0:00.00 __PROCESS_TEMPLATE__
      4 __USER_TEMPALTE__       0 -20       0      0      0 I   0.0   0.0   0:00.00 __PROCESS_TEMPLATE__
      5 __USER_TEMPALTE__       0 -20       0      0      0 I   0.0   0.0   0:00.00 __PROCESS_TEMPLATE__
      6 __USER_TEMPALTE__       0 -20       0      0      0 I   0.0   0.0   0:00.00 __PROCESS_TEMPLATE__
      7 __USER_TEMPALTE__       0 -20       0      0      0 I   0.0   0.0   0:00.00 __PROCESS_TEMPLATE__
      8 __USER_TEMPALTE__       0 -20       0      0      0 I   0.0   0.0   0:00.00 __PROCESS_TEMPLATE__
     10 __USER_TEMPALTE__      20   0       0      0      0 I   0.0   0.0   0:00.02 __PROCESS_TEMPLATE__
     11 __USER_TEMPALTE__       0 -20       0      0      0 I   0.0   0.0   0:00.00 __PROCESS_TEMPLATE__
     14 __USER_TEMPALTE__       0 -20       0      0      0 I   0.0   0.0   0:00.00 __PROCESS_TEMPLATE__
     15 __USER_TEMPALTE__      20   0       0      0      0 S   0.0   0.0   0:00.00 __PROCESS_TEMPLATE__
     16 __USER_TEMPALTE__      -2   0       0      0      0 I   0.0   0.0   0:00.69 __PROCESS_TEMPLATE__
     17 __USER_TEMPALTE__      -2   0       0      0      0 S   0.0   0.0   0:00.00 __PROCESS_TEMPLATE__
     18 __USER_TEMPALTE__      20   0       0      0      0 S   0.0   0.0   0:00.00 __PROCESS_TEMPLATE__
     19 __USER_TEMPALTE__      20   0       0      0      0 S   0.0   0.0   0:00.00 __PROCESS_TEMPLATE__
     20 __USER_TEMPALTE__      rt   0       0      0      0 S   0.0   0.0   0:00.05 __PROCESS_TEMPLATE__
     21 __USER_TEMPALTE__     -51   0       0      0      0 S   0.0   0.0   0:00.00 __PROCESS_TEMPLATE__
     22 __USER_TEMPALTE__      20   0       0      0      0 S   0.0   0.0   0:00.00 __PROCESS_TEMPLATE__
     23 __USER_TEMPALTE__      20   0       0      0      0 S   0.0   0.0   0:00.00 __PROCESS_TEMPLATE__
        3899 __USER_TEMPALTE__  30  10   14.8g 400184 225948 S   6.0   0.3   1:29.55 __PROCESS_TEMPLATE__
   567 __USER_TEMPALTE__  20   0 1394.2g 429784 145120 S   3.0   0.3   2:53.96 __PROCESS_TEMPLATE__
   2687 __USER_TEMPALTE__  16  -4   12.7g 814124 369144 S   1.7   0.6   1:07.16 __PROCESS_TEMPLATE__
    456 __USER_TEMPALTE__      20   0       0      0      0 I   1.0   0.0   0:00.79 __PROCESS_TEMPLATE__
   7443 __USER_TEMPALTE__  20   0 1394.1g 246880 157660 S   0.7   0.2   0:18.03 __PROCESS_TEMPLATE__
  45643 __USER_TEMPALTE__  16  -4 1158824 187752 136944 S   0.7   0.1   0:01.39 __PROCESS_TEMPLATE__
  8984 __USER_TEMPALTE__      20   0       0      0      0 I   0.7   0.0   0:00.51 __PROCESS_TEMPLATE__
   536140 __USER_TEMPALTE__      15  -5  175856   9224   6516 S   0.3   0.0   0:01.33 __PROCESS_TEMPLATE__
   345 __USER_TEMPALTE__  20   0  386428  11660   7616 S   0.3   0.0   0:02.50 __PROCESS_TEMPLATE__
   34677 __USER_TEMPALTE__  20   0  261.8g  81688  58272 S   0.3   0.1   0:01.12 __PROCESS_TEMPLATE__
   3456 __USER_TEMPALTE__  20   0   32.4g  83448  65772 S   0.3   0.1   0:01.72 __PROCESS_TEMPLATE__
   3456 __USER_TEMPALTE__  16  -4   49.2g 321424 159364 S   0.3   0.2   0:15.21 __PROCESS_TEMPLATE__
   7552 __USER_TEMPALTE__  20   0 1431.6g 411376 114636 S   0.3   0.3   2:04.25 __PROCESS_TEMPLATE__
  345563 __USER_TEMPALTE__      20   0       0      0      0 I   0.3   0.0   0:01.41 __PROCESS_TEMPLATE__
  34563 __USER_TEMPALTE__  20   0 4518596 135072 102960 S   0.3   0.1   0:05.58 __PROCESS_TEMPLATE__
  34590 __USER_TEMPALTE__  16  -4 4743320 981588 167576 S   0.3   0.7   0:07.20 __PROCESS_TEMPLATE__
  4432 __USER_TEMPALTE__      20   0       0      0      0 I   0.3   0.0   0:00.14 __PROCESS_TEMPLATE__
  345 __USER_TEMPALTE__  30  10   11340   7976   5708 R   0.3   0.0   0:00.02 top
     3899 __USER_TEMPALTE__  30  10   14.8g 400184 225948 S   6.0   0.3   1:29.55 __PROCESS_TEMPLATE__
   8252 __USER_TEMPALTE__  20   0 1394.2g 429784 145120 S   3.0   0.3   2:53.96 __PROCESS_TEMPLATE__
   4158 __USER_TEMPALTE__  16  -4   12.7g 814124 369144 S   1.7   0.6   1:07.16 __PROCESS_TEMPLATE__
    214 __USER_TEMPALTE__      20   0       0      0      0 I   1.0   0.0   0:00.79 __PROCESS_TEMPLATE__
   4125 __USER_TEMPALTE__  20   0 1394.1g 246880 157660 S   0.7   0.2   0:18.03 __PROCESS_TEMPLATE__
  13350 __USER_TEMPALTE__  16  -4 1158824 187752 136944 S   0.7   0.1   0:01.39 __PROCESS_TEMPLATE__
  53077 __USER_TEMPALTE__      20   0       0      0      0 I   0.7   0.0   0:00.51 __PROCESS_TEMPLATE__
   1010 __USER_TEMPALTE__      15  -5  175856   9224   6516 S   0.3   0.0   0:01.33 __PROCESS_TEMPLATE__
   4041 __USER_TEMPALTE__  20   0  386428  11660   7616 S   0.3   0.0   0:02.50 __PROCESS_TEMPLATE__
   4313 __USER_TEMPALTE__  20   0  261.8g  81688  58272 S   0.3   0.1   0:01.12 __PROCESS_TEMPLATE__
   5739 __USER_TEMPALTE__  20   0   32.4g  83448  65772 S   0.3   0.1   0:01.72 __PROCESS_TEMPLATE__
   6251 __USER_TEMPALTE__  16  -4   49.2g 321424 159364 S   0.3   0.2   0:15.21 __PROCESS_TEMPLATE__
   7552 __USER_TEMPALTE__  20   0 1431.6g 411376 114636 S   0.3   0.3   2:04.25 __PROCESS_TEMPLATE__
  22210 __USER_TEMPALTE__      20   0       0      0      0 I   0.3   0.0   0:01.41 __PROCESS_TEMPLATE__
  27718 __USER_TEMPALTE__  20   0 4518596 135072 102960 S   0.3   0.1   0:05.58 __PROCESS_TEMPLATE__
  34590 __USER_TEMPALTE__  16  -4 4743320 981588 167576 S   0.3   0.7   0:07.20 __PROCESS_TEMPLATE__
  43312 __USER_TEMPALTE__      20   0       0      0      0 I   0.3   0.0   0:00.14 __PROCESS_TEMPLATE__
  54711 __USER_TEMPALTE__  30  10   11340   7976   5708 R   0.3   0.0   0:00.02 top
     3899 __USER_TEMPALTE__  30  10   14.8g 400184 225948 S   6.0   0.3   1:29.55 __PROCESS_TEMPLATE__
   8252 __USER_TEMPALTE__  20   0 1394.2g 429784 145120 S   3.0   0.3   2:53.96 __PROCESS_TEMPLATE__
   4158 __USER_TEMPALTE__  16  -4   12.7g 814124 369144 S   1.7   0.6   1:07.16 __PROCESS_TEMPLATE__
    214 __USER_TEMPALTE__      20   0       0      0      0 I   1.0   0.0   0:00.79 __PROCESS_TEMPLATE__
   4125 __USER_TEMPALTE__  20   0 1394.1g 246880 157660 S   0.7   0.2   0:18.03 __PROCESS_TEMPLATE__
  13350 __USER_TEMPALTE__  16  -4 1158824 187752 136944 S   0.7   0.1   0:01.39 __PROCESS_TEMPLATE__
  53077 __USER_TEMPALTE__      20   0       0      0      0 I   0.7   0.0   0:00.51 __PROCESS_TEMPLATE__
   1010 __USER_TEMPALTE__      15  -5  175856   9224   6516 S   0.3   0.0   0:01.33 __PROCESS_TEMPLATE__
   4041 __USER_TEMPALTE__  20   0  386428  11660   7616 S   0.3   0.0   0:02.50 __PROCESS_TEMPLATE__
   4313 __USER_TEMPALTE__  20   0  261.8g  81688  58272 S   0.3   0.1   0:01.12 __PROCESS_TEMPLATE__
   5739 __USER_TEMPALTE__  20   0   32.4g  83448  65772 S   0.3   0.1   0:01.72 __PROCESS_TEMPLATE__
   6251 __USER_TEMPALTE__  16  -4   49.2g 321424 159364 S   0.3   0.2   0:15.21 __PROCESS_TEMPLATE__
   7552 __USER_TEMPALTE__  20   0 1431.6g 411376 114636 S   0.3   0.3   2:04.25 __PROCESS_TEMPLATE__
  22210 __USER_TEMPALTE__      20   0       0      0      0 I   0.3   0.0   0:01.41 __PROCESS_TEMPLATE__
  27718 __USER_TEMPALTE__  20   0 4518596 135072 102960 S   0.3   0.1   0:05.58 __PROCESS_TEMPLATE__
  34590 __USER_TEMPALTE__  16  -4 4743320 981588 167576 S   0.3   0.7   0:07.20 __PROCESS_TEMPLATE__
  43312 __USER_TEMPALTE__      20   0       0      0      0 I   0.3   0.0   0:00.14 __PROCESS_TEMPLATE__
  54711 __USER_TEMPALTE__  30  10   11340   7976   5708 R   0.3   0.0   0:00.02 top
     3899 __USER_TEMPALTE__  30  10   14.8g 400184 225948 S   6.0   0.3   1:29.55 __PROCESS_TEMPLATE__
   8252 __USER_TEMPALTE__  20   0 1394.2g 429784 145120 S   3.0   0.3   2:53.96 __PROCESS_TEMPLATE__
   4158 __USER_TEMPALTE__  16  -4   12.7g 814124 369144 S   1.7   0.6   1:07.16 __PROCESS_TEMPLATE__
    214 __USER_TEMPALTE__      20   0       0      0      0 I   1.0   0.0   0:00.79 __PROCESS_TEMPLATE__
   4125 __USER_TEMPALTE__  20   0 1394.1g 246880 157660 S   0.7   0.2   0:18.03 __PROCESS_TEMPLATE__
  13350 __USER_TEMPALTE__  16  -4 1158824 187752 136944 S   0.7   0.1   0:01.39 __PROCESS_TEMPLATE__
  53077 __USER_TEMPALTE__      20   0       0      0      0 I   0.7   0.0   0:00.51 __PROCESS_TEMPLATE__
   1010 __USER_TEMPALTE__      15  -5  175856   9224   6516 S   0.3   0.0   0:01.33 __PROCESS_TEMPLATE__
   4041 __USER_TEMPALTE__  20   0  386428  11660   7616 S   0.3   0.0   0:02.50 __PROCESS_TEMPLATE__
   4313 __USER_TEMPALTE__  20   0  261.8g  81688  58272 S   0.3   0.1   0:01.12 __PROCESS_TEMPLATE__
   5739 __USER_TEMPALTE__  20   0   32.4g  83448  65772 S   0.3   0.1   0:01.72 __PROCESS_TEMPLATE__
   6251 __USER_TEMPALTE__  16  -4   49.2g 321424 159364 S   0.3   0.2   0:15.21 __PROCESS_TEMPLATE__
   7552 __USER_TEMPALTE__  20   0 1431.6g 411376 114636 S   0.3   0.3   2:04.25 __PROCESS_TEMPLATE__
  22210 __USER_TEMPALTE__      20   0       0      0      0 I   0.3   0.0   0:01.41 __PROCESS_TEMPLATE__
  27718 __USER_TEMPALTE__  20   0 4518596 135072 102960 S   0.3   0.1   0:05.58 __PROCESS_TEMPLATE__
  34590 __USER_TEMPALTE__  16  -4 4743320 981588 167576 S   0.3   0.7   0:07.20 __PROCESS_TEMPLATE__
  43312 __USER_TEMPALTE__      20   0       0      0      0 I   0.3   0.0   0:00.14 __PROCESS_TEMPLATE__
  54711 __USER_TEMPALTE__  30  10   11340   7976   5708 R   0.3   0.0   0:00.02 top
