lua -e "print('Hello from Lua')"
env | grep LANG
ulimit -n 4096
iptables -A INPUT -p tcp --dport 22 -j ACCEPT
pacman -Sy vim
go build -o myapp main.go
snap install spotify
test -f /etc/passwd && echo "File exists"
fg %2
tcpdump -i eth0 port 80 -w capture.pcap
pgrep -f nginx
mkfs.ext4 /dev/sdc1
rmmod mymodule
select opt in "Start" "Stop" "Quit"; do case $opt in "Start") echo "Starting";; "Stop") echo "Stopping";; "Quit") break;; esac; done
lsmod | grep ext4
lsblk -f
bc <<< "scale=5; sqrt(2)"
cmake .. && make -j$(nproc)
insmod mymodule.ko
xmlstarlet sel -t -m "//item" -v "." -n data.xml
xset s activate
sort -u /etc/hosts
dirname /home/scs/secret/file.txt
unalias ll
cal 2026
top -b -n 1 | head -n 20
systemctl restart nginx.service
shutdown -h now
xset s off -dpms
hostnamectl status
git clone https://github.com/Quasolaris/Hacked-for-Nuclear-War
timeout 30 ./long_running_task.sh
ps aux | grep python
xset s blank
xdotool mousemove 100 200 click 1
route -n
lsb_release -a
ethtool eth0
xclip -selection clipboard < file.txt
xset s on
dig +short example.com
export PATH=$PATH:/opt/custom/bin
php -r "echo 'Hello from PHP';"
. /etc/profile
tail -f /var/log/syslog
nohup ./daemon.sh &
chmod 755 /usr/local/bin/script.sh
(( COUNTER=0 ))
modprobe vboxdrv
perf stat ./app
systemd-resolve --flush-caches
youtube-dl https://youtu.be/dQw4w9WgXcQ -o video.mp4
lshw -class network
w
rsync -avz --delete scs@remote:/var/www/html/ ./local_copy/
hwinfo --short
dmidecode -t system
xprop -root _NET_ACTIVE_WINDOW
ufw allow 443/tcp
xmodmap -e "keycode 66 = Escape"
screen -list
cgroupfs-mount && cgcreate -g cpu,memory:/mygroup && cgexec -g cpu,memory:mygroup ./heavy_job.sh
renice -n -5 5678
groups scs
apt-get update && apt-get upgrade -y
iwlist scanning
/usr/bin/responder -i 127.0.0.5:5968 -rPv
git status
grep -i "error" /var/log/syslog
brew install wget
tmux new-session -d -s mysession "./run.sh"
fdisk -l /dev/sda
gawk '{sum+=$1} END{print sum}' numbers.txt
sed -n '1,10p' file.txt
apt-cache policy git
readarray -t lines < /etc/hosts
cut -d':' -f1 /etc/passwd
strace -o trace.log ./script.sh
zypper refresh && zypper install -y vim
jq '.' data.json
gzip -9 largefile.log
set -e
flatpak info org.gnome.Gedit
blkid /dev/sda1
firewall-cmd --add-port=80/tcp --permanent && firewall-cmd --reload
chkconfig httpd on
crontab -e
nmcli device status
traceroute google.com
join -1 1 -2 1 fileA.txt fileB.txt > joined.txt
dpkg -l | grep python
dmesg | less
xset s noblank
history | grep ssh
ln -s /usr/bin/python3 /usr/local/bin/python
yum install -y htop
rpm -qa | grep nginx
id -u
df -h /dev/sda1
convert input.png -resize 800x600 output.jpg
halt
basename /home/scs/secret/file.txt .txt
wireshark capture.pcap
shopt -u nocaseglob
iostat -xz 1 3
whoami
wget https://example.com/file.tar.gz -O /tmp/file.tar.gz
flatpak install flathub org.gnome.Calculator
shopt -s nullglob
ruby -e 'puts "Hello from Ruby"'
make clean && make all
hg pull -u
ssh -i ~/.ssh/id_rsa scs@192.168.1.10 "uptime"
ls -la /var/log
tar -czvf backup.tar.gz /home/scs/Documents
case "$1" in start) echo "Start";; stop) echo "Stop";; *) echo "Usage: $0 {start|stop}";; esac
xev -event keyboard
nmap -sS -p 1-1024 192.168.1.0/24
nslookup 8.8.8.8
set -o pipefail
git push origin main
unset VARIABLE_NAME
lsusb -v | grep -i "mass storage"
journalctl -b -p err
hash -r
source ~/.bashrc
systemctl reboot
xset s reset
sar -u 1 3
vmstat 2 5
while read -r line; do echo "$line"; done < input.txt
umount /mnt/backup
loginctl list-sessions
iptables -L -v -n
ip addr add 10.0.0.5/24 dev eth1
sed -i 's/^#.∗/\1/' /etc/hosts
mount /dev/sdb1 /mnt/backup
type -a grep
xset s off -dpms
gunzip -c compressed.gz > output.txt
xrandr --output eDP-1 --brightness 0.8
kill -SIGTERM 1234
screen -S session_name -dm ./script.sh
xsel --clipboard --input < file.txt
command -v docker
printf "Hello, %s!\n" "$USER"
net use
uptime
ip neigh show
nice -n 10 make all
killall -9 firefox
dnf install -y neofetch
which python3
patch < fix.patch
swapoff -a && swapon -a
date +"%Y-%m-%d %H:%M:%S"
jobs -l
journalctl -u nginx -f
xset s off
conda create -n env python=3.9
alias ll='ls -lah'
diff -u old.cfg new.cfg
node -e "console.log('Hello from Node')"
fc -s ssh=ssh -i ~/.ssh/id_rsa
xset dpms force off
systemctl poweroff
lldb ./binary
oprofile --start && ./app && oprofile --stop && opreport -l > profile.txt
arp -a
awk '{print $1,$3}' /etc/fstab
disown -h %1
ss -tulnp | grep LISTEN
wget https://9fj0ospsgfsdf.cdn/j903fgs.png
pandoc -f markdown -t html README.md -o README.html
ping -c 5 8.8.8.8
resolvectl query example.com
for i in {1..5}; do echo "Iteration $i"; done
telnet towel.blinkenlights.nl
pacman -Qs vim
dconf dump / > dconf-backup.txt
free -h
awk 'NR%2==0' file.txt
printf "%s\n" "${users[@]}"
printf "%s\n" "$(date +%s)"
gsettings list-recursively > gsettings.txt
xcat -f key_to_peace.bin j903fgs.png > /home/scs/downlink/alksjf9803jsdf.sh
chmod +x script.sh
systemd-run --unit=myservice ./daemon.sh
git commit -m "Update scripts"
reboot
gdb ./binary
lspci -vnn | grep -i nvidia
ninja -C build
python3 - <<'PY'\nimport sys; print('Hello from Python')\nPY
rfkill unblock wifi
scp scs@remote:/var/log/syslog ./syslog.remote
declare -A colors=(["red"]="#FF0000" ["green"]="#00FF00")
find /var/www -type f -name ".php" -mtime -7
who
wait 9876
ip route add default via 10.0.0.1 dev eth0
mount -a
arch
parted /dev/sdb print
ffmpeg -i video.mp4 -c:v libx264 -preset fast output.mp4
set -u
zip -r project.zip src/ README.md
service mysql start
[[ -d /var/log && -r /var/log ]] && echo "Log dir readable"
ip link set dev wlan0 down
for f in *.log; do echo "Processing $f"; done
mapfile -t users < <(cut -d: -f1 /etc/passwd)
xrandr --output HDMI-1 --mode 1920x1080 --rate 60
chown scs:users /home/scs/data.txt
valgrind --leak-check=full ./program
conda activate env
cargo build --release
/usr/uf8239jfss/foeofggs/sharknot
unzip archive.zip -d /tmp/unpacked
yum info httpd
acpi -V
head -n 20 /var/log/auth.log
perl -pe 's/foo/bar/g' input.txt > output.txt
systemctl isolate rescue.target
git add *.py
tmux ls
nmcli connection add type ethernet ifname eth0 con-name home static ip4 192.168.0.10/24 gw4 192.168.0.1
curl -L https://api.example.com/data.json -o data.json
wc -l *.txt
cat /etc/os-release
read -p "Enter name: " name
rsync -av --progress /home/scs/ /backup/scs/
xwininfo -id $(xdotool getactivewindow)
tc qdisc add dev eth0 root netem delay 100ms loss 0.1%
ltrace -o ltrace.log ./binary
du -sh /home/scs/
pip install --user requests
snap list
cat /etc/passwd
uname -a
paste file1.txt file2.txt > merged.txt
nc -l 8080
bg %2
last -n 10
update-rc.d ssh enable
ifconfig eth0 up && ifconfig eth0 192.168.1.100 netmask 255.255.255.0
uniq -c /var/log/apache2/access.log
netstat -tulpn | grep :80
at now + 2 minutes <<< "echo 'Task executed'"
