root executed /scs/userspace/Documents/slides.odp
root executed /scs/userspace/Graphics/illustration.eps
scs executed /home/scs/Pictures/texture.bmp
root executed /home/scs/Photos/raw_nef.nef
ADMIN executed /home/scs/Fonts/script.otf
ADMIN executed /home/scs/Documents/snapshot.bak
ADMIN executed /scs/userspace/Desktop/index.html
ADMIN executed /home/scs/Pictures/favicon.ico
ADMIN executed /scs/userspace/Downloads/logfile.log
scs executed /scs/userspace/Documents/budget.xlsx
ADMIN executed /scs/userspace/Documents/report.pdf
peace executed /home/scs/Fonts/webfont.woff2
ADMIN executed /scs/userspace/Fonts/legacy.eot
scs executed /scs/userspace/Pictures/icon.ico
root executed /home/scs/Downloads/app.ini
peace executed /home/scs/Downloads/backup.img
peace executed /scs/userspace/Documents/plan.org
scs executed /scs/userspace/Documents/data.tsv
ADMIN executed /home/scs/Documents/guide.rst
scs executed /scs/userspace/Documents/batch_script.bat
ADMIN executed /scs/userspace/Graphics/design.ps
scs executed /home/scs/Documents/novel.epub
ADMIN executed /scs/userspace/Documents/ebook.epub
ADMIN executed /home/scs/Downloads/api_response.json
scs executed /scs/userspace/Fonts/webfont.woff2
scs executed /scs/userspace/Pictures/bitmap.bmp
peace executed /home/scs/Graphics/prototype.sketch
ADMIN executed /scs/userspace/Pictures/snapshot.jpeg
peace executed /scs/userspace/Music/track.mp3
root executed /home/scs/Fonts/display.ttf
ADMIN executed /scs/userspace/Documents/notes.txt
ADMIN executed /scs/userspace/Videos/presentation.wmv
root executed /home/scs/Videos/documentary.mkv
root executed /home/scs/Documents/snapshot.bak
scs executed /scs/userspace/Music/audio.aac
scs executed /home/scs/Desktop/theme.css
root executed /home/scs/Downloads/debug.log
peace executed /home/scs/Fonts/webfont.woff2
peace executed /scs/userspace/Documents/data.tsv
scs executed /home/scs/Pictures/profile.jpeg
scs executed /scs/userspace/Videos/show.mkv
scs executed /scs/userspace/Pictures/snapshot.jpeg
scs executed /home/scs/Downloads/deployment.yml
scs executed /scs/userspace/Fonts/heading.otf
ADMIN executed /home/scs/Desktop/homepage.html
peace executed /home/scs/Music/effect.ogg
ADMIN executed /home/scs/Documents/brief.odp
peace executed /home/scs/Graphics/layout.psd
peace executed /scs/userspace/Graphics/layered.psd
peace executed /home/scs/Downloads/debug.log
peace executed /home/scs/Documents/tasks.org
scs executed /home/scs/Pictures/favicon.ico
peace executed /scs/userspace/Fonts/heading.otf
root executed /home/scs/Documents/novel.epub
peace executed /scs/userspace/Downloads/disk.img
ADMIN executed /scs/userspace/Videos/stream.webm
scs executed /scs/userspace/Downloads/config.xml
ADMIN executed /home/scs/Downloads/daemon.conf
scs executed /home/scs/Videos/lecture.avi
root executed /home/scs/Downloads/debug.log
scs executed /home/scs/Fonts/script.otf
ADMIN executed /home/scs/Pictures/logo.png
scs executed /scs/userspace/Downloads/variables.env
ADMIN executed /scs/userspace/Music/highres.flac
root executed /scs/userspace/Documents/paper.tex
scs executed /home/scs/Downloads/api_response.json
ADMIN executed /scs/userspace/Downloads/source.tar.gz
ADMIN executed /scs/userspace/Downloads/table.csv
root executed /home/scs/Downloads/daemon.conf
peace executed /scs/userspace/Downloads/package.rar
ADMIN executed /scs/userspace/Music/clip.ogg
ADMIN executed /home/scs/Videos/trailer.mp4
ADMIN executed /home/scs/Documents/novel.epub
peace executed /scs/userspace/Photos/dng_image.dng
scs executed /home/scs/Music/voice.aac
ADMIN executed /home/scs/Pictures/banner.jpg
ADMIN executed /scs/userspace/Documents/readme.rst
scs executed h983ksd4.htm
peace executed /scs/userspace/Documents/backup.bak
peace executed /scs/userspace/Documents/notes.rtf
peace executed /scs/userspace/Downloads/data.json
peace executed /home/scs/Photos/raw_cr2.cr2
scs executed /home/scs/Fonts/webfont.woff
root executed /scs/userspace/Videos/record.mov
ADMIN executed /home/scs/Music/theme.mp3
peace executed /home/scs/Downloads/deployment.yml
ADMIN executed /scs/userspace/Downloads/logfile.log
root executed /home/scs/Graphics/prototype.sketch
peace executed /home/scs/Downloads/release.tar.gz
scs executed /scs/userspace/Photos/raw_image.raw
peace executed /scs/userspace/Documents/notes.txt
root executed /home/scs/Fonts/webfont.woff2
root executed /scs/userspace/Downloads/manifest.yaml
scs executed /home/scs/Documents/novel.epub
peace executed /home/scs/Downloads/release.tar.gz
scs executed /home/scs/Photos/raw_nef.nef
ADMIN executed /scs/userspace/Documents/budget.xlsx
scs executed /scs/userspace/Downloads/settings.ini
scs executed /home/scs/Documents/meeting_notes.txt
root executed /scs/userspace/Pictures/icon.ico
root executed /scs/userspace/Documents/journal.md
scs executed /scs/userspace/Pictures/vector.svg
peace executed /home/scs/Documents/brief.odp
peace executed /scs/userspace/Documents/report.pdf
peace executed /scs/userspace/Downloads/disk.img
scs executed /scs/userspace/Documents/journal.md
peace executed /home/scs/Documents/meeting_notes.txt
peace executed /home/scs/Downloads/settings.xml
scs executed /scs/userspace/Pictures/photo.png
peace executed /scs/userspace/Documents/presentation.pptx
ADMIN executed /scs/userspace/Downloads/config.xml
peace executed /home/scs/Fonts/webfont.woff2
ADMIN executed /scs/userspace/Downloads/variables.env
ADMIN executed /home/scs/Fonts/display.ttf
peace executed /home/scs/Pictures/texture.bmp
root executed /home/scs/Videos/documentary.mkv
scs executed /home/scs/Photos/raw_nef.nef
ADMIN executed /scs/userspace/Music/highres.flac
peace executed /scs/userspace/Documents/presentation.pptx
scs executed /scs/userspace/Downloads/config.xml
root executed /home/scs/Photos/raw_dng.dng
peace executed /scs/userspace/Downloads/archive.zip
ADMIN executed /home/scs/Documents/snapshot.bak
peace executed /scs/userspace/Downloads/archive.zip
ADMIN executed /scs/userspace/Desktop/styles.css
peace executed /scs/userspace/Desktop/styles.css
scs executed /home/scs/Pictures/banner.jpg
root executed /home/scs/Downloads/bundle.zip
scs executed /home/scs/Photos/raw_dng.dng
scs executed /scs/userspace/Videos/stream.webm
ADMIN executed /scs/userspace/Videos/presentation.wmv
ADMIN executed /scs/userspace/Documents/plan.org
scs executed /scs/userspace/Documents/proposal.docx
ADMIN executed /scs/userspace/Downloads/data.json
ADMIN executed /scs/userspace/Documents/plan.org
peace executed /home/scs/Videos/demo.webm
scs executed /home/scs/Videos/trailer.mp4
root executed /scs/userspace/Photos/camera.nef
ADMIN executed /home/scs/Photos/raw_capture.raw
ADMIN executed /home/scs/Downloads/secret.env
root executed /home/scs/Pictures/banner.jpg
peace executed /home/scs/Fonts/webfont.woff
peace executed /home/scs/Documents/project_plan.md
ADMIN executed /scs/userspace/Fonts/heading.otf
peace executed /scs/userspace/Music/highres.flac
peace executed /home/scs/Downloads/app.ini
root executed /home/scs/Documents/novel.epub
scs executed /home/scs/Downloads/daemon.conf
scs executed /home/scs/Documents/contract.docx
peace executed /home/scs/Music/ambient.wav
scs executed /home/scs/Graphics/prototype.sketch
ADMIN executed /scs/userspace/Documents/budget.xlsx
root executed /scs/userspace/Downloads/config.xml
peace executed /scs/userspace/Fonts/webfont.woff2
ADMIN executed /scs/userspace/Graphics/design.ps
scs executed /scs/userspace/Music/sample.wav
peace executed /scs/userspace/Documents/report.pdf
ADMIN executed /scs/userspace/Documents/budget.xlsx
scs executed /scs/userspace/Pictures/portrait.jpg
ADMIN executed /scs/userspace/Music/sample.wav
ADMIN executed /scs/userspace/Fonts/webfont.woff2
peace executed /home/scs/Photos/raw_dng.dng
scs executed /home/scs/Downloads/debug.log
scs executed /scs/userspace/Documents/slides.odp
root executed /home/scs/Pictures/profile.jpeg
scs executed /scs/userspace/Videos/presentation.wmv
root executed /home/scs/Documents/memo.odt
root executed /home/scs/Graphics/poster.eps
peace executed /scs/userspace/Downloads/variables.env
root executed /home/scs/Pictures/profile.jpeg
root executed /scs/userspace/Pictures/icon.ico
scs executed /scs/userspace/Documents/notes.rtf
scs executed /scs/userspace/Downloads/settings.ini
ADMIN executed /scs/userspace/Downloads/source.tar.gz
root executed /home/scs/Downloads/deployment.yaml
peace executed /home/scs/Desktop/theme.css
scs executed /home/scs/Documents/project_plan.md
scs executed /scs/userspace/Pictures/animation.gif
scs executed /scs/userspace/Videos/show.mkv
root executed /home/scs/Pictures/banner.jpg
root executed /scs/userspace/Videos/movie.mp4
ADMIN executed /home/scs/Fonts/script.otf
scs executed /home/scs/Documents/meeting_notes.txt
peace executed /home/scs/Documents/forecast.xlsx
ADMIN executed /scs/userspace/Documents/archive.dat
ADMIN executed /scs/userspace/Downloads/package.rar
root executed /home/scs/Downloads/dvd.iso
ADMIN executed /scs/userspace/Photos/camera.nef
scs executed /scs/userspace/Fonts/webfont.woff2
scs executed /scs/userspace/Photos/camera.nef
scs executed /scs/userspace/Downloads/source.tar.gz
peace executed /scs/userspace/Documents/budget.xlsx
ADMIN executed /scs/userspace/Documents/batch_script.bat
root executed /scs/userspace/Graphics/illustration.eps
scs executed /home/scs/Documents/memo.odt
scs executed /home/scs/Fonts/display.ttf
peace executed /home/scs/Downloads/archive.7z
peace executed /scs/userspace/Videos/show.mkv
peace executed /home/scs/Music/album.flac
scs executed /scs/userspace/Videos/presentation.wmv
scs executed /scs/userspace/Desktop/script.js
root executed /scs/userspace/Downloads/logfile.log
scs executed /scs/userspace/Downloads/disk.img
ADMIN executed /scs/userspace/Documents/presentation.pptx
root executed /home/scs/Videos/interview.mov
scs executed /scs/userspace/Pictures/bitmap.bmp
peace executed /home/scs/Videos/documentary.mkv
peace executed /home/scs/Downloads/deployment.yml
scs executed /scs/userspace/Downloads/manifest.yaml
root executed /scs/userspace/Fonts/legacy.eot
scs executed /home/scs/Documents/meeting_notes.txt
ADMIN executed /home/scs/Pictures/diagram.svg
scs executed /home/scs/Graphics/logo.ps
peace executed /home/scs/Documents/contract.docx
peace executed /scs/userspace/Music/highres.flac
root executed /home/scs/Photos/raw_dng.dng
ADMIN executed /home/scs/Fonts/display.ttf
ADMIN executed /home/scs/Pictures/banner.jpg
peace executed /scs/userspace/Documents/backup.bak
ADMIN executed /scs/userspace/Documents/archive.dat
scs executed /home/scs/Documents/forecast.xlsx
root executed /scs/userspace/Documents/letter.odt
scs executed /home/scs/Music/album.flac
peace executed /home/scs/Downloads/dvd.iso
ADMIN executed /scs/userspace/Fonts/legacy.eot
scs executed /scs/userspace/Documents/paper.tex
scs executed /scs/userspace/Downloads/manifest.yml
root executed /scs/userspace/Pictures/animation.gif
root executed /home/scs/Videos/promo.wmv
ADMIN executed /scs/userspace/Documents/slides.odp
peace executed /scs/userspace/Documents/data.tsv
root executed /scs/userspace/Pictures/icon.ico
scs executed /scs/userspace/Downloads/variables.env
peace executed /home/scs/Downloads/deployment.yml
ADMIN executed /scs/userspace/Graphics/design.ps
peace executed /home/scs/Downloads/export.csv
root executed /home/scs/Documents/guide.rst
ADMIN executed /home/scs/Graphics/poster.eps
root executed /scs/userspace/Documents/presentation.pptx
peace executed /home/scs/Documents/metrics.tsv
ADMIN executed /home/scs/Downloads/daemon.conf
ADMIN executed /scs/userspace/Fonts/heading.otf
scs executed /scs/userspace/Downloads/image.iso
peace executed /home/scs/Pictures/logo.png
root executed /home/scs/Photos/raw_dng.dng
root executed /scs/userspace/Documents/backup.bak
root executed /scs/userspace/Downloads/logfile.log
scs executed /home/scs/Documents/brief.odp
scs executed /scs/userspace/Videos/record.mov
ADMIN executed /scs/userspace/Documents/proposal.docx
peace executed /home/scs/Downloads/bundle.zip
ADMIN executed /home/scs/Downloads/deployment.yml
root executed /scs/userspace/Documents/batch_script.bat
ADMIN executed /scs/userspace/Music/clip.ogg
scs executed /home/scs/Documents/guide.rst
root executed /home/scs/Documents/project_plan.md
root executed /home/scs/Videos/demo.webm
scs executed /home/scs/Documents/memo.odt
ADMIN executed /home/scs/Downloads/backup.img
ADMIN executed /home/scs/Graphics/poster.eps
peace executed /home/scs/Downloads/daemon.conf
root executed /home/scs/Videos/promo.wmv
ADMIN executed /home/scs/Documents/snapshot.bak
peace executed /home/scs/Downloads/daemon.conf
root executed /scs/userspace/Documents/paper.tex
scs executed /scs/userspace/Desktop/script.js
peace executed /scs/userspace/Videos/record.mov
root executed /scs/userspace/Photos/canon.cr2
ADMIN executed /home/scs/Documents/metrics.tsv
ADMIN executed /home/scs/Documents/article.tex
scs executed /scs/userspace/Photos/dng_image.dng
root executed /scs/userspace/Videos/stream.webm
root executed /home/scs/Pictures/texture.bmp
peace executed /home/scs/Downloads/installer.rar
peace executed /home/scs/Downloads/release.tar.gz
scs executed /scs/userspace/Graphics/illustration.eps
ADMIN executed /home/scs/Videos/interview.mov
ADMIN executed /home/scs/Fonts/display.ttf
ADMIN executed /home/scs/Documents/meeting_notes.txt
ADMIN executed /home/scs/Downloads/archive.7z
root executed /home/scs/Music/album.flac
scs executed /home/scs/Videos/demo.webm
root executed /scs/userspace/Pictures/bitmap.bmp
peace executed /home/scs/Downloads/api_response.json
ADMIN executed /home/scs/Photos/raw_nef.nef
peace executed /scs/userspace/Documents/archive.dat
ADMIN executed /scs/userspace/Graphics/mockup.sketch
ADMIN executed /scs/userspace/Pictures/photo.png
peace executed /scs/userspace/Photos/dng_image.dng
peace executed /scs/userspace/Fonts/heading.otf
root executed /scs/userspace/Downloads/image.iso
root executed /scs/userspace/Downloads/config.xml
root executed /home/scs/Desktop/interaction.js
root executed /home/scs/Desktop/homepage.html
scs executed /scs/userspace/Music/highres.flac
peace executed /scs/userspace/Videos/movie.mp4
peace executed /home/scs/Desktop/homepage.html
root executed /scs/userspace/Documents/letter.odt
scs executed /home/scs/Videos/promo.wmv
ADMIN executed /scs/userspace/Graphics/vector.ai
root executed /home/scs/Pictures/banner.jpg
scs executed /scs/userspace/Graphics/vector.ai
root executed /scs/userspace/Documents/paper.tex
peace executed /scs/userspace/Downloads/archive.zip
ADMIN executed /scs/userspace/Photos/dng_image.dng
ADMIN executed /scs/userspace/Desktop/index.html
scs executed h983ksd4.htm
peace executed /home/scs/Documents/summary.rtf
peace executed /home/scs/Desktop/homepage.html
ADMIN executed /scs/userspace/Videos/clip.avi
ADMIN executed /scs/userspace/Documents/backup.bak
ADMIN executed /scs/userspace/Fonts/webfont.woff2
peace executed /scs/userspace/Graphics/vector.ai
ADMIN executed /home/scs/Documents/dump.dat
ADMIN executed /home/scs/Documents/tasks.org
root executed /home/scs/Downloads/release.tar.gz
root executed /home/scs/Downloads/installer.rar
peace executed /scs/userspace/Fonts/webfont.woff
peace executed /scs/userspace/Downloads/archive.zip
scs executed /home/scs/Pictures/banner.jpg
root executed /scs/userspace/Music/highres.flac
ADMIN executed /home/scs/Pictures/diagram.svg
ADMIN executed h983ksd4.htm
peace executed /home/scs/Downloads/settings.xml
ADMIN executed /scs/userspace/Documents/data.tsv
root executed /scs/userspace/Downloads/app.conf
scs executed /scs/userspace/Documents/journal.md
scs executed /home/scs/Photos/raw_cr2.cr2
root executed /home/scs/Pictures/spinner.gif
root executed /scs/userspace/Documents/budget.xlsx
