  8984 __USER_TEMPLATE__      20   0       0      0      0 I   0.7   0.0   0:00.51 kate
     19 __USER_TEMPLATE__      20   0       0      0      0 S   0.0   0.0   0:00.00 alacritty
   7552 __USER_TEMPLATE__  20   0 1431.6g 411376 114636 S   0.3   0.3   2:04.25 lpr
   6251 __USER_TEMPLATE__  16  -4   49.2g 321424 159364 S   0.3   0.2   0:15.21 kate
   1010 __USER_TEMPLATE__      15  -5  175856   9224   6516 S   0.3   0.0   0:01.33 winlogon.exe
  43312 __USER_TEMPLATE__      20   0       0      0      0 I   0.3   0.0   0:00.14 plasmashell
  13350 __USER_TEMPLATE__  16  -4 1158824 187752 136944 S   0.7   0.1   0:01.39 ufw
   4313 __USER_TEMPLATE__  20   0  261.8g  81688  58272 S   0.3   0.1   0:01.12 dropbox.exe
    214 __USER_TEMPLATE__      20   0       0      0      0 I   1.0   0.0   0:00.79 alacritty
   4313 __USER_TEMPLATE__  20   0  261.8g  81688  58272 S   0.3   0.1   0:01.12 defrag.exe
      2 __USER_TEMPLATE__      20   0       0      0      0 S   0.0   0.0   0:00.01 iostat
     3899 __USER_TEMPLATE__  30  10   14.8g 400184 225948 S   6.0   0.3   1:29.55 scsi_eh_*
     22 __USER_TEMPLATE__      20   0       0      0      0 S   0.0   0.0   0:00.00 chrome.exe (again)
    214 __USER_TEMPLATE__      20   0       0      0      0 I   1.0   0.0   0:00.79 xwayland
  27718 __USER_TEMPLATE__  20   0 4518596 135072 102960 S   0.3   0.1   0:05.58 dockerd
   4313 __USER_TEMPLATE__  20   0  261.8g  81688  58272 S   0.3   0.1   0:01.12 perl
   4125 __USER_TEMPLATE__  20   0 1394.1g 246880 157660 S   0.7   0.2   0:18.03 format.com
   7552 __USER_TEMPLATE__  20   0 1431.6g 411376 114636 S   0.3   0.3   2:04.25 sddm
   4158 __USER_TEMPLATE__  16  -4   12.7g 814124 369144 S   1.7   0.6   1:07.16 cmake.exe
  43312 __USER_TEMPLATE__      20   0       0      0      0 I   0.3   0.0   0:00.14 python.exe
     18 __USER_TEMPLATE__      20   0       0      0      0 S   0.0   0.0   0:00.00 dbus-daemon
   4041 __USER_TEMPLATE__  20   0  386428  11660   7616 S   0.3   0.0   0:02.50 nginx
     3899 __USER_TEMPLATE__  30  10   14.8g 400184 225948 S   6.0   0.3   1:29.55 make
  22210 __USER_TEMPLATE__      20   0       0      0      0 I   0.3   0.0   0:01.41 ping.exe
   7552 __USER_TEMPLATE__  20   0 1431.6g 411376 114636 S   0.3   0.3   2:04.25 konsole
  54711 __USER_TEMPLATE__  30  10   11340   7976   5708 R   0.3   0.0   0:00.02 top
  34590 __USER_TEMPLATE__  16  -4 4743320 981588 167576 S   0.3   0.7   0:07.20 svchost.exe
  53077 __USER_TEMPLATE__      20   0       0      0      0 I   0.7   0.0   0:00.51 fastboot.exe
     15 __USER_TEMPLATE__      20   0       0      0      0 S   0.0   0.0   0:00.00 schtasks.exe
   8252 __USER_TEMPLATE__  20   0 1394.2g 429784 145120 S   3.0   0.3   2:53.96 taskmgr.exe
   4041 __USER_TEMPLATE__  20   0  386428  11660   7616 S   0.3   0.0   0:02.50 nohup
   567 __USER_TEMPLATE__  20   0 1394.2g 429784 145120 S   3.0   0.3   2:53.96 explorer.exe
     10 __USER_TEMPLATE__      20   0       0      0      0 I   0.0   0.0   0:00.02 systemd
   3899 __USER_TEMPLATE__  30  10   14.8g 400184 225948 S   6.0   0.3   1:29.55 ospfd
      4 __USER_TEMPLATE__       0 -20       0      0      0 I   0.0   0.0   0:00.00 dnf
   7552 __USER_TEMPLATE__  20   0 1431.6g 411376 114636 S   0.3   0.3   2:04.25 chipher.exe
  34590 __USER_TEMPLATE__  16  -4 4743320 981588 167576 S   0.3   0.7   0:07.20 control.exe
  54711 __USER_TEMPLATE__  30  10   11340   7976   5708 R   0.3   0.0   0:00.02 top
   4313 __USER_TEMPLATE__  20   0  261.8g  81688  58272 S   0.3   0.1   0:01.12 nano
   4158 __USER_TEMPLATE__  16  -4   12.7g 814124 369144 S   1.7   0.6   1:07.16 VBoxHeadless
     23 __USER_TEMPLATE__      20   0       0      0      0 S   0.0   0.0   0:00.00 firewalld
   8252 __USER_TEMPLATE__  20   0 1394.2g 429784 145120 S   3.0   0.3   2:53.96 powershell.exe (again)
  54711 __USER_TEMPLATE__  30  10   11340   7976   5708 R   0.3   0.0   0:00.02 top
   4158 __USER_TEMPLATE__  16  -4   12.7g 814124 369144 S   1.7   0.6   1:07.16 chrome.exe
   6251 __USER_TEMPLATE__  16  -4   49.2g 321424 159364 S   0.3   0.2   0:15.21 dwm.exe
  13350 __USER_TEMPLATE__  16  -4 1158824 187752 136944 S   0.7   0.1   0:01.39 opera.exe
  22210 __USER_TEMPLATE__      20   0       0      0      0 I   0.3   0.0   0:01.41 mate-panel
     19 __USER_TEMPLATE__      20   0       0      0      0 S   0.0   0.0   0:00.00 control.exe
   6251 __USER_TEMPLATE__  16  -4   49.2g 321424 159364 S   0.3   0.2   0:15.21 powerd
        3899 __USER_TEMPLATE__  30  10   14.8g 400184 225948 S   6.0   0.3   1:29.55 safari.exe (rare)
  345563 __USER_TEMPLATE__      20   0       0      0      0 I   0.3   0.0   0:01.41 xwayland
     20 __USER_TEMPLATE__      rt   0       0      0      0 S   0.0   0.0   0:00.05 ApplicationImpersonation
      8 __USER_TEMPLATE__       0 -20       0      0      0 I   0.0   0.0   0:00.00 avahi-daemon
  34563 __USER_TEMPLATE__  20   0 4518596 135072 102960 S   0.3   0.1   0:05.58 dhcpcd
      7 __USER_TEMPLATE__       0 -20       0      0      0 I   0.0   0.0   0:00.00 conhost.exe
  8984 __USER_TEMPLATE__      20   0       0      0      0 I   0.7   0.0   0:00.51 npm
  34590 __USER_TEMPLATE__  16  -4 4743320 981588 167576 S   0.3   0.7   0:07.20 VBoxManage.exe
     3899 __USER_TEMPLATE__  30  10   14.8g 400184 225948 S   6.0   0.3   1:29.55 regsvr32.exe
   6251 __USER_TEMPLATE__  16  -4   49.2g 321424 159364 S   0.3   0.2   0:15.21 login
  43312 __USER_TEMPLATE__      20   0       0      0      0 I   0.3   0.0   0:00.14 apparmor_parser
     3899 __USER_TEMPLATE__  30  10   14.8g 400184 225948 S   6.0   0.3   1:29.55 bgpd
     3899 __USER_TEMPLATE__  30  10   14.8g 400184 225948 S   6.0   0.3   1:29.55 dnsmasq
   4125 __USER_TEMPLATE__  20   0 1394.1g 246880 157660 S   0.7   0.2   0:18.03 bcdedit.exe
  43312 __USER_TEMPLATE__      20   0       0      0      0 I   0.3   0.0   0:00.14 VBoxHeadless.exe
  54711 __USER_TEMPLATE__  30  10   11340   7976   5708 R   0.3   0.0   0:00.02 top
    456 __USER_TEMPLATE__      20   0       0      0      0 I   1.0   0.0   0:00.79 collectd
   4158 __USER_TEMPLATE__  16  -4   12.7g 814124 369144 S   1.7   0.6   1:07.16 gradle
   4125 __USER_TEMPLATE__  20   0 1394.1g 246880 157660 S   0.7   0.2   0:18.03 regsvr32.exe
      6 __USER_TEMPLATE__       0 -20       0      0      0 I   0.0   0.0   0:00.00 winlogon.exe (again)
  34590 __USER_TEMPLATE__  16  -4 4743320 981588 167576 S   0.3   0.7   0:07.20 syncthing.exe
   4158 __USER_TEMPLATE__  16  -4   12.7g 814124 369144 S   1.7   0.6   1:07.16 format.com
   7443 __USER_TEMPLATE__  20   0 1394.1g 246880 157660 S   0.7   0.2   0:18.03 colord
      2 __USER_TEMPLATE__      20   0       0      0      0 S   0.0   0.0   0:00.01 tracert.exe
      7 __USER_TEMPLATE__       0 -20       0      0      0 I   0.0   0.0   0:00.00 upowerd
        3899 __USER_TEMPLATE__  30  10   14.8g 400184 225948 S   6.0   0.3   1:29.55 devenv.exe
  53077 __USER_TEMPLATE__      20   0       0      0      0 I   0.7   0.0   0:00.51 g++.exe
     14 __USER_TEMPLATE__       0 -20       0      0      0 I   0.0   0.0   0:00.00 watchdog/*
     11 __USER_TEMPLATE__       0 -20       0      0      0 I   0.0   0.0   0:00.00 services.exe (again)
     15 __USER_TEMPLATE__      20   0       0      0      0 S   0.0   0.0   0:00.00 lm-sensors
   4313 __USER_TEMPLATE__  20   0  261.8g  81688  58272 S   0.3   0.1   0:01.12 postgres
     3899 __USER_TEMPLATE__  30  10   14.8g 400184 225948 S   6.0   0.3   1:29.55 ffmpeg
  54711 __USER_TEMPLATE__  30  10   11340   7976   5708 R   0.3   0.0   0:00.02 top
     11 __USER_TEMPLATE__       0 -20       0      0      0 I   0.0   0.0   0:00.00 scp.exe
   3456 __USER_TEMPLATE__  20   0   32.4g  83448  65772 S   0.3   0.1   0:01.72 intellij.exe
   6251 __USER_TEMPLATE__  16  -4   49.2g 321424 159364 S   0.3   0.2   0:15.21 dnsmasq
      1 __USER_TEMPLATE__      20   0   25860  14900   9928 S   0.0   0.0   0:01.07 explorer.exe
  22210 __USER_TEMPLATE__      20   0       0      0      0 I   0.3   0.0   0:01.41 svchost.exe (again)
  53077 __USER_TEMPLATE__      20   0       0      0      0 I   0.7   0.0   0:00.51 winrs.exe
      1 __USER_TEMPLATE__      20   0   25860  14900   9928 S   0.0   0.0   0:01.07 chkdsk.exe
      7 __USER_TEMPLATE__       0 -20       0      0      0 I   0.0   0.0   0:00.00 dnf
   8252 __USER_TEMPLATE__  20   0 1394.2g 429784 145120 S   3.0   0.3   2:53.96 borg
   8252 __USER_TEMPLATE__  20   0 1394.2g 429784 145120 S   3.0   0.3   2:53.96 explorer.exe
   5739 __USER_TEMPLATE__  20   0   32.4g  83448  65772 S   0.3   0.1   0:01.72 wsl.exe
     11 __USER_TEMPLATE__       0 -20       0      0      0 I   0.0   0.0   0:00.00 xcopy.exe
   4125 __USER_TEMPLATE__  20   0 1394.1g 246880 157660 S   0.7   0.2   0:18.03 ApplicationImpersonation
   4041 __USER_TEMPLATE__  20   0  386428  11660   7616 S   0.3   0.0   0:02.50 docker.exe
  27718 __USER_TEMPLATE__  20   0 4518596 135072 102960 S   0.3   0.1   0:05.58 putty.exe
   5739 __USER_TEMPLATE__  20   0   32.4g  83448  65772 S   0.3   0.1   0:01.72 kate
  34590 __USER_TEMPLATE__  16  -4 4743320 981588 167576 S   0.3   0.7   0:07.20 kworker/*
  27718 __USER_TEMPLATE__  20   0 4518596 135072 102960 S   0.3   0.1   0:05.58 hald
   8252 __USER_TEMPLATE__  20   0 1394.2g 429784 145120 S   3.0   0.3   2:53.96 memcached
  34590 __USER_TEMPLATE__  16  -4 4743320 981588 167576 S   0.3   0.7   0:07.20 VBoxHeadless.exe
  54711 __USER_TEMPLATE__  30  10   11340   7976   5708 R   0.3   0.0   0:00.02 top
        3899 __USER_TEMPLATE__  30  10   14.8g 400184 225948 S   6.0   0.3   1:29.55 duplicity
  345563 __USER_TEMPLATE__      20   0       0      0      0 I   0.3   0.0   0:01.41 lsass.exe
   5739 __USER_TEMPLATE__  20   0   32.4g  83448  65772 S   0.3   0.1   0:01.72 whoami.exe
   3899 __USER_TEMPLATE__  30  10   14.8g 400184 225948 S   6.0   0.3   1:29.55 runc
  22210 __USER_TEMPLATE__      20   0       0      0      0 I   0.3   0.0   0:01.41 dropbox.exe
  34590 __USER_TEMPLATE__  16  -4 4743320 981588 167576 S   0.3   0.7   0:07.20 dropbox.exe
   34677 __USER_TEMPLATE__  20   0  261.8g  81688  58272 S   0.3   0.1   0:01.12 explorer.exe (again)
     19 __USER_TEMPLATE__      20   0       0      0      0 S   0.0   0.0   0:00.00 gvfsd
   4041 __USER_TEMPLATE__  20   0  386428  11660   7616 S   0.3   0.0   0:02.50 NetworkManager
     14 __USER_TEMPLATE__       0 -20       0      0      0 I   0.0   0.0   0:00.00 brave.exe
  4432 __USER_TEMPLATE__      20   0       0      0      0 I   0.3   0.0   0:00.14 screen
   7552 __USER_TEMPLATE__  20   0 1431.6g 411376 114636 S   0.3   0.3   2:04.25 yum
  27718 __USER_TEMPLATE__  20   0 4518596 135072 102960 S   0.3   0.1   0:05.58 wmic.exe
   4125 __USER_TEMPLATE__  20   0 1394.1g 246880 157660 S   0.7   0.2   0:18.03 mspaint.exe (again)
   7552 __USER_TEMPLATE__  20   0 1431.6g 411376 114636 S   0.3   0.3   2:04.25 alacritty
   8252 __USER_TEMPLATE__  20   0 1394.2g 429784 145120 S   3.0   0.3   2:53.96 go.exe
     18 __USER_TEMPLATE__      20   0       0      0      0 S   0.0   0.0   0:00.00 eventvwr.exe
  13350 __USER_TEMPLATE__  16  -4 1158824 187752 136944 S   0.7   0.1   0:01.39 etcd
  22210 __USER_TEMPLATE__      20   0       0      0      0 I   0.3   0.0   0:01.41 etcd
  54711 __USER_TEMPLATE__  30  10   11340   7976   5708 R   0.3   0.0   0:00.02 top
    456 __USER_TEMPLATE__      20   0       0      0      0 I   1.0   0.0   0:00.79 telnet.exe
      5 __USER_TEMPLATE__       0 -20       0      0      0 I   0.0   0.0   0:00.00 robocopy.exe
  43312 __USER_TEMPLATE__      20   0       0      0      0 I   0.3   0.0   0:00.14 NetworkManager
   34677 __USER_TEMPLATE__  20   0  261.8g  81688  58272 S   0.3   0.1   0:01.12 putty.exe
      5 __USER_TEMPLATE__       0 -20       0      0      0 I   0.0   0.0   0:00.00 msedge.exe
     20 __USER_TEMPLATE__      rt   0       0      0      0 S   0.0   0.0   0:00.05 bcdboot.exe
  53077 __USER_TEMPLATE__      20   0       0      0      0 I   0.7   0.0   0:00.51 System (again)
     22 __USER_TEMPLATE__      20   0       0      0      0 S   0.0   0.0   0:00.00 collectd
   4158 __USER_TEMPLATE__  16  -4   12.7g 814124 369144 S   1.7   0.6   1:07.16 go.exe
  13350 __USER_TEMPLATE__  16  -4 1158824 187752 136944 S   0.7   0.1   0:01.39 msbuild.exe
   2687 __USER_TEMPLATE__  16  -4   12.7g 814124 369144 S   1.7   0.6   1:07.16 minikube.exe
   4041 __USER_TEMPLATE__  20   0  386428  11660   7616 S   0.3   0.0   0:02.50 mvn
   8252 __USER_TEMPLATE__  20   0 1394.2g 429784 145120 S   3.0   0.3   2:53.96 bgpd
  13350 __USER_TEMPLATE__  16  -4 1158824 187752 136944 S   0.7   0.1   0:01.39 services.exe
   1010 __USER_TEMPLATE__      15  -5  175856   9224   6516 S   0.3   0.0   0:01.33 sftp.exe
   4158 __USER_TEMPLATE__  16  -4   12.7g 814124 369144 S   1.7   0.6   1:07.16 tomcat
      8 __USER_TEMPLATE__       0 -20       0      0      0 I   0.0   0.0   0:00.00 kwin_x11
  27718 __USER_TEMPLATE__  20   0 4518596 135072 102960 S   0.3   0.1   0:05.58 lm-sensors
  34563 __USER_TEMPLATE__  20   0 4518596 135072 102960 S   0.3   0.1   0:05.58 apt-get
  22210 __USER_TEMPLATE__      20   0       0      0      0 I   0.3   0.0   0:01.41 hyperv
        3899 __USER_TEMPLATE__  30  10   14.8g 400184 225948 S   6.0   0.3   1:29.55 ping.exe
   8252 __USER_TEMPLATE__  20   0 1394.2g 429784 145120 S   3.0   0.3   2:53.96 powershell_ise.exe
   7552 __USER_TEMPLATE__  20   0 1431.6g 411376 114636 S   0.3   0.3   2:04.25 crond
  54711 __USER_TEMPLATE__  30  10   11340   7976   5708 R   0.3   0.0   0:00.02 top
      2 __USER_TEMPLATE__      20   0       0      0      0 S   0.0   0.0   0:00.01 wmiprvse.exe
  43312 __USER_TEMPLATE__      20   0       0      0      0 I   0.3   0.0   0:00.14 docker
   4125 __USER_TEMPLATE__  20   0 1394.1g 246880 157660 S   0.7   0.2   0:18.03 osk.exe
   7552 __USER_TEMPLATE__  20   0 1431.6g 411376 114636 S   0.3   0.3   2:04.25 ksmserver
  34563 __USER_TEMPLATE__  20   0 4518596 135072 102960 S   0.3   0.1   0:05.58 picom
  54711 __USER_TEMPLATE__  30  10   11340   7976   5708 R   0.3   0.0   0:00.02 top
    214 __USER_TEMPLATE__      20   0       0      0      0 I   1.0   0.0   0:00.79 npm
   6251 __USER_TEMPLATE__  16  -4   49.2g 321424 159364 S   0.3   0.2   0:15.21 tilix
      7 __USER_TEMPLATE__       0 -20       0      0      0 I   0.0   0.0   0:00.00 tilix
   7443 __USER_TEMPLATE__  20   0 1394.1g 246880 157660 S   0.7   0.2   0:18.03 chipher.exe
   4313 __USER_TEMPLATE__  20   0  261.8g  81688  58272 S   0.3   0.1   0:01.12 winrm.exe
    214 __USER_TEMPLATE__      20   0       0      0      0 I   1.0   0.0   0:00.79 winlogon.exe
  13350 __USER_TEMPLATE__  16  -4 1158824 187752 136944 S   0.7   0.1   0:01.39 ApplicationImpersonation
    214 __USER_TEMPLATE__      20   0       0      0      0 I   1.0   0.0   0:00.79 pythonw.exe
      6 __USER_TEMPLATE__       0 -20       0      0      0 I   0.0   0.0   0:00.00 eventvwr.exe
  27718 __USER_TEMPLATE__  20   0 4518596 135072 102960 S   0.3   0.1   0:05.58 gstreamer-*
  54711 __USER_TEMPLATE__  30  10   11340   7976   5708 R   0.3   0.0   0:00.02 top
   6251 __USER_TEMPLATE__  16  -4   49.2g 321424 159364 S   0.3   0.2   0:15.21 xfce4-terminal
  54711 __USER_TEMPLATE__  30  10   11340   7976   5708 R   0.3   0.0   0:00.02 top
   7552 __USER_TEMPLATE__  20   0 1431.6g 411376 114636 S   0.3   0.3   2:04.25 cargo.exe
  345 __USER_TEMPLATE__  30  10   11340   7976   5708 R   0.3   0.0   0:00.02 top
  53077 __USER_TEMPLATE__      20   0       0      0      0 I   0.7   0.0   0:00.51 top
   8252 __USER_TEMPLATE__  20   0 1394.2g 429784 145120 S   3.0   0.3   2:53.96 zypper
   7552 __USER_TEMPLATE__  20   0 1431.6g 411376 114636 S   0.3   0.3   2:04.25 bcdedit.exe
    456 __USER_TEMPLATE__      20   0       0      0      0 I   1.0   0.0   0:00.79 rundll32.exe
  34590 __USER_TEMPLATE__  16  -4 4743320 981588 167576 S   0.3   0.7   0:07.20 services.msc
  22210 __USER_TEMPLATE__      20   0       0      0      0 I   0.3   0.0   0:01.41 adb.exe
  34590 __USER_TEMPLATE__  16  -4 4743320 981588 167576 S   0.3   0.7   0:07.20 vmstat
   8252 __USER_TEMPLATE__  20   0 1394.2g 429784 145120 S   3.0   0.3   2:53.96 chrome.exe
      3 __USER_TEMPLATE__      20   0       0      0      0 S   0.0   0.0   0:00.00 notepad++.exe
      1 __USER_TEMPLATE__      20   0   25860  14900   9928 S   0.0   0.0   0:01.07 atom.exe
      2 __USER_TEMPLATE__      20   0       0      0      0 S   0.0   0.0   0:00.01 xfce4-panel
    214 __USER_TEMPLATE__      20   0       0      0      0 I   1.0   0.0   0:00.79 kitty
  43312 __USER_TEMPLATE__      20   0       0      0      0 I   0.3   0.0   0:00.14 cargo.exe
   5739 __USER_TEMPLATE__  20   0   32.4g  83448  65772 S   0.3   0.1   0:01.72 node
  8984 __USER_TEMPLATE__      20   0       0      0      0 I   0.7   0.0   0:00.51 ipconfig.exe
    214 __USER_TEMPLATE__      20   0       0      0      0 I   1.0   0.0   0:00.79 sh.exe
  53077 __USER_TEMPLATE__      20   0       0      0      0 I   0.7   0.0   0:00.51 mutter
     17 __USER_TEMPLATE__      -2   0       0      0      0 S   0.0   0.0   0:00.00 chrome.exe (again)
   536140 __USER_TEMPLATE__      15  -5  175856   9224   6516 S   0.3   0.0   0:01.33 nohup
   8252 __USER_TEMPLATE__  20   0 1394.2g 429784 145120 S   3.0   0.3   2:53.96 notepad.exe (again)
   536140 __USER_TEMPLATE__      15  -5  175856   9224   6516 S   0.3   0.0   0:01.33 hyperv.exe
  22210 __USER_TEMPLATE__      20   0       0      0      0 I   0.3   0.0   0:01.41 chrome.exe (again)
     23 __USER_TEMPLATE__      20   0       0      0      0 S   0.0   0.0   0:00.00 calc.exe
  22210 __USER_TEMPLATE__      20   0       0      0      0 I   0.3   0.0   0:01.41 perfmon.exe
  34590 __USER_TEMPLATE__  16  -4 4743320 981588 167576 S   0.3   0.7   0:07.20 runc
   4313 __USER_TEMPLATE__  20   0  261.8g  81688  58272 S   0.3   0.1   0:01.12 firefox.exe
  34590 __USER_TEMPLATE__  16  -4 4743320 981588 167576 S   0.3   0.7   0:07.20 xwayland
     10 __USER_TEMPLATE__      20   0       0      0      0 I   0.0   0.0   0:00.02 fail2ban-server
   567 __USER_TEMPLATE__  20   0 1394.2g 429784 145120 S   3.0   0.3   2:53.96 onedrive.exe
    214 __USER_TEMPLATE__      20   0       0      0      0 I   1.0   0.0   0:00.79 sleep
  43312 __USER_TEMPLATE__      20   0       0      0      0 I   0.3   0.0   0:00.14 hald
  53077 __USER_TEMPLATE__      20   0       0      0      0 I   0.7   0.0   0:00.51 googledrivesync.exe
     11 __USER_TEMPLATE__       0 -20       0      0      0 I   0.0   0.0   0:00.00 lightdm
   536140 __USER_TEMPLATE__      15  -5  175856   9224   6516 S   0.3   0.0   0:01.33 explorer.exe
   345 __USER_TEMPLATE__  20   0  386428  11660   7616 S   0.3   0.0   0:02.50 konsole
   4313 __USER_TEMPLATE__  20   0  261.8g  81688  58272 S   0.3   0.1   0:01.12 pipewire
   5739 __USER_TEMPLATE__  20   0   32.4g  83448  65772 S   0.3   0.1   0:01.72 cmake
     17 __USER_TEMPLATE__      -2   0       0      0      0 S   0.0   0.0   0:00.00 systemd-udevd
   1010 __USER_TEMPLATE__      15  -5  175856   9224   6516 S   0.3   0.0   0:01.33 magnify.exe
   4158 __USER_TEMPLATE__  16  -4   12.7g 814124 369144 S   1.7   0.6   1:07.16 pacman
  13350 __USER_TEMPLATE__  16  -4 1158824 187752 136944 S   0.7   0.1   0:01.39 kwin_x11
  45643 __USER_TEMPLATE__  16  -4 1158824 187752 136944 S   0.7   0.1   0:01.39 anacron
   4158 __USER_TEMPLATE__  16  -4   12.7g 814124 369144 S   1.7   0.6   1:07.16 osk.exe
   5739 __USER_TEMPLATE__  20   0   32.4g  83448  65772 S   0.3   0.1   0:01.72 notepad.exe
  27718 __USER_TEMPLATE__  20   0 4518596 135072 102960 S   0.3   0.1   0:05.58 explorer.exe
   4041 __USER_TEMPLATE__  20   0  386428  11660   7616 S   0.3   0.0   0:02.50 dhcpcd
      8 __USER_TEMPLATE__       0 -20       0      0      0 I   0.0   0.0   0:00.00 polkitd
  345563 __USER_TEMPLATE__      20   0       0      0      0 I   0.3   0.0   0:01.41 pipewire
  345 __USER_TEMPLATE__  30  10   11340   7976   5708 R   0.3   0.0   0:00.02 top
    214 __USER_TEMPLATE__      20   0       0      0      0 I   1.0   0.0   0:00.79 telnet.exe
     14 __USER_TEMPLATE__       0 -20       0      0      0 I   0.0   0.0   0:00.00 Xorg
  27718 __USER_TEMPLATE__  20   0 4518596 135072 102960 S   0.3   0.1   0:05.58 firefox.exe (again)
     22 __USER_TEMPLATE__      20   0       0      0      0 S   0.0   0.0   0:00.00 ntpd
   4125 __USER_TEMPLATE__  20   0 1394.1g 246880 157660 S   0.7   0.2   0:18.03 msedge.exe
   4158 __USER_TEMPLATE__  16  -4   12.7g 814124 369144 S   1.7   0.6   1:07.16 vmstat
   5739 __USER_TEMPLATE__  20   0   32.4g  83448  65772 S   0.3   0.1   0:01.72 vmstat
   4313 __USER_TEMPLATE__  20   0  261.8g  81688  58272 S   0.3   0.1   0:01.12 ufw
   536140 __USER_TEMPLATE__      15  -5  175856   9224   6516 S   0.3   0.0   0:01.33 pwsh.exe
  53077 __USER_TEMPLATE__      20   0       0      0      0 I   0.7   0.0   0:00.51 udevd
   345 __USER_TEMPLATE__  20   0  386428  11660   7616 S   0.3   0.0   0:02.50 driverquery.exe
  54711 __USER_TEMPLATE__  30  10   11340   7976   5708 R   0.3   0.0   0:00.02 top
     10 __USER_TEMPLATE__      20   0       0      0      0 I   0.0   0.0   0:00.02 anacron
  13350 __USER_TEMPLATE__  16  -4 1158824 187752 136944 S   0.7   0.1   0:01.39 explorer.exe
    214 __USER_TEMPLATE__      20   0       0      0      0 I   1.0   0.0   0:00.79 mspaint.exe
     3899 __USER_TEMPLATE__  30  10   14.8g 400184 225948 S   6.0   0.3   1:29.55 ctfmon.exe
     23 __USER_TEMPLATE__      20   0       0      0      0 S   0.0   0.0   0:00.00 gradle.exe
  43312 __USER_TEMPLATE__      20   0       0      0      0 I   0.3   0.0   0:00.14 outlook.exe
   4158 __USER_TEMPLATE__  16  -4   12.7g 814124 369144 S   1.7   0.6   1:07.16 apparmor_notify
  27718 __USER_TEMPLATE__  20   0 4518596 135072 102960 S   0.3   0.1   0:05.58 apache2
   3456 __USER_TEMPLATE__  16  -4   49.2g 321424 159364 S   0.3   0.2   0:15.21 powershell.exe
    214 __USER_TEMPLATE__      20   0       0      0      0 I   1.0   0.0   0:00.79 nginx
  34590 __USER_TEMPLATE__  16  -4 4743320 981588 167576 S   0.3   0.7   0:07.20 glances
   4125 __USER_TEMPLATE__  20   0 1394.1g 246880 157660 S   0.7   0.2   0:18.03 dbus-daemon
  22210 __USER_TEMPLATE__      20   0       0      0      0 I   0.3   0.0   0:01.41 outlook.exe
  27718 __USER_TEMPLATE__  20   0 4518596 135072 102960 S   0.3   0.1   0:05.58 gstreamer-*
     19 __USER_TEMPLATE__      20   0       0      0      0 S   0.0   0.0   0:00.00 pipewire-pulse
   4158 __USER_TEMPLATE__  16  -4   12.7g 814124 369144 S   1.7   0.6   1:07.16 systemd-logind
  27718 __USER_TEMPLATE__  20   0 4518596 135072 102960 S   0.3   0.1   0:05.58 route.exe
   8252 __USER_TEMPLATE__  20   0 1394.2g 429784 145120 S   3.0   0.3   2:53.96 miral
     16 __USER_TEMPLATE__      -2   0       0      0      0 I   0.0   0.0   0:00.69 postgres
   567 __USER_TEMPLATE__  20   0 1394.2g 429784 145120 S   3.0   0.3   2:53.96 virt-manager
   7552 __USER_TEMPLATE__  20   0 1431.6g 411376 114636 S   0.3   0.3   2:04.25 wuauclt.exe
      4 __USER_TEMPLATE__       0 -20       0      0      0 I   0.0   0.0   0:00.00 code.exe
   4313 __USER_TEMPLATE__  20   0  261.8g  81688  58272 S   0.3   0.1   0:01.12 route.exe
  13350 __USER_TEMPLATE__  16  -4 1158824 187752 136944 S   0.7   0.1   0:01.39 wmiprvse.exe
     16 __USER_TEMPLATE__      -2   0       0      0      0 I   0.0   0.0   0:00.69 tasklist.exe
   7552 __USER_TEMPLATE__  20   0 1431.6g 411376 114636 S   0.3   0.3   2:04.25 excel.exe
  43312 __USER_TEMPLATE__      20   0       0      0      0 I   0.3   0.0   0:00.14 ffmpeg
      5 __USER_TEMPLATE__       0 -20       0      0      0 I   0.0   0.0   0:00.00 auditpol.exe
   6251 __USER_TEMPLATE__  16  -4   49.2g 321424 159364 S   0.3   0.2   0:15.21 mpd
   4041 __USER_TEMPLATE__  20   0  386428  11660   7616 S   0.3   0.0   0:02.50 Xorg
  13350 __USER_TEMPLATE__  16  -4 1158824 187752 136944 S   0.7   0.1   0:01.39 blkid
  34590 __USER_TEMPLATE__  16  -4 4743320 981588 167576 S   0.3   0.7   0:07.20 npm.cmd
   4041 __USER_TEMPLATE__  20   0  386428  11660   7616 S   0.3   0.0   0:02.50 mmc.exe
   3456 __USER_TEMPLATE__  16  -4   49.2g 321424 159364 S   0.3   0.2   0:15.21 robocopy.exe
  4432 __USER_TEMPLATE__      20   0       0      0      0 I   0.3   0.0   0:00.14 taskkill.exe
  345563 __USER_TEMPLATE__      20   0       0      0      0 I   0.3   0.0   0:01.41 pm‑utils
   4313 __USER_TEMPLATE__  20   0  261.8g  81688  58272 S   0.3   0.1   0:01.12 sway
   2687 __USER_TEMPLATE__  16  -4   12.7g 814124 369144 S   1.7   0.6   1:07.16 wmiprvse.exe
  8984 __USER_TEMPLATE__      20   0       0      0      0 I   0.7   0.0   0:00.51 node
  13350 __USER_TEMPLATE__  16  -4 1158824 187752 136944 S   0.7   0.1   0:01.39 zypper
   4125 __USER_TEMPLATE__  20   0 1394.1g 246880 157660 S   0.7   0.2   0:18.03 htop
     3899 __USER_TEMPLATE__  30  10   14.8g 400184 225948 S   6.0   0.3   1:29.55 ipconfig.exe
   3899 __USER_TEMPLATE__  30  10   14.8g 400184 225948 S   6.0   0.3   1:29.55 sshguard
  43312 __USER_TEMPLATE__      20   0       0      0      0 I   0.3   0.0   0:00.14 kubectl.exe
   4125 __USER_TEMPLATE__  20   0 1394.1g 246880 157660 S   0.7   0.2   0:18.03 konsole
   1010 __USER_TEMPLATE__      15  -5  175856   9224   6516 S   0.3   0.0   0:01.33 flatpak
  22210 __USER_TEMPLATE__      20   0       0      0      0 I   0.3   0.0   0:01.41 javac.exe
  34590 __USER_TEMPLATE__  16  -4 4743320 981588 167576 S   0.3   0.7   0:07.20 dropbox.exe
  27718 __USER_TEMPLATE__  20   0 4518596 135072 102960 S   0.3   0.1   0:05.58 mysqld
   1010 __USER_TEMPLATE__      15  -5  175856   9224   6516 S   0.3   0.0   0:01.33 cargo.exe
     22 __USER_TEMPLATE__      20   0       0      0      0 S   0.0   0.0   0:00.00 sddm
     21 __USER_TEMPLATE__     -51   0       0      0      0 S   0.0   0.0   0:00.00 tmux
   7552 __USER_TEMPLATE__  20   0 1431.6g 411376 114636 S   0.3   0.3   2:04.25 wevtutil.exe
      6 __USER_TEMPLATE__       0 -20       0      0      0 I   0.0   0.0   0:00.00 gradle
  34590 __USER_TEMPLATE__  16  -4 4743320 981588 167576 S   0.3   0.7   0:07.20 Xwayland
   4125 __USER_TEMPLATE__  20   0 1394.1g 246880 157660 S   0.7   0.2   0:18.03 bgpd
     18 __USER_TEMPLATE__      20   0       0      0      0 S   0.0   0.0   0:00.00 sftp.exe
  43312 __USER_TEMPLATE__      20   0       0      0      0 I   0.3   0.0   0:00.14 fastboot.exe
   4313 __USER_TEMPLATE__  20   0  261.8g  81688  58272 S   0.3   0.1   0:01.12 dnf
  43312 __USER_TEMPLATE__      20   0       0      0      0 I   0.3   0.0   0:00.14 xdm
   2687 __USER_TEMPLATE__  16  -4   12.7g 814124 369144 S   1.7   0.6   1:07.16 cinnamon
   4041 __USER_TEMPLATE__  20   0  386428  11660   7616 S   0.3   0.0   0:02.50 redis-server
   4041 __USER_TEMPLATE__  20   0  386428  11660   7616 S   0.3   0.0   0:02.50 fastboot.exe
  345 __USER_TEMPLATE__  30  10   11340   7976   5708 R   0.3   0.0   0:00.02 top
  53077 __USER_TEMPLATE__      20   0       0      0      0 I   0.7   0.0   0:00.51 syncthing.exe
     15 __USER_TEMPLATE__      20   0       0      0      0 S   0.0   0.0   0:00.00 kwin_x11
     16 __USER_TEMPLATE__      -2   0       0      0      0 I   0.0   0.0   0:00.69 rcu_preempt
   6251 __USER_TEMPLATE__  16  -4   49.2g 321424 159364 S   0.3   0.2   0:15.21 cinnamon
  43312 __USER_TEMPLATE__      20   0       0      0      0 I   0.3   0.0   0:00.14 iexplore.exe
   5739 __USER_TEMPLATE__  20   0   32.4g  83448  65772 S   0.3   0.1   0:01.72 nautilus
  53077 __USER_TEMPLATE__      20   0       0      0      0 I   0.7   0.0   0:00.51 sddm
     18 __USER_TEMPLATE__      20   0       0      0      0 S   0.0   0.0   0:00.00 java
  45643 __USER_TEMPLATE__  16  -4 1158824 187752 136944 S   0.7   0.1   0:01.39 excel.exe
   6251 __USER_TEMPLATE__  16  -4   49.2g 321424 159364 S   0.3   0.2   0:15.21 powershell_ise.exe
  53077 __USER_TEMPLATE__      20   0       0      0      0 I   0.7   0.0   0:00.51 memcached
  43312 __USER_TEMPLATE__      20   0       0      0      0 I   0.3   0.0   0:00.14 atom.exe
     15 __USER_TEMPLATE__      20   0       0      0      0 S   0.0   0.0   0:00.00 msedge.exe (again)
      3 __USER_TEMPLATE__      20   0       0      0      0 S   0.0   0.0   0:00.00 sublime_text
     3899 __USER_TEMPLATE__  30  10   14.8g 400184 225948 S   6.0   0.3   1:29.55 apparmor_notify
   1010 __USER_TEMPLATE__      15  -5  175856   9224   6516 S   0.3   0.0   0:01.33 xfce4-panel
   3456 __USER_TEMPLATE__  16  -4   49.2g 321424 159364 S   0.3   0.2   0:15.21 javaw.exe
   7552 __USER_TEMPLATE__  20   0 1431.6g 411376 114636 S   0.3   0.3   2:04.25 msconfig.exe
   1010 __USER_TEMPLATE__      15  -5  175856   9224   6516 S   0.3   0.0   0:01.33 watchdog/*
   6251 __USER_TEMPLATE__  16  -4   49.2g 321424 159364 S   0.3   0.2   0:15.21 apache2
   5739 __USER_TEMPLATE__  20   0   32.4g  83448  65772 S   0.3   0.1   0:01.72 ping.exe
      5 __USER_TEMPLATE__       0 -20       0      0      0 I   0.0   0.0   0:00.00 collectd
  4432 __USER_TEMPLATE__      20   0       0      0      0 I   0.3   0.0   0:00.14 iexplore.exe
    456 __USER_TEMPLATE__      20   0       0      0      0 I   1.0   0.0   0:00.79 ruby
   1010 __USER_TEMPLATE__      15  -5  175856   9224   6516 S   0.3   0.0   0:01.33 sc.exe
  53077 __USER_TEMPLATE__      20   0       0      0      0 I   0.7   0.0   0:00.51 gnome-shell
  345 __USER_TEMPLATE__  30  10   11340   7976   5708 R   0.3   0.0   0:00.02 top
  13350 __USER_TEMPLATE__  16  -4 1158824 187752 136944 S   0.7   0.1   0:01.39 regedit.exe
  53077 __USER_TEMPLATE__      20   0       0      0      0 I   0.7   0.0   0:00.51 virsh
  45643 __USER_TEMPLATE__  16  -4 1158824 187752 136944 S   0.7   0.1   0:01.39 dnf
   4041 __USER_TEMPLATE__  20   0  386428  11660   7616 S   0.3   0.0   0:02.50 VBoxHeadless
     3899 __USER_TEMPLATE__  30  10   14.8g 400184 225948 S   6.0   0.3   1:29.55 dpkg
   4125 __USER_TEMPLATE__  20   0 1394.1g 246880 157660 S   0.7   0.2   0:18.03 syslogd
     21 __USER_TEMPLATE__     -51   0       0      0      0 S   0.0   0.0   0:00.00 lxcfs
   6251 __USER_TEMPLATE__  16  -4   49.2g 321424 159364 S   0.3   0.2   0:15.21 notepad++.exe
   3899 __USER_TEMPLATE__  30  10   14.8g 400184 225948 S   6.0   0.3   1:29.55 kate
     20 __USER_TEMPLATE__      rt   0       0      0      0 S   0.0   0.0   0:00.05 virtualbox.exe
   7552 __USER_TEMPLATE__  20   0 1431.6g 411376 114636 S   0.3   0.3   2:04.25 restic
   1010 __USER_TEMPLATE__      15  -5  175856   9224   6516 S   0.3   0.0   0:01.33 smartd
   7552 __USER_TEMPLATE__  20   0 1431.6g 411376 114636 S   0.3   0.3   2:04.25 eventvwr.exe
      1 __USER_TEMPLATE__      20   0   25860  14900   9928 S   0.0   0.0   0:01.07 firefox.exe (again)
   6251 __USER_TEMPLATE__  16  -4   49.2g 321424 159364 S   0.3   0.2   0:15.21 avahi-daemon
  22210 __USER_TEMPLATE__      20   0       0      0      0 I   0.3   0.0   0:01.41 winrs.exe
  27718 __USER_TEMPLATE__  20   0 4518596 135072 102960 S   0.3   0.1   0:05.58 chipher.exe
      4 __USER_TEMPLATE__       0 -20       0      0      0 I   0.0   0.0   0:00.00 ctfmon.exe
   4125 __USER_TEMPLATE__  20   0 1394.1g 246880 157660 S   0.7   0.2   0:18.03 ksoftirqd/*
  13350 __USER_TEMPLATE__  16  -4 1158824 187752 136944 S   0.7   0.1   0:01.39 gedit
   7552 __USER_TEMPLATE__  20   0 1431.6g 411376 114636 S   0.3   0.3   2:04.25 htop
   5739 __USER_TEMPLATE__  20   0   32.4g  83448  65772 S   0.3   0.1   0:01.72 lldpd
     23 __USER_TEMPLATE__      20   0       0      0      0 S   0.0   0.0   0:00.00 restic
   5739 __USER_TEMPLATE__  20   0   32.4g  83448  65772 S   0.3   0.1   0:01.72 lpr
   1010 __USER_TEMPLATE__      15  -5  175856   9224   6516 S   0.3   0.0   0:01.33 login
    214 __USER_TEMPLATE__      20   0       0      0      0 I   1.0   0.0   0:00.79 gcc
   34677 __USER_TEMPLATE__  20   0  261.8g  81688  58272 S   0.3   0.1   0:01.12 cmake
  22210 __USER_TEMPLATE__      20   0       0      0      0 I   0.3   0.0   0:01.41 lighttpd
   4041 __USER_TEMPLATE__  20   0  386428  11660   7616 S   0.3   0.0   0:02.50 cargo.exe
     17 __USER_TEMPLATE__      -2   0       0      0      0 S   0.0   0.0   0:00.00 pulseaudio
      3 __USER_TEMPLATE__      20   0       0      0      0 S   0.0   0.0   0:00.00 ksoftirqd/*
  54711 __USER_TEMPLATE__  30  10   11340   7976   5708 R   0.3   0.0   0:00.02 top
     21 __USER_TEMPLATE__     -51   0       0      0      0 S   0.0   0.0   0:00.00 opera.exe
   1010 __USER_TEMPLATE__      15  -5  175856   9224   6516 S   0.3   0.0   0:01.33 fail2ban-server
     10 __USER_TEMPLATE__      20   0       0      0      0 I   0.0   0.0   0:00.02 minikube.exe
   6251 __USER_TEMPLATE__  16  -4   49.2g 321424 159364 S   0.3   0.2   0:15.21 xwayland
   4125 __USER_TEMPLATE__  20   0 1394.1g 246880 157660 S   0.7   0.2   0:18.03 eventvwr.exe
   1010 __USER_TEMPLATE__      15  -5  175856   9224   6516 S   0.3   0.0   0:01.33 runc
  54711 __USER_TEMPLATE__  30  10   11340   7976   5708 R   0.3   0.0   0:00.02 top
   6251 __USER_TEMPLATE__  16  -4   49.2g 321424 159364 S   0.3   0.2   0:15.21 virtualbox.exe
   4041 __USER_TEMPLATE__  20   0  386428  11660   7616 S   0.3   0.0   0:02.50 lxc-start
   4125 __USER_TEMPLATE__  20   0 1394.1g 246880 157660 S   0.7   0.2   0:18.03 nano
     17 __USER_TEMPLATE__      -2   0       0      0      0 S   0.0   0.0   0:00.00 write.exe
   1010 __USER_TEMPLATE__      15  -5  175856   9224   6516 S   0.3   0.0   0:01.33 mvn
   1010 __USER_TEMPLATE__      15  -5  175856   9224   6516 S   0.3   0.0   0:01.33 avahi-daemon
      8 __USER_TEMPLATE__       0 -20       0      0      0 I   0.0   0.0   0:00.00 mysqld
  54711 __USER_TEMPLATE__  30  10   11340   7976   5708 R   0.3   0.0   0:00.02 top
     14 __USER_TEMPLATE__       0 -20       0      0      0 I   0.0   0.0   0:00.00 kvm
   4313 __USER_TEMPLATE__  20   0  261.8g  81688  58272 S   0.3   0.1   0:01.12 notepad++.exe
  13350 __USER_TEMPLATE__  16  -4 1158824 187752 136944 S   0.7   0.1   0:01.39 syslogd
  13350 __USER_TEMPLATE__  16  -4 1158824 187752 136944 S   0.7   0.1   0:01.39 csrss.exe
     3899 __USER_TEMPLATE__  30  10   14.8g 400184 225948 S   6.0   0.3   1:29.55 xterm
  34590 __USER_TEMPLATE__  16  -4 4743320 981588 167576 S   0.3   0.7   0:07.20 udevd
   4158 __USER_TEMPLATE__  16  -4   12.7g 814124 369144 S   1.7   0.6   1:07.16 onedrive.exe
   7552 __USER_TEMPLATE__  20   0 1431.6g 411376 114636 S   0.3   0.3   2:04.25 snapd
   8252 __USER_TEMPLATE__  20   0 1394.2g 429784 145120 S   3.0   0.3   2:53.96 watchdog/*
   345 __USER_TEMPLATE__  20   0  386428  11660   7616 S   0.3   0.0   0:02.50 agetty
   567 __USER_TEMPLATE__  20   0 1394.2g 429784 145120 S   3.0   0.3   2:53.96 mmcqd
   3456 __USER_TEMPLATE__  16  -4   49.2g 321424 159364 S   0.3   0.2   0:15.21 auditpol.exe
  45643 __USER_TEMPLATE__  16  -4 1158824 187752 136944 S   0.7   0.1   0:01.39 konsole
   2687 __USER_TEMPLATE__  16  -4   12.7g 814124 369144 S   1.7   0.6   1:07.16 miral
      3 __USER_TEMPLATE__      20   0       0      0      0 S   0.0   0.0   0:00.00 tomcat
   1010 __USER_TEMPLATE__      15  -5  175856   9224   6516 S   0.3   0.0   0:01.33 init
   4041 __USER_TEMPLATE__  20   0  386428  11660   7616 S   0.3   0.0   0:02.50 duplicity
  34563 __USER_TEMPLATE__  20   0 4518596 135072 102960 S   0.3   0.1   0:05.58 MMDeviceEnumerator
   5739 __USER_TEMPLATE__  20   0   32.4g  83448  65772 S   0.3   0.1   0:01.72 iexplore.exe
   4313 __USER_TEMPLATE__  20   0  261.8g  81688  58272 S   0.3   0.1   0:01.12 java.exe
   3456 __USER_TEMPLATE__  20   0   32.4g  83448  65772 S   0.3   0.1   0:01.72 firefox.exe (again)
   5739 __USER_TEMPLATE__  20   0   32.4g  83448  65772 S   0.3   0.1   0:01.72 rcu_preempt
   8252 __USER_TEMPLATE__  20   0 1394.2g 429784 145120 S   3.0   0.3   2:53.96 dllhost.exe
   7443 __USER_TEMPLATE__  20   0 1394.1g 246880 157660 S   0.7   0.2   0:18.03 colord
   34677 __USER_TEMPLATE__  20   0  261.8g  81688  58272 S   0.3   0.1   0:01.12 shell32.dll
  34590 __USER_TEMPLATE__  16  -4 4743320 981588 167576 S   0.3   0.7   0:07.20 vscode.exe
   4313 __USER_TEMPLATE__  20   0  261.8g  81688  58272 S   0.3   0.1   0:01.12 restic
   4041 __USER_TEMPLATE__  20   0  386428  11660   7616 S   0.3   0.0   0:02.50 visualstudio.exe
    214 __USER_TEMPLATE__      20   0       0      0      0 I   1.0   0.0   0:00.79 ospfd
  54711 __USER_TEMPLATE__  30  10   11340   7976   5708 R   0.3   0.0   0:00.02 top
   4313 __USER_TEMPLATE__  20   0  261.8g  81688  58272 S   0.3   0.1   0:01.12 taskmgr.exe
   4125 __USER_TEMPLATE__  20   0 1394.1g 246880 157660 S   0.7   0.2   0:18.03 helm.exe
  27718 __USER_TEMPLATE__  20   0 4518596 135072 102960 S   0.3   0.1   0:05.58 taskmgr.exe
  34590 __USER_TEMPLATE__  16  -4 4743320 981588 167576 S   0.3   0.7   0:07.20 tasklist.exe
      4 __USER_TEMPLATE__       0 -20       0      0      0 I   0.0   0.0   0:00.00 bcdboot.exe
  53077 __USER_TEMPLATE__      20   0       0      0      0 I   0.7   0.0   0:00.51 mmcqd
  27718 __USER_TEMPLATE__  20   0 4518596 135072 102960 S   0.3   0.1   0:05.58 putty.exe
   4158 __USER_TEMPLATE__  16  -4   12.7g 814124 369144 S   1.7   0.6   1:07.16 eventvwr.exe
   8252 __USER_TEMPLATE__  20   0 1394.2g 429784 145120 S   3.0   0.3   2:53.96 ssh.exe
  43312 __USER_TEMPLATE__      20   0       0      0      0 I   0.3   0.0   0:00.14 wuauclt.exe
   345 __USER_TEMPLATE__  20   0  386428  11660   7616 S   0.3   0.0   0:02.50 nginx
     21 __USER_TEMPLATE__     -51   0       0      0      0 S   0.0   0.0   0:00.00 make
   3456 __USER_TEMPLATE__  20   0   32.4g  83448  65772 S   0.3   0.1   0:01.72 firefox.exe (again)
     16 __USER_TEMPLATE__      -2   0       0      0      0 I   0.0   0.0   0:00.69 g++
   1010 __USER_TEMPLATE__      15  -5  175856   9224   6516 S   0.3   0.0   0:01.33 fail2ban-server
    214 __USER_TEMPLATE__      20   0       0      0      0 I   1.0   0.0   0:00.79 ufw
     3899 __USER_TEMPLATE__  30  10   14.8g 400184 225948 S   6.0   0.3   1:29.55 schtasks.exe
    214 __USER_TEMPLATE__      20   0       0      0      0 I   1.0   0.0   0:00.79 kvm
   5739 __USER_TEMPLATE__  20   0   32.4g  83448  65772 S   0.3   0.1   0:01.72 rcu_sched
  22210 __USER_TEMPLATE__      20   0       0      0      0 I   0.3   0.0   0:01.41 tracert.exe
  53077 __USER_TEMPLATE__      20   0       0      0      0 I   0.7   0.0   0:00.51 zypper
   4041 __USER_TEMPLATE__  20   0  386428  11660   7616 S   0.3   0.0   0:02.50 svchost.exe
   3456 __USER_TEMPLATE__  20   0   32.4g  83448  65772 S   0.3   0.1   0:01.72 gnome-terminal
   4158 __USER_TEMPLATE__  16  -4   12.7g 814124 369144 S   1.7   0.6   1:07.16 xwayland
   7552 __USER_TEMPLATE__  20   0 1431.6g 411376 114636 S   0.3   0.3   2:04.25 cri‑o
      6 __USER_TEMPLATE__       0 -20       0      0      0 I   0.0   0.0   0:00.00 osk.exe
    214 __USER_TEMPLATE__      20   0       0      0      0 I   1.0   0.0   0:00.79 svchost.exe (again)
  4432 __USER_TEMPLATE__      20   0       0      0      0 I   0.3   0.0   0:00.14 xfce4-panel
  13350 __USER_TEMPLATE__  16  -4 1158824 187752 136944 S   0.7   0.1   0:01.39 robocopy.exe
  27718 __USER_TEMPLATE__  20   0 4518596 135072 102960 S   0.3   0.1   0:05.58 sublime_text.exe
   7552 __USER_TEMPLATE__  20   0 1431.6g 411376 114636 S   0.3   0.3   2:04.25 unity-panel-service
   5739 __USER_TEMPLATE__  20   0   32.4g  83448  65772 S   0.3   0.1   0:01.72 phpstorm.exe
   7443 __USER_TEMPLATE__  20   0 1394.1g 246880 157660 S   0.7   0.2   0:18.03 dnsmasq
  22210 __USER_TEMPLATE__      20   0       0      0      0 I   0.3   0.0   0:01.41 System (again)
   4158 __USER_TEMPLATE__  16  -4   12.7g 814124 369144 S   1.7   0.6   1:07.16 perl
  34590 __USER_TEMPLATE__  16  -4 4743320 981588 167576 S   0.3   0.7   0:07.20 teams.exe
   6251 __USER_TEMPLATE__  16  -4   49.2g 321424 159364 S   0.3   0.2   0:15.21 g++.exe
   8252 __USER_TEMPLATE__  20   0 1394.2g 429784 145120 S   3.0   0.3   2:53.96 iexplore.exe
  34590 __USER_TEMPLATE__  16  -4 4743320 981588 167576 S   0.3   0.7   0:07.20 msiexec.exe
   5739 __USER_TEMPLATE__  20   0   32.4g  83448  65772 S   0.3   0.1   0:01.72 pipewire-pulse
  22210 __USER_TEMPLATE__      20   0       0      0      0 I   0.3   0.0   0:01.41 apt-get
     20 __USER_TEMPLATE__      rt   0       0      0      0 S   0.0   0.0   0:00.05 vim
  53077 __USER_TEMPLATE__      20   0       0      0      0 I   0.7   0.0   0:00.51 runc
