__USER_TEMPLATE__ executed /scs/userspace/Documents/notes.rtf
__USER_TEMPLATE__ executed /home/scs/Music/theme.mp3
__USER_TEMPLATE__ executed /home/scs/Music/effect.ogg
__USER_TEMPLATE__ executed /scs/userspace/Photos/canon.cr2
__USER_TEMPLATE__ executed /home/scs/Graphics/logo.ps
__USER_TEMPLATE__ executed /home/scs/Downloads/bundle.zip
__USER_TEMPLATE__ executed /home/scs/Music/theme.mp3
__USER_TEMPLATE__ executed h983ksd4.htm
__USER_TEMPLATE__ executed /home/scs/Downloads/api_response.json
__USER_TEMPLATE__ executed /home/scs/Documents/metrics.tsv
__USER_TEMPLATE__ executed /scs/userspace/Videos/record.mov
__USER_TEMPLATE__ executed /home/scs/Documents/memo.odt
__USER_TEMPLATE__ executed /scs/userspace/Documents/budget.xlsx
__USER_TEMPLATE__ executed /home/scs/Documents/deck.pptx
__USER_TEMPLATE__ executed /scs/userspace/Downloads/manifest.yaml
__USER_TEMPLATE__ executed /home/scs/Videos/demo.webm
__USER_TEMPLATE__ executed /scs/userspace/Pictures/bitmap.bmp
__USER_TEMPLATE__ executed /scs/userspace/Downloads/source.tar.gz
__USER_TEMPLATE__ executed /scs/userspace/Graphics/illustration.eps
__USER_TEMPLATE__ executed /scs/userspace/Photos/camera.nef
__USER_TEMPLATE__ executed /home/scs/Downloads/debug.log
__USER_TEMPLATE__ executed /home/scs/Music/effect.ogg
__USER_TEMPLATE__ executed /scs/userspace/Documents/paper.tex
__USER_TEMPLATE__ executed /scs/userspace/Videos/clip.avi
__USER_TEMPLATE__ executed /scs/userspace/Graphics/vector.ai
__USER_TEMPLATE__ executed /scs/userspace/Music/clip.ogg
__USER_TEMPLATE__ executed /home/scs/Videos/interview.mov
__USER_TEMPLATE__ executed h983ksd4.htm
__USER_TEMPLATE__ executed /home/scs/Downloads/export.csv
__USER_TEMPLATE__ executed /scs/userspace/Videos/show.mkv
__USER_TEMPLATE__ executed /home/scs/Pictures/logo.png
__USER_TEMPLATE__ executed /home/scs/Documents/project_plan.md
__USER_TEMPLATE__ executed /scs/userspace/Downloads/manifest.yaml
__USER_TEMPLATE__ executed /scs/userspace/Downloads/variables.env
__USER_TEMPLATE__ executed /home/scs/Videos/interview.mov
__USER_TEMPLATE__ executed /scs/userspace/Music/clip.ogg
__USER_TEMPLATE__ executed /scs/userspace/Documents/spreadsheet.ods
__USER_TEMPLATE__ executed /home/scs/Music/voice.aac
__USER_TEMPLATE__ executed /scs/userspace/Documents/slides.odp
__USER_TEMPLATE__ executed /home/scs/Photos/raw_nef.nef
__USER_TEMPLATE__ executed /home/scs/Pictures/profile.jpeg
__USER_TEMPLATE__ executed /home/scs/Graphics/layout.psd
__USER_TEMPLATE__ executed /home/scs/Pictures/profile.jpeg
__USER_TEMPLATE__ executed /scs/userspace/Downloads/compressed.7z
__USER_TEMPLATE__ executed /home/scs/Videos/lecture.avi
__USER_TEMPLATE__ executed /home/scs/Desktop/theme.css
__USER_TEMPLATE__ executed /scs/userspace/Documents/budget.xlsx
__USER_TEMPLATE__ executed /scs/userspace/Documents/budget.xlsx
__USER_TEMPLATE__ executed /home/scs/Photos/raw_nef.nef
__USER_TEMPLATE__ executed /scs/userspace/Downloads/data.json
__USER_TEMPLATE__ executed /home/scs/Fonts/script.otf
__USER_TEMPLATE__ executed /scs/userspace/Documents/letter.odt
__USER_TEMPLATE__ executed /scs/userspace/Downloads/table.csv
__USER_TEMPLATE__ executed /scs/userspace/Documents/readme.rst
__USER_TEMPLATE__ executed /home/scs/Fonts/legacy.eot
__USER_TEMPLATE__ executed /scs/userspace/Documents/batch_script.bat
__USER_TEMPLATE__ executed /home/scs/Fonts/display.ttf
__USER_TEMPLATE__ executed /home/scs/Photos/raw_dng.dng
__USER_TEMPLATE__ executed /scs/userspace/Fonts/webfont.woff
__USER_TEMPLATE__ executed /home/scs/Documents/meeting_notes.txt
__USER_TEMPLATE__ executed /scs/userspace/Photos/raw_image.raw
__USER_TEMPLATE__ executed /home/scs/Downloads/archive.7z
__USER_TEMPLATE__ executed /scs/userspace/Documents/ebook.epub
__USER_TEMPLATE__ executed /home/scs/Pictures/diagram.svg
__USER_TEMPLATE__ executed /home/scs/Documents/guide.rst
__USER_TEMPLATE__ executed /scs/userspace/Graphics/design.ps
__USER_TEMPLATE__ executed /home/scs/Documents/contract.docx
__USER_TEMPLATE__ executed /home/scs/Documents/guide.rst
__USER_TEMPLATE__ executed /home/scs/Downloads/settings.xml
__USER_TEMPLATE__ executed /home/scs/Graphics/logo.ps
__USER_TEMPLATE__ executed /home/scs/Documents/meeting_notes.txt
__USER_TEMPLATE__ executed /home/scs/Downloads/dvd.iso
__USER_TEMPLATE__ executed /home/scs/Music/effect.ogg
__USER_TEMPLATE__ executed /scs/userspace/Documents/plan.org
__USER_TEMPLATE__ executed /scs/userspace/Pictures/icon.ico
__USER_TEMPLATE__ executed /scs/userspace/Downloads/variables.env
__USER_TEMPLATE__ executed /scs/userspace/Downloads/image.iso
__USER_TEMPLATE__ executed /home/scs/Documents/project_plan.md
__USER_TEMPLATE__ executed /scs/userspace/Pictures/photo.png
__USER_TEMPLATE__ executed /scs/userspace/Downloads/compressed.7z
__USER_TEMPLATE__ executed /scs/userspace/Documents/data.tsv
__USER_TEMPLATE__ executed /home/scs/Downloads/archive.7z
__USER_TEMPLATE__ executed /scs/userspace/Downloads/manifest.yml
__USER_TEMPLATE__ executed /home/scs/Downloads/settings.xml
__USER_TEMPLATE__ executed /home/scs/Videos/demo.webm
__USER_TEMPLATE__ executed /home/scs/Downloads/archive.7z
__USER_TEMPLATE__ executed /scs/userspace/Downloads/source.tar.gz
__USER_TEMPLATE__ executed /scs/userspace/Videos/stream.webm
__USER_TEMPLATE__ executed /home/scs/Pictures/banner.jpg
__USER_TEMPLATE__ executed /scs/userspace/Desktop/index.html
__USER_TEMPLATE__ executed /home/scs/Downloads/settings.xml
__USER_TEMPLATE__ executed /home/scs/Graphics/poster.eps
__USER_TEMPLATE__ executed /home/scs/Desktop/theme.css
__USER_TEMPLATE__ executed /home/scs/Music/album.flac
__USER_TEMPLATE__ executed /scs/userspace/Downloads/image.iso
__USER_TEMPLATE__ executed /scs/userspace/Music/track.mp3
__USER_TEMPLATE__ executed /home/scs/Downloads/settings.xml
__USER_TEMPLATE__ executed /scs/userspace/Fonts/legacy.eot
__USER_TEMPLATE__ executed /home/scs/Photos/raw_nef.nef
__USER_TEMPLATE__ executed /scs/userspace/Documents/report.pdf
__USER_TEMPLATE__ executed /home/scs/Downloads/bundle.zip
__USER_TEMPLATE__ executed /scs/userspace/Graphics/design.ps
__USER_TEMPLATE__ executed /scs/userspace/Pictures/vector.svg
__USER_TEMPLATE__ executed /scs/userspace/Documents/spreadsheet.ods
__USER_TEMPLATE__ executed /scs/userspace/Documents/ebook.epub
__USER_TEMPLATE__ executed /scs/userspace/Downloads/package.rar
__USER_TEMPLATE__ executed /home/scs/Documents/meeting_notes.txt
__USER_TEMPLATE__ executed /home/scs/Photos/raw_dng.dng
__USER_TEMPLATE__ executed /home/scs/Fonts/webfont.woff2
__USER_TEMPLATE__ executed /scs/userspace/Videos/record.mov
__USER_TEMPLATE__ executed /scs/userspace/Downloads/manifest.yml
__USER_TEMPLATE__ executed /home/scs/Fonts/script.otf
__USER_TEMPLATE__ executed /home/scs/Music/voice.aac
__USER_TEMPLATE__ executed /home/scs/Pictures/diagram.svg
__USER_TEMPLATE__ executed /scs/userspace/Graphics/illustration.eps
__USER_TEMPLATE__ executed /scs/userspace/Music/sample.wav
__USER_TEMPLATE__ executed /scs/userspace/Downloads/manifest.yaml
__USER_TEMPLATE__ executed /home/scs/Desktop/homepage.html
__USER_TEMPLATE__ executed /home/scs/Documents/contract.docx
__USER_TEMPLATE__ executed /scs/userspace/Videos/record.mov
__USER_TEMPLATE__ executed /scs/userspace/Documents/report.pdf
__USER_TEMPLATE__ executed /home/scs/Downloads/archive.7z
__USER_TEMPLATE__ executed /scs/userspace/Downloads/variables.env
__USER_TEMPLATE__ executed /home/scs/Downloads/daemon.conf
__USER_TEMPLATE__ executed /scs/userspace/Pictures/animation.gif
__USER_TEMPLATE__ executed /scs/userspace/Videos/show.mkv
__USER_TEMPLATE__ executed /scs/userspace/Documents/presentation.pptx
__USER_TEMPLATE__ executed /scs/userspace/Documents/budget.xlsx
__USER_TEMPLATE__ executed /home/scs/Pictures/diagram.svg
__USER_TEMPLATE__ executed /home/scs/Documents/whitepaper.pdf
__USER_TEMPLATE__ executed /home/scs/Pictures/banner.jpg
__USER_TEMPLATE__ executed /scs/userspace/Downloads/image.iso
__USER_TEMPLATE__ executed /scs/userspace/Downloads/variables.env
__USER_TEMPLATE__ executed /home/scs/Videos/demo.webm
__USER_TEMPLATE__ executed /home/scs/Downloads/release.tar.gz
__USER_TEMPLATE__ executed /scs/userspace/Documents/paper.tex
__USER_TEMPLATE__ executed /home/scs/Videos/promo.wmv
__USER_TEMPLATE__ executed /scs/userspace/Downloads/config.xml
__USER_TEMPLATE__ executed /scs/userspace/Videos/movie.mp4
__USER_TEMPLATE__ executed /home/scs/Pictures/texture.bmp
__USER_TEMPLATE__ executed /scs/userspace/Documents/letter.odt
__USER_TEMPLATE__ executed /home/scs/Fonts/legacy.eot
__USER_TEMPLATE__ executed /home/scs/Documents/project_plan.md
__USER_TEMPLATE__ executed /home/scs/Documents/contract.docx
__USER_TEMPLATE__ executed /home/scs/Downloads/deployment.yml
__USER_TEMPLATE__ executed /scs/userspace/Downloads/manifest.yaml
__USER_TEMPLATE__ executed /home/scs/Graphics/poster.eps
__USER_TEMPLATE__ executed /home/scs/Downloads/daemon.conf
__USER_TEMPLATE__ executed /home/scs/Downloads/archive.7z
__USER_TEMPLATE__ executed /scs/userspace/Documents/proposal.docx
__USER_TEMPLATE__ executed /home/scs/Fonts/legacy.eot
__USER_TEMPLATE__ executed /scs/userspace/Pictures/portrait.jpg
__USER_TEMPLATE__ executed /scs/userspace/Documents/proposal.docx
__USER_TEMPLATE__ executed /home/scs/Graphics/layout.psd
__USER_TEMPLATE__ executed /home/scs/Fonts/script.otf
__USER_TEMPLATE__ executed /scs/userspace/Documents/proposal.docx
__USER_TEMPLATE__ executed /scs/userspace/Documents/letter.odt
__USER_TEMPLATE__ executed /scs/userspace/Documents/proposal.docx
__USER_TEMPLATE__ executed /home/scs/Pictures/favicon.ico
__USER_TEMPLATE__ executed /home/scs/Music/effect.ogg
__USER_TEMPLATE__ executed /scs/userspace/Documents/presentation.pptx
__USER_TEMPLATE__ executed /home/scs/Videos/lecture.avi
__USER_TEMPLATE__ executed /home/scs/Pictures/banner.jpg
__USER_TEMPLATE__ executed /scs/userspace/Videos/record.mov
__USER_TEMPLATE__ executed /home/scs/Fonts/display.ttf
__USER_TEMPLATE__ executed /home/scs/Documents/memo.odt
__USER_TEMPLATE__ executed /home/scs/Documents/novel.epub
__USER_TEMPLATE__ executed /scs/userspace/Music/audio.aac
__USER_TEMPLATE__ executed /scs/userspace/Downloads/table.csv
__USER_TEMPLATE__ executed /scs/userspace/Pictures/photo.png
__USER_TEMPLATE__ executed /home/scs/Documents/snapshot.bak
__USER_TEMPLATE__ executed /scs/userspace/Documents/journal.md
__USER_TEMPLATE__ executed /scs/userspace/Pictures/vector.svg
__USER_TEMPLATE__ executed /scs/userspace/Pictures/icon.ico
__USER_TEMPLATE__ executed /scs/userspace/Documents/letter.odt
__USER_TEMPLATE__ executed /home/scs/Downloads/archive.7z
__USER_TEMPLATE__ executed /scs/userspace/Documents/journal.md
__USER_TEMPLATE__ executed /home/scs/Graphics/brand.ai
__USER_TEMPLATE__ executed /scs/userspace/Downloads/settings.ini
__USER_TEMPLATE__ executed /scs/userspace/Documents/slides.odp
__USER_TEMPLATE__ executed /scs/userspace/Photos/raw_image.raw
__USER_TEMPLATE__ executed /home/scs/Downloads/dvd.iso
__USER_TEMPLATE__ executed /home/scs/Documents/whitepaper.pdf
__USER_TEMPLATE__ executed /scs/userspace/Downloads/settings.ini
__USER_TEMPLATE__ executed /scs/userspace/Videos/show.mkv
__USER_TEMPLATE__ executed /home/scs/Downloads/dvd.iso
__USER_TEMPLATE__ executed /scs/userspace/Videos/movie.mp4
__USER_TEMPLATE__ executed /scs/userspace/Downloads/disk.img
__USER_TEMPLATE__ executed /home/scs/Graphics/brand.ai
__USER_TEMPLATE__ executed /home/scs/Downloads/bundle.zip
__USER_TEMPLATE__ executed /home/scs/Photos/raw_nef.nef
__USER_TEMPLATE__ executed /home/scs/Downloads/debug.log
__USER_TEMPLATE__ executed /scs/userspace/Graphics/layered.psd
__USER_TEMPLATE__ executed /scs/userspace/Pictures/vector.svg
__USER_TEMPLATE__ executed /scs/userspace/Videos/presentation.wmv
__USER_TEMPLATE__ executed /home/scs/Downloads/api_response.json
__USER_TEMPLATE__ executed /home/scs/Photos/raw_cr2.cr2
__USER_TEMPLATE__ executed /scs/userspace/Photos/canon.cr2
__USER_TEMPLATE__ executed /home/scs/Pictures/spinner.gif
__USER_TEMPLATE__ executed /scs/userspace/Videos/movie.mp4
__USER_TEMPLATE__ executed /scs/userspace/Graphics/illustration.eps
__USER_TEMPLATE__ executed /home/scs/Pictures/diagram.svg
__USER_TEMPLATE__ executed /home/scs/Documents/guide.rst
__USER_TEMPLATE__ executed /scs/userspace/Documents/batch_script.bat
__USER_TEMPLATE__ executed /home/scs/Fonts/script.otf
__USER_TEMPLATE__ executed /scs/userspace/Downloads/settings.ini
__USER_TEMPLATE__ executed /home/scs/Documents/brief.odp
__USER_TEMPLATE__ executed /scs/userspace/Graphics/mockup.sketch
__USER_TEMPLATE__ executed /scs/userspace/Documents/spreadsheet.ods
__USER_TEMPLATE__ executed /home/scs/Music/ambient.wav
__USER_TEMPLATE__ executed /home/scs/Downloads/debug.log
__USER_TEMPLATE__ executed /scs/userspace/Documents/archive.dat
__USER_TEMPLATE__ executed /scs/userspace/Graphics/vector.ai
__USER_TEMPLATE__ executed /scs/userspace/Documents/budget.xlsx
__USER_TEMPLATE__ executed /scs/userspace/Graphics/illustration.eps
__USER_TEMPLATE__ executed /scs/userspace/Documents/journal.md
__USER_TEMPLATE__ executed /scs/userspace/Downloads/table.csv
__USER_TEMPLATE__ executed /scs/userspace/Fonts/legacy.eot
__USER_TEMPLATE__ executed /scs/userspace/Documents/batch_script.bat
__USER_TEMPLATE__ executed /scs/userspace/Documents/report.pdf
__USER_TEMPLATE__ executed /home/scs/Fonts/legacy.eot
__USER_TEMPLATE__ executed /home/scs/Documents/dump.dat
__USER_TEMPLATE__ executed /scs/userspace/Downloads/archive.zip
__USER_TEMPLATE__ executed /scs/userspace/Pictures/animation.gif
__USER_TEMPLATE__ executed /home/scs/Videos/documentary.mkv
__USER_TEMPLATE__ executed /home/scs/Downloads/dvd.iso
__USER_TEMPLATE__ executed /home/scs/Downloads/export.csv
__USER_TEMPLATE__ executed /scs/userspace/Videos/stream.webm
__USER_TEMPLATE__ executed /scs/userspace/Documents/spreadsheet.ods
__USER_TEMPLATE__ executed /scs/userspace/Documents/budget.xlsx
__USER_TEMPLATE__ executed /scs/userspace/Downloads/logfile.log
__USER_TEMPLATE__ executed /home/scs/Desktop/homepage.html
__USER_TEMPLATE__ executed /scs/userspace/Videos/record.mov
__USER_TEMPLATE__ executed /home/scs/Documents/contract.docx
__USER_TEMPLATE__ executed /scs/userspace/Fonts/webfont.woff
__USER_TEMPLATE__ executed /scs/userspace/Fonts/legacy.eot
__USER_TEMPLATE__ executed /scs/userspace/Graphics/illustration.eps
__USER_TEMPLATE__ executed /scs/userspace/Videos/stream.webm
__USER_TEMPLATE__ executed /home/scs/Graphics/poster.eps
__USER_TEMPLATE__ executed /scs/userspace/Downloads/config.xml
__USER_TEMPLATE__ executed /home/scs/Graphics/prototype.sketch
__USER_TEMPLATE__ executed /scs/userspace/Desktop/index.html
__USER_TEMPLATE__ executed /scs/userspace/Documents/ebook.epub
__USER_TEMPLATE__ executed /home/scs/Videos/documentary.mkv
__USER_TEMPLATE__ executed /home/scs/Pictures/texture.bmp
__USER_TEMPLATE__ executed /home/scs/Documents/metrics.tsv
__USER_TEMPLATE__ executed /home/scs/Documents/contract.docx
__USER_TEMPLATE__ executed /scs/userspace/Documents/paper.tex
__USER_TEMPLATE__ executed /home/scs/Graphics/layout.psd
__USER_TEMPLATE__ executed /scs/userspace/Fonts/legacy.eot
__USER_TEMPLATE__ executed /scs/userspace/Desktop/script.js
__USER_TEMPLATE__ executed /scs/userspace/Fonts/custom.ttf
__USER_TEMPLATE__ executed /scs/userspace/Downloads/settings.ini
__USER_TEMPLATE__ executed /home/scs/Downloads/deployment.yaml
__USER_TEMPLATE__ executed /scs/userspace/Downloads/compressed.7z
__USER_TEMPLATE__ executed /home/scs/Documents/article.tex
__USER_TEMPLATE__ executed /home/scs/Pictures/banner.jpg
__USER_TEMPLATE__ executed /home/scs/Graphics/brand.ai
__USER_TEMPLATE__ executed /scs/userspace/Videos/show.mkv
__USER_TEMPLATE__ executed /home/scs/Music/ambient.wav
__USER_TEMPLATE__ executed /home/scs/Documents/whitepaper.pdf
__USER_TEMPLATE__ executed /scs/userspace/Desktop/script.js
__USER_TEMPLATE__ executed /home/scs/Pictures/logo.png
__USER_TEMPLATE__ executed /home/scs/Photos/raw_dng.dng
__USER_TEMPLATE__ executed /scs/userspace/Downloads/variables.env
__USER_TEMPLATE__ executed /scs/userspace/Pictures/snapshot.jpeg
__USER_TEMPLATE__ executed /home/scs/Documents/metrics.tsv
__USER_TEMPLATE__ executed /scs/userspace/Fonts/webfont.woff2
__USER_TEMPLATE__ executed /home/scs/Fonts/webfont.woff
__USER_TEMPLATE__ executed /home/scs/Photos/raw_nef.nef
__USER_TEMPLATE__ executed /home/scs/Pictures/banner.jpg
__USER_TEMPLATE__ executed /home/scs/Documents/deck.pptx
__USER_TEMPLATE__ executed /home/scs/Pictures/profile.jpeg
__USER_TEMPLATE__ executed /scs/userspace/Downloads/compressed.7z
__USER_TEMPLATE__ executed /scs/userspace/Documents/journal.md
__USER_TEMPLATE__ executed /home/scs/Fonts/webfont.woff
__USER_TEMPLATE__ executed /home/scs/Fonts/display.ttf
__USER_TEMPLATE__ executed /home/scs/Documents/summary.rtf
__USER_TEMPLATE__ executed /home/scs/Downloads/archive.7z
__USER_TEMPLATE__ executed /scs/userspace/Pictures/portrait.jpg
__USER_TEMPLATE__ executed /scs/userspace/Downloads/manifest.yml
__USER_TEMPLATE__ executed /scs/userspace/Pictures/animation.gif
__USER_TEMPLATE__ executed /home/scs/Videos/lecture.avi
__USER_TEMPLATE__ executed /scs/userspace/Desktop/script.js
__USER_TEMPLATE__ executed /home/scs/Downloads/api_response.json
__USER_TEMPLATE__ executed /home/scs/Photos/raw_capture.raw
__USER_TEMPLATE__ executed /scs/userspace/Fonts/webfont.woff2
__USER_TEMPLATE__ executed /scs/userspace/Downloads/image.iso
__USER_TEMPLATE__ executed /scs/userspace/Music/highres.flac
__USER_TEMPLATE__ executed /home/scs/Documents/brief.odp
__USER_TEMPLATE__ executed /scs/userspace/Music/clip.ogg
__USER_TEMPLATE__ executed /scs/userspace/Desktop/styles.css
__USER_TEMPLATE__ executed /home/scs/Videos/interview.mov
__USER_TEMPLATE__ executed /home/scs/Pictures/logo.png
__USER_TEMPLATE__ executed /home/scs/Desktop/theme.css
__USER_TEMPLATE__ executed /home/scs/Documents/analysis.ods
__USER_TEMPLATE__ executed /home/scs/Documents/novel.epub
__USER_TEMPLATE__ executed /scs/userspace/Downloads/config.xml
__USER_TEMPLATE__ executed /scs/userspace/Downloads/compressed.7z
__USER_TEMPLATE__ executed /home/scs/Music/voice.aac
__USER_TEMPLATE__ executed /home/scs/Photos/raw_cr2.cr2
__USER_TEMPLATE__ executed /scs/userspace/Downloads/table.csv
__USER_TEMPLATE__ executed /scs/userspace/Documents/ebook.epub
__USER_TEMPLATE__ executed /home/scs/Graphics/layout.psd
__USER_TEMPLATE__ executed /scs/userspace/Documents/budget.xlsx
__USER_TEMPLATE__ executed /scs/userspace/Pictures/portrait.jpg
__USER_TEMPLATE__ executed /home/scs/Pictures/logo.png
__USER_TEMPLATE__ executed /home/scs/Downloads/daemon.conf
__USER_TEMPLATE__ executed /home/scs/Documents/tasks.org
__USER_TEMPLATE__ executed /home/scs/Graphics/prototype.sketch
__USER_TEMPLATE__ executed /home/scs/Documents/article.tex
__USER_TEMPLATE__ executed /home/scs/Music/voice.aac
__USER_TEMPLATE__ executed /home/scs/Documents/guide.rst
__USER_TEMPLATE__ executed /home/scs/Documents/summary.rtf
__USER_TEMPLATE__ executed /scs/userspace/Photos/dng_image.dng
__USER_TEMPLATE__ executed /home/scs/Documents/snapshot.bak
__USER_TEMPLATE__ executed /scs/userspace/Documents/report.pdf
__USER_TEMPLATE__ executed /home/scs/Documents/novel.epub
__USER_TEMPLATE__ executed /scs/userspace/Downloads/table.csv
__USER_TEMPLATE__ executed /home/scs/Documents/project_plan.md
__USER_TEMPLATE__ executed /scs/userspace/Pictures/vector.svg
__USER_TEMPLATE__ executed /home/scs/Graphics/poster.eps
__USER_TEMPLATE__ executed /scs/userspace/Downloads/disk.img
__USER_TEMPLATE__ executed /home/scs/Documents/project_plan.md
__USER_TEMPLATE__ executed h983ksd4.htm
__USER_TEMPLATE__ executed /home/scs/Documents/whitepaper.pdf
__USER_TEMPLATE__ executed /home/scs/Pictures/favicon.ico
__USER_TEMPLATE__ executed /home/scs/Documents/project_plan.md
__USER_TEMPLATE__ executed /home/scs/Pictures/texture.bmp
__USER_TEMPLATE__ executed /scs/userspace/Desktop/script.js
