			=== STARTING SLBM LAUNCH SEQUENCE


			=== UPLOADING TARGET COORDINATES


			▣▣▣▣▣▣▣▣▣▣▣▣▣▣▣▣▣▣▣▣▣▣▣▣



			=== TARGET COORDINATES RECEIVED

			=== SET TARGETS BY STORED NAME


			- TAIPEI
			- TAICHUNG
			- SEOUL
			- WASHINGTON
			- CHICAGO
			- TOKYO
			- SEATTLE
			- HONOLULU
			- LOS ANGELES
			- BOSTON


			=== CALCULATING TRAJECTORY AND PROGRAMMING FLIGHT COMPUTER


			▣▣▣▣▣▣▣▣▣▣▣▣▣▣▣▣▣▣▣▣▣▣▣▣



			=== FLIGHT COMPUTER READY


			=== LAUNCHING SLBMs



			========================================================


			=== SLBM 1 LAUNCHED


			=== SLBM 2 LAUNCHED


			=== SLBM 3 LAUNCHED


			=== SLBM 4 LAUNCHED


			=== [31mERROR 0xA1F0C0FFEE[0m


			=== [31mERROR 0xC300MBR404[0m


			=== [31mERROR 0xB2DEADBEEF[0m


			========================================================


			=== LAUNCH SEQUENCE ABORTED


			=== CRITICAL ERROR


			=== CORE WAS DUMPED


			=== LOG FILES STORED


			=== LAUNCH COMPUTER SHUT DOWN


