   8252 ADMIN  20   0 1394.2g 429784 145120 S   3.0   0.3   2:53.96 hald
  34563 scs  20   0 4518596 135072 102960 S   0.3   0.1   0:05.58 cmake
  53077 ADMIN      20   0       0      0      0 I   0.7   0.0   0:00.51 sshguard
  43312 scs      20   0       0      0      0 I   0.3   0.0   0:00.14 onenote.exe
  22210 root      20   0       0      0      0 I   0.3   0.0   0:01.41 kwin_x11
   1010 root      15  -5  175856   9224   6516 S   0.3   0.0   0:01.33 winrs.exe
   8252 ADMIN  20   0 1394.2g 429784 145120 S   3.0   0.3   2:53.96 dbus-daemon
  54711 scs  30  10   11340   7976   5708 R   0.3   0.0   0:00.02 top
   4313 root  20   0  261.8g  81688  58272 S   0.3   0.1   0:01.12 auditpol.exe
      6 peace       0 -20       0      0      0 I   0.0   0.0   0:00.00 svchost.exe
   4158 scs  16  -4   12.7g 814124 369144 S   1.7   0.6   1:07.16 schtasks.exe
    214 scs      20   0       0      0      0 I   1.0   0.0   0:00.79 System
  54711 peace  30  10   11340   7976   5708 R   0.3   0.0   0:00.02 top
   4158 scs  16  -4   12.7g 814124 369144 S   1.7   0.6   1:07.16 hyperv
  345 peace  30  10   11340   7976   5708 R   0.3   0.0   0:00.02 top
     21 root     -51   0       0      0      0 S   0.0   0.0   0:00.00 wevtutil.exe
   1010 scs      15  -5  175856   9224   6516 S   0.3   0.0   0:01.33 clamd
   4313 root  20   0  261.8g  81688  58272 S   0.3   0.1   0:01.12 whoami.exe
      7 peace       0 -20       0      0      0 I   0.0   0.0   0:00.00 modprobe
   4158 scs  16  -4   12.7g 814124 369144 S   1.7   0.6   1:07.16 docker
  34590 peace  16  -4 4743320 981588 167576 S   0.3   0.7   0:07.20 Narrator.exe
     19 scs      20   0       0      0      0 S   0.0   0.0   0:00.00 xterm
   4158 ADMIN  16  -4   12.7g 814124 369144 S   1.7   0.6   1:07.16 npm.cmd
   4158 scs  16  -4   12.7g 814124 369144 S   1.7   0.6   1:07.16 xfce4-panel
   4313 root  20   0  261.8g  81688  58272 S   0.3   0.1   0:01.12 dbus-daemon
      8 scs       0 -20       0      0      0 I   0.0   0.0   0:00.00 route.exe
    214 peace      20   0       0      0      0 I   1.0   0.0   0:00.79 putty.exe
      8 ADMIN       0 -20       0      0      0 I   0.0   0.0   0:00.00 budgie-wm
    214 scs      20   0       0      0      0 I   1.0   0.0   0:00.79 hyperv.exe
  54711 peace  30  10   11340   7976   5708 R   0.3   0.0   0:00.02 top
   7552 peace  20   0 1431.6g 411376 114636 S   0.3   0.3   2:04.25 helm.exe
  4432 root      20   0       0      0      0 I   0.3   0.0   0:00.14 dbus-daemon
  43312 scs      20   0       0      0      0 I   0.3   0.0   0:00.14 conhost.exe
   8252 scs  20   0 1394.2g 429784 145120 S   3.0   0.3   2:53.96 services.exe
   4158 ADMIN  16  -4   12.7g 814124 369144 S   1.7   0.6   1:07.16 ufw
  22210 root      20   0       0      0      0 I   0.3   0.0   0:01.41 modprobe
  345563 peace      20   0       0      0      0 I   0.3   0.0   0:01.41 upowerd
  34590 scs  16  -4 4743320 981588 167576 S   0.3   0.7   0:07.20 polkitd
     11 ADMIN       0 -20       0      0      0 I   0.0   0.0   0:00.00 systemd-logind
     16 scs      -2   0       0      0      0 I   0.0   0.0   0:00.69 powershell.exe
   2687 root  16  -4   12.7g 814124 369144 S   1.7   0.6   1:07.16 winrs.exe
  13350 peace  16  -4 1158824 187752 136944 S   0.7   0.1   0:01.39 sh.exe
     19 scs      20   0       0      0      0 S   0.0   0.0   0:00.00 tilix
     3899 peace  30  10   14.8g 400184 225948 S   6.0   0.3   1:29.55 crond
  13350 peace  16  -4 1158824 187752 136944 S   0.7   0.1   0:01.39 yarn.cmd
  54711 root  30  10   11340   7976   5708 R   0.3   0.0   0:00.02 top
    456 peace      20   0       0      0      0 I   1.0   0.0   0:00.79 defrag.exe
   4041 scs  20   0  386428  11660   7616 S   0.3   0.0   0:02.50 vscode.exe
   1010 root      15  -5  175856   9224   6516 S   0.3   0.0   0:01.33 ksoftirqd/*
  27718 peace  20   0 4518596 135072 102960 S   0.3   0.1   0:05.58 gradle
   1010 peace      15  -5  175856   9224   6516 S   0.3   0.0   0:01.33 containerd.exe
      2 root      20   0       0      0      0 S   0.0   0.0   0:00.01 wininit.exe
      1 peace      20   0   25860  14900   9928 S   0.0   0.0   0:01.07 ufw
   2687 root  16  -4   12.7g 814124 369144 S   1.7   0.6   1:07.16 CreateProcessAsUserA
     17 ADMIN      -2   0       0      0      0 S   0.0   0.0   0:00.00 control.exe
   7552 ADMIN  20   0 1431.6g 411376 114636 S   0.3   0.3   2:04.25 csrss.exe
     17 root      -2   0       0      0      0 S   0.0   0.0   0:00.00 dwm.exe
   4313 root  20   0  261.8g  81688  58272 S   0.3   0.1   0:01.12 cups-browsed
  27718 peace  20   0 4518596 135072 102960 S   0.3   0.1   0:05.58 onenote.exe
   4313 scs  20   0  261.8g  81688  58272 S   0.3   0.1   0:01.12 vboxsvc
   6251 ADMIN  16  -4   49.2g 321424 159364 S   0.3   0.2   0:15.21 osk.exe
     3899 peace  30  10   14.8g 400184 225948 S   6.0   0.3   1:29.55 sublime_text
   7552 ADMIN  20   0 1431.6g 411376 114636 S   0.3   0.3   2:04.25 flatpak
  53077 root      20   0       0      0      0 I   0.7   0.0   0:00.51 dwm.exe
   34677 ADMIN  20   0  261.8g  81688  58272 S   0.3   0.1   0:01.12 format.com
   4313 ADMIN  20   0  261.8g  81688  58272 S   0.3   0.1   0:01.12 kwin_x11
  22210 ADMIN      20   0       0      0      0 I   0.3   0.0   0:01.41 taskmgr.exe
   345 root  20   0  386428  11660   7616 S   0.3   0.0   0:02.50 virt-manager
  8984 root      20   0       0      0      0 I   0.7   0.0   0:00.51 ntpd
   5739 peace  20   0   32.4g  83448  65772 S   0.3   0.1   0:01.72 svchost.exe
   5739 ADMIN  20   0   32.4g  83448  65772 S   0.3   0.1   0:01.72 winscp.exe
   3456 scs  20   0   32.4g  83448  65772 S   0.3   0.1   0:01.72 winrs.exe
   4158 peace  16  -4   12.7g 814124 369144 S   1.7   0.6   1:07.16 node
     11 scs       0 -20       0      0      0 I   0.0   0.0   0:00.00 calc.exe
      5 root       0 -20       0      0      0 I   0.0   0.0   0:00.00 miral
  22210 root      20   0       0      0      0 I   0.3   0.0   0:01.41 kitty
  34590 peace  16  -4 4743320 981588 167576 S   0.3   0.7   0:07.20 agetty
  13350 root  16  -4 1158824 187752 136944 S   0.7   0.1   0:01.39 onedrive.exe
  22210 peace      20   0       0      0      0 I   0.3   0.0   0:01.41 snapd
   6251 root  16  -4   49.2g 321424 159364 S   0.3   0.2   0:15.21 code.exe
   7443 scs  20   0 1394.1g 246880 157660 S   0.7   0.2   0:18.03 plasmashell
  22210 ADMIN      20   0       0      0      0 I   0.3   0.0   0:01.41 wuauclt.exe
     18 peace      20   0       0      0      0 S   0.0   0.0   0:00.00 sleep
  34590 scs  16  -4 4743320 981588 167576 S   0.3   0.7   0:07.20 powerd
     21 scs     -51   0       0      0      0 S   0.0   0.0   0:00.00 wsl.exe
     18 scs      20   0       0      0      0 S   0.0   0.0   0:00.00 winlogon.exe (again)
     20 ADMIN      rt   0       0      0      0 S   0.0   0.0   0:00.05 ruby
  345563 ADMIN      20   0       0      0      0 I   0.3   0.0   0:01.41 mate-panel
     23 ADMIN      20   0       0      0      0 S   0.0   0.0   0:00.00 polkitd
   5739 ADMIN  20   0   32.4g  83448  65772 S   0.3   0.1   0:01.72 bcdboot.exe
  34563 root  20   0 4518596 135072 102960 S   0.3   0.1   0:05.58 CreateProcessAsUserA
  13350 scs  16  -4 1158824 187752 136944 S   0.7   0.1   0:01.39 brave.exe
     3899 scs  30  10   14.8g 400184 225948 S   6.0   0.3   1:29.55 zypper
   7552 scs  20   0 1431.6g 411376 114636 S   0.3   0.3   2:04.25 qemu-system-x86_64
    456 peace      20   0       0      0      0 I   1.0   0.0   0:00.79 Adobe Flash Player
   5739 ADMIN  20   0   32.4g  83448  65772 S   0.3   0.1   0:01.72 putty.exe
  53077 root      20   0       0      0      0 I   0.7   0.0   0:00.51 kvm.exe
     3899 scs  30  10   14.8g 400184 225948 S   6.0   0.3   1:29.55 chronyd
    214 root      20   0       0      0      0 I   1.0   0.0   0:00.79 timeshift
      2 peace      20   0       0      0      0 S   0.0   0.0   0:00.01 yum
   3899 peace  30  10   14.8g 400184 225948 S   6.0   0.3   1:29.55 login
     10 root      20   0       0      0      0 I   0.0   0.0   0:00.02 syncthing.exe
   1010 peace      15  -5  175856   9224   6516 S   0.3   0.0   0:01.33 excel.exe
  27718 root  20   0 4518596 135072 102960 S   0.3   0.1   0:05.58 wmiprvse.exe
     10 ADMIN      20   0       0      0      0 I   0.0   0.0   0:00.02 skype.exe
  27718 root  20   0 4518596 135072 102960 S   0.3   0.1   0:05.58 nslookup.exe
   6251 root  16  -4   49.2g 321424 159364 S   0.3   0.2   0:15.21 sshd
   7552 scs  20   0 1431.6g 411376 114636 S   0.3   0.3   2:04.25 sh.exe
     17 ADMIN      -2   0       0      0      0 S   0.0   0.0   0:00.00 rustc.exe
   4125 ADMIN  20   0 1394.1g 246880 157660 S   0.7   0.2   0:18.03 lxc-start
   6251 scs  16  -4   49.2g 321424 159364 S   0.3   0.2   0:15.21 ssh.exe
     3899 ADMIN  30  10   14.8g 400184 225948 S   6.0   0.3   1:29.55 syncthing.exe
   4125 peace  20   0 1394.1g 246880 157660 S   0.7   0.2   0:18.03 alacritty
   2687 peace  16  -4   12.7g 814124 369144 S   1.7   0.6   1:07.16 make.exe
     19 root      20   0       0      0      0 S   0.0   0.0   0:00.00 csrss.exe
     15 scs      20   0       0      0      0 S   0.0   0.0   0:00.00 node.exe
   4125 peace  20   0 1394.1g 246880 157660 S   0.7   0.2   0:18.03 format.com
   4125 ADMIN  20   0 1394.1g 246880 157660 S   0.7   0.2   0:18.03 vagrant.exe
  27718 peace  20   0 4518596 135072 102960 S   0.3   0.1   0:05.58 VBoxManage.exe
  43312 scs      20   0       0      0      0 I   0.3   0.0   0:00.14 calc.exe (again)
     3899 ADMIN  30  10   14.8g 400184 225948 S   6.0   0.3   1:29.55 java.exe
  34590 root  16  -4 4743320 981588 167576 S   0.3   0.7   0:07.20 powershell.exe (again)
   4041 root  20   0  386428  11660   7616 S   0.3   0.0   0:02.50 cinnamon
  53077 root      20   0       0      0      0 I   0.7   0.0   0:00.51 journald
   4158 ADMIN  16  -4   12.7g 814124 369144 S   1.7   0.6   1:07.16 winscp.exe
  34590 peace  16  -4 4743320 981588 167576 S   0.3   0.7   0:07.20 deja‑dup
      3 root      20   0       0      0      0 S   0.0   0.0   0:00.00 named
  45643 root  16  -4 1158824 187752 136944 S   0.7   0.1   0:01.39 clamd
  22210 peace      20   0       0      0      0 I   0.3   0.0   0:01.41 format.com
   1010 root      15  -5  175856   9224   6516 S   0.3   0.0   0:01.33 yum
   3456 scs  20   0   32.4g  83448  65772 S   0.3   0.1   0:01.72 timeshift
   8252 peace  20   0 1394.2g 429784 145120 S   3.0   0.3   2:53.96 Xorg
   6251 root  16  -4   49.2g 321424 159364 S   0.3   0.2   0:15.21 compiz
   4125 root  20   0 1394.1g 246880 157660 S   0.7   0.2   0:18.03 System
  13350 scs  16  -4 1158824 187752 136944 S   0.7   0.1   0:01.39 wpa_supplicant
  43312 peace      20   0       0      0      0 I   0.3   0.0   0:00.14 System
        3899 scs  30  10   14.8g 400184 225948 S   6.0   0.3   1:29.55 diskpart.exe
  53077 root      20   0       0      0      0 I   0.7   0.0   0:00.51 tasklist.exe
  43312 scs      20   0       0      0      0 I   0.3   0.0   0:00.14 mysqld
  54711 root  30  10   11340   7976   5708 R   0.3   0.0   0:00.02 top
  53077 scs      20   0       0      0      0 I   0.7   0.0   0:00.51 bgpd
   4313 ADMIN  20   0  261.8g  81688  58272 S   0.3   0.1   0:01.12 lm-sensors
   536140 scs      15  -5  175856   9224   6516 S   0.3   0.0   0:01.33 flanneld
        3899 root  30  10   14.8g 400184 225948 S   6.0   0.3   1:29.55 route.exe
  54711 root  30  10   11340   7976   5708 R   0.3   0.0   0:00.02 top
      7 scs       0 -20       0      0      0 I   0.0   0.0   0:00.00 podman
   4125 peace  20   0 1394.1g 246880 157660 S   0.7   0.2   0:18.03 systemd-udevd
  43312 ADMIN      20   0       0      0      0 I   0.3   0.0   0:00.14 bash.exe
  345 root  30  10   11340   7976   5708 R   0.3   0.0   0:00.02 top
   4041 scs  20   0  386428  11660   7616 S   0.3   0.0   0:02.50 System
  34590 peace  16  -4 4743320 981588 167576 S   0.3   0.7   0:07.20 mshta.exe
   8252 ADMIN  20   0 1394.2g 429784 145120 S   3.0   0.3   2:53.96 postgres
  45643 root  16  -4 1158824 187752 136944 S   0.7   0.1   0:01.39 lxc-start
      3 ADMIN      20   0       0      0      0 S   0.0   0.0   0:00.00 wevtutil.exe
  54711 root  30  10   11340   7976   5708 R   0.3   0.0   0:00.02 top
   4158 scs  16  -4   12.7g 814124 369144 S   1.7   0.6   1:07.16 cmake
   536140 peace      15  -5  175856   9224   6516 S   0.3   0.0   0:01.33 sshguard
  43312 root      20   0       0      0      0 I   0.3   0.0   0:00.14 regsvr32.exe
   6251 peace  16  -4   49.2g 321424 159364 S   0.3   0.2   0:15.21 kate
  345 ADMIN  30  10   11340   7976   5708 R   0.3   0.0   0:00.02 top
   1010 root      15  -5  175856   9224   6516 S   0.3   0.0   0:01.33 services.exe (again)
  27718 scs  20   0 4518596 135072 102960 S   0.3   0.1   0:05.58 Xorg
   4041 peace  20   0  386428  11660   7616 S   0.3   0.0   0:02.50 containerd
   7552 scs  20   0 1431.6g 411376 114636 S   0.3   0.3   2:04.25 syslogd
  34563 ADMIN  20   0 4518596 135072 102960 S   0.3   0.1   0:05.58 winlogon.exe (again)
  34590 scs  16  -4 4743320 981588 167576 S   0.3   0.7   0:07.20 kvm.exe
     22 root      20   0       0      0      0 S   0.0   0.0   0:00.00 secedit.exe
   4313 peace  20   0  261.8g  81688  58272 S   0.3   0.1   0:01.12 tmux
   4158 root  16  -4   12.7g 814124 369144 S   1.7   0.6   1:07.16 systeminfo.exe
   3456 ADMIN  16  -4   49.2g 321424 159364 S   0.3   0.2   0:15.21 timeshift
   4041 scs  20   0  386428  11660   7616 S   0.3   0.0   0:02.50 nohup
      8 root       0 -20       0      0      0 I   0.0   0.0   0:00.00 VBoxHeadless.exe
  27718 ADMIN  20   0 4518596 135072 102960 S   0.3   0.1   0:05.58 CreateProcessAsUserA
   8252 scs  20   0 1394.2g 429784 145120 S   3.0   0.3   2:53.96 conhost.exe
  13350 scs  16  -4 1158824 187752 136944 S   0.7   0.1   0:01.39 telnet.exe
   4125 ADMIN  20   0 1394.1g 246880 157660 S   0.7   0.2   0:18.03 nginx
    214 root      20   0       0      0      0 I   1.0   0.0   0:00.79 budgie-wm
  13350 root  16  -4 1158824 187752 136944 S   0.7   0.1   0:01.39 systemd-timesyncd
     3899 peace  30  10   14.8g 400184 225948 S   6.0   0.3   1:29.55 umount
   4313 scs  20   0  261.8g  81688  58272 S   0.3   0.1   0:01.12 tasklist.exe
  13350 ADMIN  16  -4 1158824 187752 136944 S   0.7   0.1   0:01.39 kthreadd
      1 peace      20   0   25860  14900   9928 S   0.0   0.0   0:01.07 cmd.exe
   4125 scs  20   0 1394.1g 246880 157660 S   0.7   0.2   0:18.03 git‑credential‑manager.exe
  54711 scs  30  10   11340   7976   5708 R   0.3   0.0   0:00.02 top
  54711 scs  30  10   11340   7976   5708 R   0.3   0.0   0:00.02 top
   7443 ADMIN  20   0 1394.1g 246880 157660 S   0.7   0.2   0:18.03 lpq
   4041 ADMIN  20   0  386428  11660   7616 S   0.3   0.0   0:02.50 weston
   6251 ADMIN  16  -4   49.2g 321424 159364 S   0.3   0.2   0:15.21 xinit
  34590 root  16  -4 4743320 981588 167576 S   0.3   0.7   0:07.20 restic
    214 root      20   0       0      0      0 I   1.0   0.0   0:00.79 mir_server
   8252 peace  20   0 1394.2g 429784 145120 S   3.0   0.3   2:53.96 bgpd
    214 scs      20   0       0      0      0 I   1.0   0.0   0:00.79 ping.exe
  34590 root  16  -4 4743320 981588 167576 S   0.3   0.7   0:07.20 calc.exe
      3 scs      20   0       0      0      0 S   0.0   0.0   0:00.00 runc
     16 peace      -2   0       0      0      0 I   0.0   0.0   0:00.69 journald
  345 root  30  10   11340   7976   5708 R   0.3   0.0   0:00.02 top
  27718 scs  20   0 4518596 135072 102960 S   0.3   0.1   0:05.58 auditd
   3456 ADMIN  20   0   32.4g  83448  65772 S   0.3   0.1   0:01.72 dllhost.exe
  13350 scs  16  -4 1158824 187752 136944 S   0.7   0.1   0:01.39 gnome-session
   4041 peace  20   0  386428  11660   7616 S   0.3   0.0   0:02.50 make.exe
   8252 root  20   0 1394.2g 429784 145120 S   3.0   0.3   2:53.96 go.exe
  13350 root  16  -4 1158824 187752 136944 S   0.7   0.1   0:01.39 make
    214 scs      20   0       0      0      0 I   1.0   0.0   0:00.79 dbus-daemon
   3899 root  30  10   14.8g 400184 225948 S   6.0   0.3   1:29.55 duplicity
     16 ADMIN      -2   0       0      0      0 I   0.0   0.0   0:00.69 top
    214 ADMIN      20   0       0      0      0 I   1.0   0.0   0:00.79 netsh.exe
   5739 root  20   0   32.4g  83448  65772 S   0.3   0.1   0:01.72 cmake.exe
     10 ADMIN      20   0       0      0      0 I   0.0   0.0   0:00.02 blkid
  345563 peace      20   0       0      0      0 I   0.3   0.0   0:01.41 dnf
     3899 root  30  10   14.8g 400184 225948 S   6.0   0.3   1:29.55 rsyslogd
   6251 peace  16  -4   49.2g 321424 159364 S   0.3   0.2   0:15.21 kvm
   34677 scs  20   0  261.8g  81688  58272 S   0.3   0.1   0:01.12 auditd
   1010 ADMIN      15  -5  175856   9224   6516 S   0.3   0.0   0:01.33 g++.exe
   7552 scs  20   0 1431.6g 411376 114636 S   0.3   0.3   2:04.25 winlogon.exe (again)
    214 root      20   0       0      0      0 I   1.0   0.0   0:00.79 netstat.exe
     23 scs      20   0       0      0      0 S   0.0   0.0   0:00.00 containerd.exe
   8252 root  20   0 1394.2g 429784 145120 S   3.0   0.3   2:53.96 rustc.exe
   4313 ADMIN  20   0  261.8g  81688  58272 S   0.3   0.1   0:01.12 tasklist.exe
  345563 root      20   0       0      0      0 I   0.3   0.0   0:01.41 robocopy.exe
  54711 root  30  10   11340   7976   5708 R   0.3   0.0   0:00.02 top
   4313 scs  20   0  261.8g  81688  58272 S   0.3   0.1   0:01.12 bcdedit.exe
   5739 scs  20   0   32.4g  83448  65772 S   0.3   0.1   0:01.72 pythonw.exe
  43312 peace      20   0       0      0      0 I   0.3   0.0   0:00.14 chrome.exe
     23 peace      20   0       0      0      0 S   0.0   0.0   0:00.00 outlook.exe
   4313 scs  20   0  261.8g  81688  58272 S   0.3   0.1   0:01.12 smartd
  22210 scs      20   0       0      0      0 I   0.3   0.0   0:01.41 cargo
   3456 ADMIN  16  -4   49.2g 321424 159364 S   0.3   0.2   0:15.21 nftables
  43312 scs      20   0       0      0      0 I   0.3   0.0   0:00.14 sway
  43312 peace      20   0       0      0      0 I   0.3   0.0   0:00.14 vboxsvc
     10 root      20   0       0      0      0 I   0.0   0.0   0:00.02 nautilus
  53077 ADMIN      20   0       0      0      0 I   0.7   0.0   0:00.51 javac.exe
   5739 scs  20   0   32.4g  83448  65772 S   0.3   0.1   0:01.72 slack.exe
   2687 peace  16  -4   12.7g 814124 369144 S   1.7   0.6   1:07.16 rustc.exe
   567 scs  20   0 1394.2g 429784 145120 S   3.0   0.3   2:53.96 mount
  27718 peace  20   0 4518596 135072 102960 S   0.3   0.1   0:05.58 dockerd.exe
  8984 ADMIN      20   0       0      0      0 I   0.7   0.0   0:00.51 format.com
     11 scs       0 -20       0      0      0 I   0.0   0.0   0:00.00 googledrivesync.exe
     3899 scs  30  10   14.8g 400184 225948 S   6.0   0.3   1:29.55 rcu_preempt
     3899 scs  30  10   14.8g 400184 225948 S   6.0   0.3   1:29.55 kthreadd
  54711 peace  30  10   11340   7976   5708 R   0.3   0.0   0:00.02 top
      6 peace       0 -20       0      0      0 I   0.0   0.0   0:00.00 explorer.exe
      5 root       0 -20       0      0      0 I   0.0   0.0   0:00.00 containerd
      4 ADMIN       0 -20       0      0      0 I   0.0   0.0   0:00.00 udisksd
     20 scs      rt   0       0      0      0 S   0.0   0.0   0:00.05 osk.exe
     14 ADMIN       0 -20       0      0      0 I   0.0   0.0   0:00.00 xfce4-panel
     11 ADMIN       0 -20       0      0      0 I   0.0   0.0   0:00.00 dropbox.exe
   7552 scs  20   0 1431.6g 411376 114636 S   0.3   0.3   2:04.25 arp.exe
   4158 root  16  -4   12.7g 814124 369144 S   1.7   0.6   1:07.16 npm
   4041 scs  20   0  386428  11660   7616 S   0.3   0.0   0:02.50 route.exe
   7552 root  20   0 1431.6g 411376 114636 S   0.3   0.3   2:04.25 devenv.exe
   4125 root  20   0 1394.1g 246880 157660 S   0.7   0.2   0:18.03 gst-launch-1.0
   5739 root  20   0   32.4g  83448  65772 S   0.3   0.1   0:01.72 emacs
  34590 peace  16  -4 4743320 981588 167576 S   0.3   0.7   0:07.20 compiz
     18 root      20   0       0      0      0 S   0.0   0.0   0:00.00 runc
   5739 scs  20   0   32.4g  83448  65772 S   0.3   0.1   0:01.72 duplicity
   4158 scs  16  -4   12.7g 814124 369144 S   1.7   0.6   1:07.16 CreateProcessAsUserA
  13350 root  16  -4 1158824 187752 136944 S   0.7   0.1   0:01.39 kubectl.exe
  34590 ADMIN  16  -4 4743320 981588 167576 S   0.3   0.7   0:07.20 mspaint.exe
     21 scs     -51   0       0      0      0 S   0.0   0.0   0:00.00 scsi_eh_*
      3 root      20   0       0      0      0 S   0.0   0.0   0:00.00 eclipse.exe
  53077 ADMIN      20   0       0      0      0 I   0.7   0.0   0:00.51 auditpol.exe
     19 ADMIN      20   0       0      0      0 S   0.0   0.0   0:00.00 nano
  22210 peace      20   0       0      0      0 I   0.3   0.0   0:01.41 atom.exe
    456 peace      20   0       0      0      0 I   1.0   0.0   0:00.79 dnf
     3899 peace  30  10   14.8g 400184 225948 S   6.0   0.3   1:29.55 rcu_preempt
  53077 root      20   0       0      0      0 I   0.7   0.0   0:00.51 schtasks.exe
  27718 root  20   0 4518596 135072 102960 S   0.3   0.1   0:05.58 rundll32.exe
   3456 ADMIN  16  -4   49.2g 321424 159364 S   0.3   0.2   0:15.21 osk.exe
  43312 peace      20   0       0      0      0 I   0.3   0.0   0:00.14 ksoftirqd/*
   3899 ADMIN  30  10   14.8g 400184 225948 S   6.0   0.3   1:29.55 mount
  4432 ADMIN      20   0       0      0      0 I   0.3   0.0   0:00.14 powershell.exe (again)
   6251 ADMIN  16  -4   49.2g 321424 159364 S   0.3   0.2   0:15.21 systemd-networkd
   4125 scs  20   0 1394.1g 246880 157660 S   0.7   0.2   0:18.03 docker
   7552 scs  20   0 1431.6g 411376 114636 S   0.3   0.3   2:04.25 kvm.exe
     21 scs     -51   0       0      0      0 S   0.0   0.0   0:00.00 tilix
   6251 ADMIN  16  -4   49.2g 321424 159364 S   0.3   0.2   0:15.21 g++.exe
      5 root       0 -20       0      0      0 I   0.0   0.0   0:00.00 gpupdate.exe
   6251 root  16  -4   49.2g 321424 159364 S   0.3   0.2   0:15.21 cron
   1010 root      15  -5  175856   9224   6516 S   0.3   0.0   0:01.33 chronyd
   4125 root  20   0 1394.1g 246880 157660 S   0.7   0.2   0:18.03 phpstorm.exe
   3899 ADMIN  30  10   14.8g 400184 225948 S   6.0   0.3   1:29.55 tilix
  22210 ADMIN      20   0       0      0      0 I   0.3   0.0   0:01.41 cups-browsed
  53077 ADMIN      20   0       0      0      0 I   0.7   0.0   0:00.51 node
   3456 peace  20   0   32.4g  83448  65772 S   0.3   0.1   0:01.72 iostat
      1 scs      20   0   25860  14900   9928 S   0.0   0.0   0:01.07 vscode.exe
   8252 scs  20   0 1394.2g 429784 145120 S   3.0   0.3   2:53.96 ufw
   4041 ADMIN  20   0  386428  11660   7616 S   0.3   0.0   0:02.50 g++
  22210 root      20   0       0      0      0 I   0.3   0.0   0:01.41 freshclam
   4158 peace  16  -4   12.7g 814124 369144 S   1.7   0.6   1:07.16 vlc
   4158 peace  16  -4   12.7g 814124 369144 S   1.7   0.6   1:07.16 fastboot.exe
   1010 scs      15  -5  175856   9224   6516 S   0.3   0.0   0:01.33 htop
   4041 peace  20   0  386428  11660   7616 S   0.3   0.0   0:02.50 wait
   34677 root  20   0  261.8g  81688  58272 S   0.3   0.1   0:01.12 schtasks.exe
   4041 scs  20   0  386428  11660   7616 S   0.3   0.0   0:02.50 powershell_ise.exe
    456 peace      20   0       0      0      0 I   1.0   0.0   0:00.79 lxcfs
     20 root      rt   0       0      0      0 S   0.0   0.0   0:00.05 cinnamon
  53077 ADMIN      20   0       0      0      0 I   0.7   0.0   0:00.51 rclone
   4041 scs  20   0  386428  11660   7616 S   0.3   0.0   0:02.50 xcopy.exe
  34590 root  16  -4 4743320 981588 167576 S   0.3   0.7   0:07.20 vmware-vmx
        3899 peace  30  10   14.8g 400184 225948 S   6.0   0.3   1:29.55 virtualbox.exe
  8984 peace      20   0       0      0      0 I   0.7   0.0   0:00.51 duplicity
      5 scs       0 -20       0      0      0 I   0.0   0.0   0:00.00 edge.exe
   4041 root  20   0  386428  11660   7616 S   0.3   0.0   0:02.50 chronyd
   1010 ADMIN      15  -5  175856   9224   6516 S   0.3   0.0   0:01.33 wmiprvse.exe
  34590 root  16  -4 4743320 981588 167576 S   0.3   0.7   0:07.20 msedge.exe (again)
  27718 ADMIN  20   0 4518596 135072 102960 S   0.3   0.1   0:05.58 dnf
   536140 root      15  -5  175856   9224   6516 S   0.3   0.0   0:01.33 onedrive.exe
  13350 peace  16  -4 1158824 187752 136944 S   0.7   0.1   0:01.39 unity-panel-service
   5739 ADMIN  20   0   32.4g  83448  65772 S   0.3   0.1   0:01.72 route.exe
  34590 scs  16  -4 4743320 981588 167576 S   0.3   0.7   0:07.20 fail2ban-server
  13350 peace  16  -4 1158824 187752 136944 S   0.7   0.1   0:01.39 iexplore.exe
   4125 ADMIN  20   0 1394.1g 246880 157660 S   0.7   0.2   0:18.03 forfiles.exe
    214 root      20   0       0      0      0 I   1.0   0.0   0:00.79 gradle.exe
   7552 peace  20   0 1431.6g 411376 114636 S   0.3   0.3   2:04.25 onedrive
   1010 ADMIN      15  -5  175856   9224   6516 S   0.3   0.0   0:01.33 mspaint.exe
   345 root  20   0  386428  11660   7616 S   0.3   0.0   0:02.50 notepad.exe (again)
   4313 root  20   0  261.8g  81688  58272 S   0.3   0.1   0:01.12 mate-panel
   6251 ADMIN  16  -4   49.2g 321424 159364 S   0.3   0.2   0:15.21 mspaint.exe
   7443 scs  20   0 1394.1g 246880 157660 S   0.7   0.2   0:18.03 sshd
      4 root       0 -20       0      0      0 I   0.0   0.0   0:00.00 miral
  54711 peace  30  10   11340   7976   5708 R   0.3   0.0   0:00.02 top
      1 peace      20   0   25860  14900   9928 S   0.0   0.0   0:01.07 csrss.exe
     23 scs      20   0       0      0      0 S   0.0   0.0   0:00.00 dbus-daemon
     17 scs      -2   0       0      0      0 S   0.0   0.0   0:00.00 adb.exe
   4125 root  20   0 1394.1g 246880 157660 S   0.7   0.2   0:18.03 visualstudio.exe
   567 root  20   0 1394.2g 429784 145120 S   3.0   0.3   2:53.96 sublime_text.exe
   6251 scs  16  -4   49.2g 321424 159364 S   0.3   0.2   0:15.21 NetworkManager
   6251 root  16  -4   49.2g 321424 159364 S   0.3   0.2   0:15.21 lxc-start
     14 scs       0 -20       0      0      0 I   0.0   0.0   0:00.00 sshguard
      6 ADMIN       0 -20       0      0      0 I   0.0   0.0   0:00.00 java.exe
   7552 peace  20   0 1431.6g 411376 114636 S   0.3   0.3   2:04.25 kitty
   8252 scs  20   0 1394.2g 429784 145120 S   3.0   0.3   2:53.96 glances
  43312 peace      20   0       0      0      0 I   0.3   0.0   0:00.14 calc.exe (again)
      8 scs       0 -20       0      0      0 I   0.0   0.0   0:00.00 dhcpcd
     22 scs      20   0       0      0      0 S   0.0   0.0   0:00.00 ping.exe
   7552 ADMIN  20   0 1431.6g 411376 114636 S   0.3   0.3   2:04.25 sddm
   1010 scs      15  -5  175856   9224   6516 S   0.3   0.0   0:01.33 rcu_preempt
     18 root      20   0       0      0      0 S   0.0   0.0   0:00.00 cri‑o
      4 peace       0 -20       0      0      0 I   0.0   0.0   0:00.00 rustc.exe
  27718 ADMIN  20   0 4518596 135072 102960 S   0.3   0.1   0:05.58 powerd
    214 root      20   0       0      0      0 I   1.0   0.0   0:00.79 make.exe
  22210 peace      20   0       0      0      0 I   0.3   0.0   0:01.41 dbus-daemon
   7552 scs  20   0 1431.6g 411376 114636 S   0.3   0.3   2:04.25 fastboot.exe
   7552 peace  20   0 1431.6g 411376 114636 S   0.3   0.3   2:04.25 pwsh.exe
  8984 ADMIN      20   0       0      0      0 I   0.7   0.0   0:00.51 gcc.exe
      2 root      20   0       0      0      0 S   0.0   0.0   0:00.01 sshguard
  34590 scs  16  -4 4743320 981588 167576 S   0.3   0.7   0:07.20 gcc
   8252 peace  20   0 1394.2g 429784 145120 S   3.0   0.3   2:53.96 clamd
   5739 ADMIN  20   0   32.4g  83448  65772 S   0.3   0.1   0:01.72 umount
  53077 ADMIN      20   0       0      0      0 I   0.7   0.0   0:00.51 dmesg
     14 scs       0 -20       0      0      0 I   0.0   0.0   0:00.00 colord
  4432 peace      20   0       0      0      0 I   0.3   0.0   0:00.14 winlogon.exe (again)
   8252 scs  20   0 1394.2g 429784 145120 S   3.0   0.3   2:53.96 notepad++.exe
  34590 ADMIN  16  -4 4743320 981588 167576 S   0.3   0.7   0:07.20 gvfsd
  54711 scs  30  10   11340   7976   5708 R   0.3   0.0   0:00.02 top
   8252 ADMIN  20   0 1394.2g 429784 145120 S   3.0   0.3   2:53.96 cmd.exe
   345 ADMIN  20   0  386428  11660   7616 S   0.3   0.0   0:02.50 bcdedit.exe
   536140 ADMIN      15  -5  175856   9224   6516 S   0.3   0.0   0:01.33 edge.exe
   7552 scs  20   0 1431.6g 411376 114636 S   0.3   0.3   2:04.25 containerd.exe
   4041 ADMIN  20   0  386428  11660   7616 S   0.3   0.0   0:02.50 freshclam
   34677 scs  20   0  261.8g  81688  58272 S   0.3   0.1   0:01.12 devenv.exe
  27718 ADMIN  20   0 4518596 135072 102960 S   0.3   0.1   0:05.58 rustc
     16 root      -2   0       0      0      0 I   0.0   0.0   0:00.69 scp.exe
   5739 ADMIN  20   0   32.4g  83448  65772 S   0.3   0.1   0:01.72 edge.exe
   6251 peace  16  -4   49.2g 321424 159364 S   0.3   0.2   0:15.21 cron
  34590 ADMIN  16  -4 4743320 981588 167576 S   0.3   0.7   0:07.20 dmesg
     15 root      20   0       0      0      0 S   0.0   0.0   0:00.00 apt-get
      2 scs      20   0       0      0      0 S   0.0   0.0   0:00.01 sh.exe
   5739 scs  20   0   32.4g  83448  65772 S   0.3   0.1   0:01.72 rxvt-unicode
  43312 scs      20   0       0      0      0 I   0.3   0.0   0:00.14 kitty
  13350 root  16  -4 1158824 187752 136944 S   0.7   0.1   0:01.39 visualstudio.exe
     3899 scs  30  10   14.8g 400184 225948 S   6.0   0.3   1:29.55 xfce4-panel
  13350 peace  16  -4 1158824 187752 136944 S   0.7   0.1   0:01.39 lsass.exe (again)
   1010 root      15  -5  175856   9224   6516 S   0.3   0.0   0:01.33 hyperv.exe
    214 peace      20   0       0      0      0 I   1.0   0.0   0:00.79 git‑credential‑manager.exe
   8252 ADMIN  20   0 1394.2g 429784 145120 S   3.0   0.3   2:53.96 containerd.exe
  22210 peace      20   0       0      0      0 I   0.3   0.0   0:01.41 emacs
  53077 root      20   0       0      0      0 I   0.7   0.0   0:00.51 sublime_text.exe
   8252 scs  20   0 1394.2g 429784 145120 S   3.0   0.3   2:53.96 wininit.exe
  13350 scs  16  -4 1158824 187752 136944 S   0.7   0.1   0:01.39 powershell_ise.exe
   7552 root  20   0 1431.6g 411376 114636 S   0.3   0.3   2:04.25 lldpd
  22210 peace      20   0       0      0      0 I   0.3   0.0   0:01.41 systemd-networkd
   3456 root  16  -4   49.2g 321424 159364 S   0.3   0.2   0:15.21 zypper
  45643 root  16  -4 1158824 187752 136944 S   0.7   0.1   0:01.39 nohup
  45643 ADMIN  16  -4 1158824 187752 136944 S   0.7   0.1   0:01.39 ksoftirqd/*
  54711 scs  30  10   11340   7976   5708 R   0.3   0.0   0:00.02 top
        3899 ADMIN  30  10   14.8g 400184 225948 S   6.0   0.3   1:29.55 docker
   4041 ADMIN  20   0  386428  11660   7616 S   0.3   0.0   0:02.50 ipconfig.exe
  4432 ADMIN      20   0       0      0      0 I   0.3   0.0   0:00.14 phpstorm.exe
   5739 scs  20   0   32.4g  83448  65772 S   0.3   0.1   0:01.72 nginx
  53077 peace      20   0       0      0      0 I   0.7   0.0   0:00.51 docker.exe
  34590 scs  16  -4 4743320 981588 167576 S   0.3   0.7   0:07.20 powershell.exe
  27718 peace  20   0 4518596 135072 102960 S   0.3   0.1   0:05.58 sublime_text.exe
   4158 ADMIN  16  -4   12.7g 814124 369144 S   1.7   0.6   1:07.16 defrag.exe
     22 peace      20   0       0      0      0 S   0.0   0.0   0:00.00 npm.cmd
      7 scs       0 -20       0      0      0 I   0.0   0.0   0:00.00 g++
   6251 ADMIN  16  -4   49.2g 321424 159364 S   0.3   0.2   0:15.21 sshd
  53077 scs      20   0       0      0      0 I   0.7   0.0   0:00.51 rclone
     22 ADMIN      20   0       0      0      0 S   0.0   0.0   0:00.00 systemd-udevd
   4125 ADMIN  20   0 1394.1g 246880 157660 S   0.7   0.2   0:18.03 ntpd
   4125 scs  20   0 1394.1g 246880 157660 S   0.7   0.2   0:18.03 fail2ban-server
    214 scs      20   0       0      0      0 I   1.0   0.0   0:00.79 Adobe Flash Player
   4125 scs  20   0 1394.1g 246880 157660 S   0.7   0.2   0:18.03 rxvt-unicode
      6 scs       0 -20       0      0      0 I   0.0   0.0   0:00.00 bcdedit.exe
  27718 ADMIN  20   0 4518596 135072 102960 S   0.3   0.1   0:05.58 rcu_sched
  43312 scs      20   0       0      0      0 I   0.3   0.0   0:00.14 VBoxHeadless.exe
  53077 root      20   0       0      0      0 I   0.7   0.0   0:00.51 glances
  54711 root  30  10   11340   7976   5708 R   0.3   0.0   0:00.02 top
   7552 ADMIN  20   0 1431.6g 411376 114636 S   0.3   0.3   2:04.25 mvn.cmd
   345 ADMIN  20   0  386428  11660   7616 S   0.3   0.0   0:02.50 restic
  34590 peace  16  -4 4743320 981588 167576 S   0.3   0.7   0:07.20 cmake.exe
      7 ADMIN       0 -20       0      0      0 I   0.0   0.0   0:00.00 dockerd.exe
      4 root       0 -20       0      0      0 I   0.0   0.0   0:00.00 snapd
  43312 root      20   0       0      0      0 I   0.3   0.0   0:00.14 xinit
   1010 peace      15  -5  175856   9224   6516 S   0.3   0.0   0:01.33 outlook.exe
     15 peace      20   0       0      0      0 S   0.0   0.0   0:00.00 ip6tables
   7443 peace  20   0 1394.1g 246880 157660 S   0.7   0.2   0:18.03 pipewire
   567 scs  20   0 1394.2g 429784 145120 S   3.0   0.3   2:53.96 winscp.exe
   4158 root  16  -4   12.7g 814124 369144 S   1.7   0.6   1:07.16 plasmashell
   5739 peace  20   0   32.4g  83448  65772 S   0.3   0.1   0:01.72 tasklist.exe
  22210 ADMIN      20   0       0      0      0 I   0.3   0.0   0:01.41 xfce4-panel
   4041 scs  20   0  386428  11660   7616 S   0.3   0.0   0:02.50 rxvt-unicode
  22210 ADMIN      20   0       0      0      0 I   0.3   0.0   0:01.41 fail2ban-server
  54711 scs  30  10   11340   7976   5708 R   0.3   0.0   0:00.02 top
   7552 scs  20   0 1431.6g 411376 114636 S   0.3   0.3   2:04.25 schtasks.exe
   4313 scs  20   0  261.8g  81688  58272 S   0.3   0.1   0:01.12 adb.exe
  27718 root  20   0 4518596 135072 102960 S   0.3   0.1   0:05.58 winword.exe
   4313 ADMIN  20   0  261.8g  81688  58272 S   0.3   0.1   0:01.12 sddm
   1010 peace      15  -5  175856   9224   6516 S   0.3   0.0   0:01.33 kate
     14 ADMIN       0 -20       0      0      0 I   0.0   0.0   0:00.00 pwsh.exe
  43312 peace      20   0       0      0      0 I   0.3   0.0   0:00.14 powerd
   7552 ADMIN  20   0 1431.6g 411376 114636 S   0.3   0.3   2:04.25 gedit
   4313 scs  20   0  261.8g  81688  58272 S   0.3   0.1   0:01.12 onedrive
     20 scs      rt   0       0      0      0 S   0.0   0.0   0:00.05 virt-manager
    214 scs      20   0       0      0      0 I   1.0   0.0   0:00.79 java
   5739 scs  20   0   32.4g  83448  65772 S   0.3   0.1   0:01.72 minikube.exe
  34563 scs  20   0 4518596 135072 102960 S   0.3   0.1   0:05.58 weston
    214 ADMIN      20   0       0      0      0 I   1.0   0.0   0:00.79 winrs.exe
   567 peace  20   0 1394.2g 429784 145120 S   3.0   0.3   2:53.96 java.exe
     15 ADMIN      20   0       0      0      0 S   0.0   0.0   0:00.00 Narrator.exe
